

*******************************************************************************
Fri Oct 21 12:05:06 2022


FIT:    data read from 'speedup.dat' u 1:2
        format = x:z
        x range restricted to [1.00000 : 4.00000]
        #datapoints = 4
        residuals are weighted equally (unit weight)

function used for fitting: f(x)
	f(x)=1/(q+p/x)
fitted parameters initialized with current variable values

iter      chisq       delta/lim  lambda   q             p            
   0 6.1191543930e+08   0.00e+00  3.80e-01    1.000000e+00   1.000000e+00
   5 6.1151272311e+08  -5.96e-01  3.80e+03   -2.393464e-02   4.908436e-01

After 5 iterations the fit converged.
final sum of squares of residuals : 6.11513e+08
rel. change during last iteration : -5.95527e-06

degrees of freedom    (FIT_NDF)                        : 2
rms of residuals      (FIT_STDFIT) = sqrt(WSSR/ndf)    : 17485.9
variance of residuals (reduced chisquare) = WSSR/ndf   : 3.05756e+08

Final set of parameters            Asymptotic Standard Error
=======================            ==========================
q               = -0.0239346       +/- 712.4        (2.976e+06%)
p               = 0.490844         +/- 2537         (5.168e+05%)

correlation matrix of the fit parameters:
                q      p      
q               1.000 
p              -0.978  1.000 


*******************************************************************************
Fri Oct 21 12:16:49 2022


FIT:    data read from 'speedup.dat' u 1:($2/18821)
        format = x:z
        x range restricted to [1.00000 : 4.00000]
        #datapoints = 4
        residuals are weighted equally (unit weight)

function used for fitting: f(x)
	f(x)=1/(q+p/x)
fitted parameters initialized with current variable values

iter      chisq       delta/lim  lambda   q             p            
   0 1.5590668717e+02   0.00e+00  5.76e+00   -2.393464e-02   4.908436e-01
   9 3.1735298851e-03  -2.88e-02  5.76e-09    2.676052e+00  -1.680038e+00

After 9 iterations the fit converged.
final sum of squares of residuals : 0.00317353
rel. change during last iteration : -2.88005e-07

degrees of freedom    (FIT_NDF)                        : 2
rms of residuals      (FIT_STDFIT) = sqrt(WSSR/ndf)    : 0.0398342
variance of residuals (reduced chisquare) = WSSR/ndf   : 0.00158676

Final set of parameters            Asymptotic Standard Error
=======================            ==========================
q               = 2.67605          +/- 0.157        (5.867%)
p               = -1.68004         +/- 0.1669       (9.937%)

correlation matrix of the fit parameters:
                q      p      
q               1.000 
p              -0.972  1.000 


*******************************************************************************
Fri Oct 21 12:17:13 2022


FIT:    data read from 'speedup.dat' u 1:($2/18821)
        format = x:z
        x range restricted to [1.00000 : 4.00000]
        #datapoints = 4
        residuals are weighted equally (unit weight)

function used for fitting: f(x)
	f(x)=1/(q+p/x)
fitted parameters initialized with current variable values

iter      chisq       delta/lim  lambda   q             p            
   0 3.1735298851e-03   0.00e+00  1.20e+00    2.676052e+00  -1.680038e+00
   1 3.1735298851e-03   0.00e+00  1.20e+04    2.676052e+00  -1.680038e+00

After 1 iterations the fit converged.
final sum of squares of residuals : 0.00317353
rel. change during last iteration : 0

degrees of freedom    (FIT_NDF)                        : 2
rms of residuals      (FIT_STDFIT) = sqrt(WSSR/ndf)    : 0.0398342
variance of residuals (reduced chisquare) = WSSR/ndf   : 0.00158676

Final set of parameters            Asymptotic Standard Error
=======================            ==========================
q               = 2.67605          +/- 0.157        (5.867%)
p               = -1.68004         +/- 0.1669       (9.937%)

correlation matrix of the fit parameters:
                q      p      
q               1.000 
p              -0.972  1.000 


*******************************************************************************
Fri Oct 21 12:18:16 2022


FIT:    data read from 'speedup.dat' u 1:(1-$2/18821)
        format = x:z
        x range restricted to [1.00000 : 4.00000]
        #datapoints = 4
        residuals are weighted equally (unit weight)

function used for fitting: f(x)
	f(x)=1/(q+p/x)
fitted parameters initialized with current variable values

iter      chisq       delta/lim  lambda   q             p            
   0 1.0513577795e+00   0.00e+00  1.20e+00    2.676052e+00  -1.680038e+00
   8 4.0987370357e-02  -4.61e-01  1.20e-08    1.091889e-01   5.896355e+00

After 8 iterations the fit converged.
final sum of squares of residuals : 0.0409874
rel. change during last iteration : -4.61016e-06

degrees of freedom    (FIT_NDF)                        : 2
rms of residuals      (FIT_STDFIT) = sqrt(WSSR/ndf)    : 0.143156
variance of residuals (reduced chisquare) = WSSR/ndf   : 0.0204937

Final set of parameters            Asymptotic Standard Error
=======================            ==========================
q               = 0.109189         +/- 1.197        (1096%)
p               = 5.89636          +/- 4.065        (68.93%)

correlation matrix of the fit parameters:
                q      p      
q               1.000 
p              -0.968  1.000 


*******************************************************************************
Fri Oct 21 12:30:02 2022


FIT:    data read from 'speedup.dat' u 1:(18821/$2)
        format = x:z
        x range restricted to [1.00000 : 4.00000]
        #datapoints = 4
        residuals are weighted equally (unit weight)

function used for fitting: f(x)
	f(x)=1/(q+p/x)
fitted parameters initialized with current variable values

iter      chisq       delta/lim  lambda   q             p            
   0 8.6623589079e+00   0.00e+00  2.92e-01    1.091889e-01   5.896355e+00
   7 9.5197653869e-03  -9.81e-01  2.92e-05    2.229514e-01   7.389869e-01

After 7 iterations the fit converged.
final sum of squares of residuals : 0.00951977
rel. change during last iteration : -9.80513e-06

degrees of freedom    (FIT_NDF)                        : 2
rms of residuals      (FIT_STDFIT) = sqrt(WSSR/ndf)    : 0.0689919
variance of residuals (reduced chisquare) = WSSR/ndf   : 0.00475988

Final set of parameters            Asymptotic Standard Error
=======================            ==========================
q               = 0.222951         +/- 0.02384      (10.69%)
p               = 0.738987         +/- 0.06962      (9.421%)

correlation matrix of the fit parameters:
                q      p      
q               1.000 
p              -0.934  1.000 


*******************************************************************************
Fri Oct 21 12:58:48 2022


FIT:    data read from 'speedup.dat' u 1:(18821/$2)
        format = x:z
        x range restricted to [1.00000 : 4.00000]
        #datapoints = 4
        residuals are weighted equally (unit weight)

function used for fitting: f(x)
	f(x)=1/(q+p/x)
fitted parameters initialized with current variable values

iter      chisq       delta/lim  lambda   q             p            
   0 5.9855359250e+00   0.00e+00  3.80e-01    1.000000e+00   1.000000e+00
   8 9.5197651733e-03  -1.44e-04  3.80e-05    2.229562e-01   7.389732e-01

After 8 iterations the fit converged.
final sum of squares of residuals : 0.00951977
rel. change during last iteration : -1.4428e-09

degrees of freedom    (FIT_NDF)                        : 2
rms of residuals      (FIT_STDFIT) = sqrt(WSSR/ndf)    : 0.0689919
variance of residuals (reduced chisquare) = WSSR/ndf   : 0.00475988

Final set of parameters            Asymptotic Standard Error
=======================            ==========================
q               = 0.222956         +/- 0.02384      (10.69%)
p               = 0.738973         +/- 0.06962      (9.421%)

correlation matrix of the fit parameters:
                q      p      
q               1.000 
p              -0.934  1.000 


*******************************************************************************
Fri Oct 21 12:59:35 2022


FIT:    data read from 'speedup.dat' u 1:(18821/$2)
        format = x:z
        x range restricted to [1.00000 : 4.00000]
        #datapoints = 4
        residuals are weighted equally (unit weight)

function used for fitting: f(x)
	f(x)=1/(q+p/x)
fitted parameters initialized with current variable values

iter      chisq       delta/lim  lambda   q             p            
   0 5.9855359250e+00   0.00e+00  3.80e-01    1.000000e+00   1.000000e+00
   8 9.5197651733e-03  -1.44e-04  3.80e-05    2.229562e-01   7.389732e-01

After 8 iterations the fit converged.
final sum of squares of residuals : 0.00951977
rel. change during last iteration : -1.4428e-09

degrees of freedom    (FIT_NDF)                        : 2
rms of residuals      (FIT_STDFIT) = sqrt(WSSR/ndf)    : 0.0689919
variance of residuals (reduced chisquare) = WSSR/ndf   : 0.00475988

Final set of parameters            Asymptotic Standard Error
=======================            ==========================
q               = 0.222956         +/- 0.02384      (10.69%)
p               = 0.738973         +/- 0.06962      (9.421%)

correlation matrix of the fit parameters:
                q      p      
q               1.000 
p              -0.934  1.000 


*******************************************************************************
Fri Oct 21 13:00:11 2022


FIT:    data read from 'speedup.dat' u 1:(18821/$2)
        format = x:z
        x range restricted to [1.00000 : 4.00000]
        #datapoints = 4
        residuals are weighted equally (unit weight)

function used for fitting: f(x)
	f(x)=1/(q+p/x)
fitted parameters initialized with current variable values

iter      chisq       delta/lim  lambda   q             p            
   0 5.9855359250e+00   0.00e+00  3.80e-01    1.000000e+00   1.000000e+00
   8 9.5197651733e-03  -1.44e-04  3.80e-05    2.229562e-01   7.389732e-01

After 8 iterations the fit converged.
final sum of squares of residuals : 0.00951977
rel. change during last iteration : -1.4428e-09

degrees of freedom    (FIT_NDF)                        : 2
rms of residuals      (FIT_STDFIT) = sqrt(WSSR/ndf)    : 0.0689919
variance of residuals (reduced chisquare) = WSSR/ndf   : 0.00475988

Final set of parameters            Asymptotic Standard Error
=======================            ==========================
q               = 0.222956         +/- 0.02384      (10.69%)
p               = 0.738973         +/- 0.06962      (9.421%)

correlation matrix of the fit parameters:
                q      p      
q               1.000 
p              -0.934  1.000 


*******************************************************************************
Fri Oct 21 13:00:49 2022


FIT:    data read from 'speedup.dat' u 1:(18821/$2)
        format = x:z
        x range restricted to [1.00000 : 4.00000]
        #datapoints = 4
        residuals are weighted equally (unit weight)

function used for fitting: f(x)
	f(x)=1/(q+p/x)
fitted parameters initialized with current variable values

iter      chisq       delta/lim  lambda   q             p            
   0 5.9855359250e+00   0.00e+00  3.80e-01    1.000000e+00   1.000000e+00
   8 9.5197651733e-03  -1.44e-04  3.80e-05    2.229562e-01   7.389732e-01

After 8 iterations the fit converged.
final sum of squares of residuals : 0.00951977
rel. change during last iteration : -1.4428e-09

degrees of freedom    (FIT_NDF)                        : 2
rms of residuals      (FIT_STDFIT) = sqrt(WSSR/ndf)    : 0.0689919
variance of residuals (reduced chisquare) = WSSR/ndf   : 0.00475988

Final set of parameters            Asymptotic Standard Error
=======================            ==========================
q               = 0.222956         +/- 0.02384      (10.69%)
p               = 0.738973         +/- 0.06962      (9.421%)

correlation matrix of the fit parameters:
                q      p      
q               1.000 
p              -0.934  1.000 


*******************************************************************************
Fri Oct 21 13:01:17 2022


FIT:    data read from 'speedup.dat' u 1:(18821/$2)
        format = x:z
        x range restricted to [1.00000 : 4.00000]
        #datapoints = 4
        residuals are weighted equally (unit weight)

function used for fitting: f(x)
	f(x)=1/(q+p/x)
fitted parameters initialized with current variable values

iter      chisq       delta/lim  lambda   q             p            
   0 5.9855359250e+00   0.00e+00  3.80e-01    1.000000e+00   1.000000e+00
   8 9.5197651733e-03  -1.44e-04  3.80e-05    2.229562e-01   7.389732e-01

After 8 iterations the fit converged.
final sum of squares of residuals : 0.00951977
rel. change during last iteration : -1.4428e-09

degrees of freedom    (FIT_NDF)                        : 2
rms of residuals      (FIT_STDFIT) = sqrt(WSSR/ndf)    : 0.0689919
variance of residuals (reduced chisquare) = WSSR/ndf   : 0.00475988

Final set of parameters            Asymptotic Standard Error
=======================            ==========================
q               = 0.222956         +/- 0.02384      (10.69%)
p               = 0.738973         +/- 0.06962      (9.421%)

correlation matrix of the fit parameters:
                q      p      
q               1.000 
p              -0.934  1.000 


*******************************************************************************
Fri Oct 21 13:03:48 2022


FIT:    data read from 'speedup.dat' u 1:(18821/$2)
        format = x:z
        x range restricted to [1.00000 : 4.00000]
        #datapoints = 4
        residuals are weighted equally (unit weight)

function used for fitting: f(x)
	f(x)=1/(q+p/x)
fitted parameters initialized with current variable values

iter      chisq       delta/lim  lambda   q             p            
   0 5.9855359250e+00   0.00e+00  3.80e-01    1.000000e+00   1.000000e+00
   8 9.5197651733e-03  -1.44e-04  3.80e-05    2.229562e-01   7.389732e-01

After 8 iterations the fit converged.
final sum of squares of residuals : 0.00951977
rel. change during last iteration : -1.4428e-09

degrees of freedom    (FIT_NDF)                        : 2
rms of residuals      (FIT_STDFIT) = sqrt(WSSR/ndf)    : 0.0689919
variance of residuals (reduced chisquare) = WSSR/ndf   : 0.00475988

Final set of parameters            Asymptotic Standard Error
=======================            ==========================
q               = 0.222956         +/- 0.02384      (10.69%)
p               = 0.738973         +/- 0.06962      (9.421%)

correlation matrix of the fit parameters:
                q      p      
q               1.000 
p              -0.934  1.000 


*******************************************************************************
Fri Oct 21 14:57:20 2022


FIT:    data read from 'speedup.dat' u 1:(18821/$2)
        format = x:z
        x range restricted to [1.00000 : 4.00000]
        #datapoints = 4
        residuals are weighted equally (unit weight)

function used for fitting: f(x)
	f(x)=1/(q+p/x)
fitted parameters initialized with current variable values

iter      chisq       delta/lim  lambda   q             p            
   0 5.9855359250e+00   0.00e+00  3.80e-01    1.000000e+00   1.000000e+00
   8 9.5197651733e-03  -1.44e-04  3.80e-05    2.229562e-01   7.389732e-01

After 8 iterations the fit converged.
final sum of squares of residuals : 0.00951977
rel. change during last iteration : -1.4428e-09

degrees of freedom    (FIT_NDF)                        : 2
rms of residuals      (FIT_STDFIT) = sqrt(WSSR/ndf)    : 0.0689919
variance of residuals (reduced chisquare) = WSSR/ndf   : 0.00475988

Final set of parameters            Asymptotic Standard Error
=======================            ==========================
q               = 0.222956         +/- 0.02384      (10.69%)
p               = 0.738973         +/- 0.06962      (9.421%)

correlation matrix of the fit parameters:
                q      p      
q               1.000 
p              -0.934  1.000 


*******************************************************************************
Fri Oct 21 15:00:38 2022


FIT:    data read from 'speedup.dat' u 1:(18821/$2)
        format = x:z
        x range restricted to [1.00000 : 4.00000]
        #datapoints = 4
        residuals are weighted equally (unit weight)

function used for fitting: f(x)
	f(x)=1/(q+p/x)
fitted parameters initialized with current variable values

iter      chisq       delta/lim  lambda   q             p            
   0 5.9855359250e+00   0.00e+00  3.80e-01    1.000000e+00   1.000000e+00
   8 9.5197651733e-03  -1.44e-04  3.80e-05    2.229562e-01   7.389732e-01

After 8 iterations the fit converged.
final sum of squares of residuals : 0.00951977
rel. change during last iteration : -1.4428e-09

degrees of freedom    (FIT_NDF)                        : 2
rms of residuals      (FIT_STDFIT) = sqrt(WSSR/ndf)    : 0.0689919
variance of residuals (reduced chisquare) = WSSR/ndf   : 0.00475988

Final set of parameters            Asymptotic Standard Error
=======================            ==========================
q               = 0.222956         +/- 0.02384      (10.69%)
p               = 0.738973         +/- 0.06962      (9.421%)

correlation matrix of the fit parameters:
                q      p      
q               1.000 
p              -0.934  1.000 


*******************************************************************************
Fri Nov 18 18:41:16 2022


FIT:    data read from 'speedup.dat' u 1:(18821/$2)
        format = x:z
        x range restricted to [1.00000 : 4.00000]
        #datapoints = 4
        residuals are weighted equally (unit weight)

function used for fitting: f(x)
	f(x)=1/(q+p/x)
fitted parameters initialized with current variable values

iter      chisq       delta/lim  lambda   q             p            
   0 5.9855359250e+00   0.00e+00  3.80e-01    1.000000e+00   1.000000e+00
   8 9.5197651733e-03  -1.44e-04  3.80e-05    2.229562e-01   7.389732e-01

After 8 iterations the fit converged.
final sum of squares of residuals : 0.00951977
rel. change during last iteration : -1.4428e-09

degrees of freedom    (FIT_NDF)                        : 2
rms of residuals      (FIT_STDFIT) = sqrt(WSSR/ndf)    : 0.0689919
variance of residuals (reduced chisquare) = WSSR/ndf   : 0.00475988

Final set of parameters            Asymptotic Standard Error
=======================            ==========================
q               = 0.222956         +/- 0.02384      (10.69%)
p               = 0.738973         +/- 0.06962      (9.421%)

correlation matrix of the fit parameters:
                q      p      
q               1.000 
p              -0.934  1.000 
