
--------------------------------------------------------------------------------
****** Source code version ******

Program Version :     8
Release         :     5
Revision        :    14

Heidelberg SVN repository no.: 1312
Checkin date: Wed, 23 Jun 2021, 13:43:30
Compiled: Wed, 04 Aug 2021, 11:21:15 ; Host: mendez-famaf
Program name: showd1d85
--------------------------------------------------------------------------------

  *** Memory allocated dynamically ***
 complex*16 :          10
 real*8     :      758015
 integer    :           4
 logical    :           2
 complex*8  :           2
 real*4     :        1004
 Total   :        6068544. Bytes ,       5.79 MB
--------------------------------------------------------------------------------

gridpop : /home/mendez/github_repositories/my_repositories/mctdh_cp2021/double_quantum_dot_model/qdot_02/energies_vs_lambda/study_of_performance_03/pc_famaf_martin/result_double_qd_model_02_lambda1.00/gridpop
dvr     : /home/mendez/github_repositories/my_repositories/mctdh_cp2021/double_quantum_dot_model/qdot_02/energies_vs_lambda/study_of_performance_03/pc_famaf_martin/result_double_qd_model_02_lambda1.00/dvr
output  : /home/mendez/github_repositories/my_repositories/mctdh_cp2021/double_quantum_dot_model/qdot_02/energies_vs_lambda/study_of_performance_03/pc_famaf_martin/result_double_qd_model_02_lambda1.00/den1d_f1
--------------------------------------------------------------------------------

