================================================
            BUG-WARNING  
    Consistency of mr-array fails :
      1  overwritten !! 
    value    :   0.08028606652266788
    check    :   3.45990253977358364
    pointer  :   2911917
================================================

free(): invalid size

Program received signal SIGABRT: Process abort signal.

Backtrace for this error:
#0  0x7fac8883da9f in ???
	at ./signal/../sysdeps/unix/sysv/linux/x86_64/libc_sigaction.c:0
#1  0x7fac8888957c in __pthread_kill_implementation
	at ./nptl/pthread_kill.c:44
#2  0x7fac8883da01 in __GI_raise
	at ../sysdeps/posix/raise.c:26
#3  0x7fac88828468 in __GI_abort
	at ./stdlib/abort.c:79
#4  0x7fac8887d887 in __libc_message
	at ../sysdeps/posix/libc_fatal.c:155
#5  0x7fac88893229 in malloc_printerr
	at ./malloc/malloc.c:5659
#6  0x7fac88894d7b in _int_free
	at ./malloc/malloc.c:4438
#7  0x7fac888978de in __GI___libc_free
	at ./malloc/malloc.c:3386
#8  0x55c4672a8927 in ???
#9  0x55c4672386ce in ???
#10  0x55c467234982 in ???
#11  0x7fac88829209 in __libc_start_call_main
	at ../sysdeps/nptl/libc_start_call_main.h:58
#12  0x7fac888292bb in __libc_start_main_impl
	at ../csu/libc-start.c:389
#13  0x55c4672349cc in ???
mctdh86: Aborted
================================================
            BUG-WARNING  
    Consistency of mr-array fails :
      1  overwritten !! 
    value    :   0.03209092571234994
    check    :   3.45990253977358364
    pointer  :   2911917
================================================


Program received signal SIGSEGV: Segmentation fault - invalid memory reference.

Backtrace for this error:
#0  0x7fcc0183da9f in ???
	at ./signal/../sysdeps/unix/sysv/linux/x86_64/libc_sigaction.c:0
#1  0x7fcc01894fd7 in _int_free
	at ./malloc/malloc.c:4571
#2  0x7fcc018978de in __GI___libc_free
	at ./malloc/malloc.c:3386
#3  0x559d86f35927 in ???
#4  0x559d86ec56ce in ???
#5  0x559d86ec1982 in ???
#6  0x7fcc01829209 in __libc_start_call_main
	at ../sysdeps/nptl/libc_start_call_main.h:58
#7  0x7fcc018292bb in __libc_start_main_impl
	at ../csu/libc-start.c:389
#8  0x559d86ec19cc in ???
mctdh86: Segmentation fault

 Performance counter stats for 'mctdh86 -w -p V_L 0.9,au -p lambda 0.2 input_file_Lambda02_NumCores19.inp' (2 runs):

    10632813118872      cycles                                                        ( +-  0.42% )
    24741101759128      instructions              #    2.32  insn per cycle           ( +-  0.02% )
      191793202237      cache-references                                              ( +-  0.44% )
       31361730740      cache-misses              #   16.280 % of all cache refs      ( +-  0.07% )

           1679.08 +- 42.85 seconds time elapsed  ( +-  2.55% )

