
******* Array-Dimensions *******

 k   :  minkoe, maxkoe    1518   16000
 h   :  htmdim, maxhtm    2028   16000
 hl  :  hopdim, maxhop    1012   16000
 nh  :  minfac, maxfac      12     800
 n   :    ndef, maxdef       3     640
 n   :    npar, maxpar      12    3200
 n   :    nrdf, maxrdf       1      96
 np  : npesopt, maxpes       1     800
 nham:  hamdim, maxham       2      64
 muld: mulddim,maxmuld       4      64
 LMR :    iLMR, maxLMR       0     120

***** Operator details *****

ndof   =   3 ,  nmode   =   3
nopdof =   4 ,  nopmode =   4
feb =  0,  meb =  0,   fpb =  0,  mpb =  0,  mkoe =  4
leb = F,  lmult = F,  lmulpack = F,  lcap = F

DOF no.    label
    1       X1
    2       X2
    3       X3
- - - - - - - - - - - - - - -
    4       Koeff

Mode     DOFs
   1    1=      X1
   2    2=      X2
   3    3=      X3
- - - - - - - - - - - - - - -
   4    4=   Koeff

Number of Hamiltonians defined:     2
    1     system                usediag
    2     heff                  usediag

   Info on muld
  1  mulddof :
   1   2   3
  1  mulddof2:
   1   2   3
  2  mulddof :
   1   2
  2  mulddof2:
   1   2
  3  mulddof :
   1   3
  3  mulddof2:
   1   3
  4  mulddof :
   2   3
  4  mulddof2:
   2   3

Information for Hamiltonian : System                                            

Total no. of terms      :   1506
No. of correlated terms :   1503

No. of uncorrelated terms for mode   1:     1
No. of uncorrelated terms for mode   2:     1
No. of uncorrelated terms for mode   3:     1

Information for Hamiltonian : heff                                              

Total no. of terms      :      1
No. of correlated terms :      0

No. of uncorrelated terms for mode   1:     1
No. of uncorrelated terms for mode   2:     0
No. of uncorrelated terms for mode   3:     0

  Parameters
PI                      3.141592653590
V_L                     0.900000000000
lambda                  0.300000000000
mass_X1                 1.000000000000
mass_X2                 1.000000000000
mass_X3                 1.000000000000
b_L                     0.220000000000
b_R                     1.000000000000
V_R                     0.600000000000
w                       1.000000000000
l                       1.000000000000
R                       9.000000000000

Number of operators removed =     0,  cutoff = 1.00E-09

Default natpotcut = .10000E-08 au  is used.
 natpot no. | cutted terms |  reduce-pf
     1      |          0   | 0.00000 0.00000 0.00000

  Operator Labels    [hl,hoplab,(deflabel),hopilab,hopfile]
    hl  Label                         function no.  file no.
     1  1                                       1       302
     2  -1                                      2       302
     3  I                                       1       101
     4  KEdvr                                   5         3
     5  V_L                                     2       301
     6  gauss[1]             Veff_L            12       302
     7  V_R                                     9       301
     8  gauss[2]             Veff_R            12       302
     9  lambda                                  3       301
    10  natpot  1            Vee                0      -999
    11  npot1,1                                 1         1
   ...  ......  Set "print-npot" to see all   ...       ...
  1012  npot1002,1                           1002         1

Hamiltonian Operator Terms [h,htmdof,htmadof,htmndof,htmmode,htmmuld,htmtype,
                            htmsym,htmshift,string]
   No.   f  af  nf   m  md Typ Sym   Shift      Term
     1   1   1   0   0   0   1   1       0    1
     2   2   2   0   0   0   1   1       0    1
     3   3   3   0   0   0   1   1       0    1
     4   K           0   0   1   1            1
    16   K           0   0   2   1            lambda
    20   1   1   0   0   0   2   1       0    npot1,1
   ...  ......  Set "print-npot" to see all  ......
  1021   2   2   0   0   0   2   1       0    npot1002,1*lambda
   ...  ......  Set "print-npot" to see all  ......
  1522   3   3   0   0   0   2   1       0    npot1002,1
  1523   2   2   0   0   0   2   1       0    npot1,1*lambda
  2024   1   1   0   0   0   8   1       0    KEdvr + gauss[1]*-1*V_L + gauss[2]*-1*V_R
  2025   2   2   0   0   0   8   1       0    KEdvr + gauss[1]*-1*V_L + gauss[2]*-1*V_R
  2026   3   3   0   0   0   8   1       0    KEdvr + gauss[1]*-1*V_L + gauss[2]*-1*V_R

Arguments for operators
  No.    Arguments
    1   0.22000000       -4.5000000        0.0000000        0.0000000    
    2    1.0000000        4.5000000        0.0000000        0.0000000    

Files containing operators
  No.        Name
    1     /home/mendez/github_repositories/my_repositories/mctdh_cp2021/double_q

********* System Hamiltonian ***********                                        

Correlated Terms  (ki,kf: initial and final el. state. h=hamilton(f,k))
            dof order =     X1 |    X2 |    X3 |
     k  ki  kf coeff   No.s
     1   1   1    4         20      21       3
     2   1   1    4         22      23       3
     3   1   1    4         24      25       3
     4   1   1    4         26      27       3
     5   1   1    4         28      29       3
     6   1   1    4         30      31       3
     7   1   1    4         32      33       3
     8   1   1    4         34      35       3
     9   1   1    4         36      37       3
    10   1   1    4         38      39       3
    11   1   1    4         40      41       3
    12   1   1    4         42      43       3
    13   1   1    4         44      45       3
    14   1   1    4         46      47       3
    15   1   1    4         48      49       3
    16   1   1    4         50      51       3
    17   1   1    4         52      53       3
    18   1   1    4         54      55       3
    19   1   1    4         56      57       3
    20   1   1    4         58      59       3
    21   1   1    4         60      61       3
    22   1   1    4         62      63       3
    23   1   1    4         64      65       3
    24   1   1    4         66      67       3
    25   1   1    4         68      69       3
    26   1   1    4         70      71       3
    27   1   1    4         72      73       3
    28   1   1    4         74      75       3
    29   1   1    4         76      77       3
    30   1   1    4         78      79       3
    31   1   1    4         80      81       3
    32   1   1    4         82      83       3
    33   1   1    4         84      85       3
    34   1   1    4         86      87       3
    35   1   1    4         88      89       3
    36   1   1    4         90      91       3
    37   1   1    4         92      93       3
    38   1   1    4         94      95       3
    39   1   1    4         96      97       3
    40   1   1    4         98      99       3
    41   1   1    4        100     101       3
    42   1   1    4        102     103       3
    43   1   1    4        104     105       3
    44   1   1    4        106     107       3
    45   1   1    4        108     109       3
    46   1   1    4        110     111       3
    47   1   1    4        112     113       3
    48   1   1    4        114     115       3
    49   1   1    4        116     117       3
    50   1   1    4        118     119       3
    51   1   1    4        120     121       3
    52   1   1    4        122     123       3
    53   1   1    4        124     125       3
    54   1   1    4        126     127       3
    55   1   1    4        128     129       3
    56   1   1    4        130     131       3
    57   1   1    4        132     133       3
    58   1   1    4        134     135       3
    59   1   1    4        136     137       3
    60   1   1    4        138     139       3
    61   1   1    4        140     141       3
    62   1   1    4        142     143       3
    63   1   1    4        144     145       3
    64   1   1    4        146     147       3
    65   1   1    4        148     149       3
    66   1   1    4        150     151       3
    67   1   1    4        152     153       3
    68   1   1    4        154     155       3
    69   1   1    4        156     157       3
    70   1   1    4        158     159       3
    71   1   1    4        160     161       3
    72   1   1    4        162     163       3
    73   1   1    4        164     165       3
    74   1   1    4        166     167       3
    75   1   1    4        168     169       3
    76   1   1    4        170     171       3
    77   1   1    4        172     173       3
    78   1   1    4        174     175       3
    79   1   1    4        176     177       3
    80   1   1    4        178     179       3
    81   1   1    4        180     181       3
    82   1   1    4        182     183       3
    83   1   1    4        184     185       3
    84   1   1    4        186     187       3
    85   1   1    4        188     189       3
    86   1   1    4        190     191       3
    87   1   1    4        192     193       3
    88   1   1    4        194     195       3
    89   1   1    4        196     197       3
    90   1   1    4        198     199       3
    91   1   1    4        200     201       3
    92   1   1    4        202     203       3
    93   1   1    4        204     205       3
    94   1   1    4        206     207       3
    95   1   1    4        208     209       3
    96   1   1    4        210     211       3
    97   1   1    4        212     213       3
    98   1   1    4        214     215       3
    99   1   1    4        216     217       3
   100   1   1    4        218     219       3
   101   1   1    4        220     221       3
   102   1   1    4        222     223       3
   103   1   1    4        224     225       3
   104   1   1    4        226     227       3
   105   1   1    4        228     229       3
   106   1   1    4        230     231       3
   107   1   1    4        232     233       3
   108   1   1    4        234     235       3
   109   1   1    4        236     237       3
   110   1   1    4        238     239       3
   111   1   1    4        240     241       3
   112   1   1    4        242     243       3
   113   1   1    4        244     245       3
   114   1   1    4        246     247       3
   115   1   1    4        248     249       3
   116   1   1    4        250     251       3
   117   1   1    4        252     253       3
   118   1   1    4        254     255       3
   119   1   1    4        256     257       3
   120   1   1    4        258     259       3
   121   1   1    4        260     261       3
   122   1   1    4        262     263       3
   123   1   1    4        264     265       3
   124   1   1    4        266     267       3
   125   1   1    4        268     269       3
   126   1   1    4        270     271       3
   127   1   1    4        272     273       3
   128   1   1    4        274     275       3
   129   1   1    4        276     277       3
   130   1   1    4        278     279       3
   131   1   1    4        280     281       3
   132   1   1    4        282     283       3
   133   1   1    4        284     285       3
   134   1   1    4        286     287       3
   135   1   1    4        288     289       3
   136   1   1    4        290     291       3
   137   1   1    4        292     293       3
   138   1   1    4        294     295       3
   139   1   1    4        296     297       3
   140   1   1    4        298     299       3
   141   1   1    4        300     301       3
   142   1   1    4        302     303       3
   143   1   1    4        304     305       3
   144   1   1    4        306     307       3
   145   1   1    4        308     309       3
   146   1   1    4        310     311       3
   147   1   1    4        312     313       3
   148   1   1    4        314     315       3
   149   1   1    4        316     317       3
   150   1   1    4        318     319       3
   151   1   1    4        320     321       3
   152   1   1    4        322     323       3
   153   1   1    4        324     325       3
   154   1   1    4        326     327       3
   155   1   1    4        328     329       3
   156   1   1    4        330     331       3
   157   1   1    4        332     333       3
   158   1   1    4        334     335       3
   159   1   1    4        336     337       3
   160   1   1    4        338     339       3
   161   1   1    4        340     341       3
   162   1   1    4        342     343       3
   163   1   1    4        344     345       3
   164   1   1    4        346     347       3
   165   1   1    4        348     349       3
   166   1   1    4        350     351       3
   167   1   1    4        352     353       3
   168   1   1    4        354     355       3
   169   1   1    4        356     357       3
   170   1   1    4        358     359       3
   171   1   1    4        360     361       3
   172   1   1    4        362     363       3
   173   1   1    4        364     365       3
   174   1   1    4        366     367       3
   175   1   1    4        368     369       3
   176   1   1    4        370     371       3
   177   1   1    4        372     373       3
   178   1   1    4        374     375       3
   179   1   1    4        376     377       3
   180   1   1    4        378     379       3
   181   1   1    4        380     381       3
   182   1   1    4        382     383       3
   183   1   1    4        384     385       3
   184   1   1    4        386     387       3
   185   1   1    4        388     389       3
   186   1   1    4        390     391       3
   187   1   1    4        392     393       3
   188   1   1    4        394     395       3
   189   1   1    4        396     397       3
   190   1   1    4        398     399       3
   191   1   1    4        400     401       3
   192   1   1    4        402     403       3
   193   1   1    4        404     405       3
   194   1   1    4        406     407       3
   195   1   1    4        408     409       3
   196   1   1    4        410     411       3
   197   1   1    4        412     413       3
   198   1   1    4        414     415       3
   199   1   1    4        416     417       3
   200   1   1    4        418     419       3
   201   1   1    4        420     421       3
   202   1   1    4        422     423       3
   203   1   1    4        424     425       3
   204   1   1    4        426     427       3
   205   1   1    4        428     429       3
   206   1   1    4        430     431       3
   207   1   1    4        432     433       3
   208   1   1    4        434     435       3
   209   1   1    4        436     437       3
   210   1   1    4        438     439       3
   211   1   1    4        440     441       3
   212   1   1    4        442     443       3
   213   1   1    4        444     445       3
   214   1   1    4        446     447       3
   215   1   1    4        448     449       3
   216   1   1    4        450     451       3
   217   1   1    4        452     453       3
   218   1   1    4        454     455       3
   219   1   1    4        456     457       3
   220   1   1    4        458     459       3
   221   1   1    4        460     461       3
   222   1   1    4        462     463       3
   223   1   1    4        464     465       3
   224   1   1    4        466     467       3
   225   1   1    4        468     469       3
   226   1   1    4        470     471       3
   227   1   1    4        472     473       3
   228   1   1    4        474     475       3
   229   1   1    4        476     477       3
   230   1   1    4        478     479       3
   231   1   1    4        480     481       3
   232   1   1    4        482     483       3
   233   1   1    4        484     485       3
   234   1   1    4        486     487       3
   235   1   1    4        488     489       3
   236   1   1    4        490     491       3
   237   1   1    4        492     493       3
   238   1   1    4        494     495       3
   239   1   1    4        496     497       3
   240   1   1    4        498     499       3
   241   1   1    4        500     501       3
   242   1   1    4        502     503       3
   243   1   1    4        504     505       3
   244   1   1    4        506     507       3
   245   1   1    4        508     509       3
   246   1   1    4        510     511       3
   247   1   1    4        512     513       3
   248   1   1    4        514     515       3
   249   1   1    4        516     517       3
   250   1   1    4        518     519       3
   251   1   1    4        520     521       3
   252   1   1    4        522     523       3
   253   1   1    4        524     525       3
   254   1   1    4        526     527       3
   255   1   1    4        528     529       3
   256   1   1    4        530     531       3
   257   1   1    4        532     533       3
   258   1   1    4        534     535       3
   259   1   1    4        536     537       3
   260   1   1    4        538     539       3
   261   1   1    4        540     541       3
   262   1   1    4        542     543       3
   263   1   1    4        544     545       3
   264   1   1    4        546     547       3
   265   1   1    4        548     549       3
   266   1   1    4        550     551       3
   267   1   1    4        552     553       3
   268   1   1    4        554     555       3
   269   1   1    4        556     557       3
   270   1   1    4        558     559       3
   271   1   1    4        560     561       3
   272   1   1    4        562     563       3
   273   1   1    4        564     565       3
   274   1   1    4        566     567       3
   275   1   1    4        568     569       3
   276   1   1    4        570     571       3
   277   1   1    4        572     573       3
   278   1   1    4        574     575       3
   279   1   1    4        576     577       3
   280   1   1    4        578     579       3
   281   1   1    4        580     581       3
   282   1   1    4        582     583       3
   283   1   1    4        584     585       3
   284   1   1    4        586     587       3
   285   1   1    4        588     589       3
   286   1   1    4        590     591       3
   287   1   1    4        592     593       3
   288   1   1    4        594     595       3
   289   1   1    4        596     597       3
   290   1   1    4        598     599       3
   291   1   1    4        600     601       3
   292   1   1    4        602     603       3
   293   1   1    4        604     605       3
   294   1   1    4        606     607       3
   295   1   1    4        608     609       3
   296   1   1    4        610     611       3
   297   1   1    4        612     613       3
   298   1   1    4        614     615       3
   299   1   1    4        616     617       3
   300   1   1    4        618     619       3
   301   1   1    4        620     621       3
   302   1   1    4        622     623       3
   303   1   1    4        624     625       3
   304   1   1    4        626     627       3
   305   1   1    4        628     629       3
   306   1   1    4        630     631       3
   307   1   1    4        632     633       3
   308   1   1    4        634     635       3
   309   1   1    4        636     637       3
   310   1   1    4        638     639       3
   311   1   1    4        640     641       3
   312   1   1    4        642     643       3
   313   1   1    4        644     645       3
   314   1   1    4        646     647       3
   315   1   1    4        648     649       3
   316   1   1    4        650     651       3
   317   1   1    4        652     653       3
   318   1   1    4        654     655       3
   319   1   1    4        656     657       3
   320   1   1    4        658     659       3
   321   1   1    4        660     661       3
   322   1   1    4        662     663       3
   323   1   1    4        664     665       3
   324   1   1    4        666     667       3
   325   1   1    4        668     669       3
   326   1   1    4        670     671       3
   327   1   1    4        672     673       3
   328   1   1    4        674     675       3
   329   1   1    4        676     677       3
   330   1   1    4        678     679       3
   331   1   1    4        680     681       3
   332   1   1    4        682     683       3
   333   1   1    4        684     685       3
   334   1   1    4        686     687       3
   335   1   1    4        688     689       3
   336   1   1    4        690     691       3
   337   1   1    4        692     693       3
   338   1   1    4        694     695       3
   339   1   1    4        696     697       3
   340   1   1    4        698     699       3
   341   1   1    4        700     701       3
   342   1   1    4        702     703       3
   343   1   1    4        704     705       3
   344   1   1    4        706     707       3
   345   1   1    4        708     709       3
   346   1   1    4        710     711       3
   347   1   1    4        712     713       3
   348   1   1    4        714     715       3
   349   1   1    4        716     717       3
   350   1   1    4        718     719       3
   351   1   1    4        720     721       3
   352   1   1    4        722     723       3
   353   1   1    4        724     725       3
   354   1   1    4        726     727       3
   355   1   1    4        728     729       3
   356   1   1    4        730     731       3
   357   1   1    4        732     733       3
   358   1   1    4        734     735       3
   359   1   1    4        736     737       3
   360   1   1    4        738     739       3
   361   1   1    4        740     741       3
   362   1   1    4        742     743       3
   363   1   1    4        744     745       3
   364   1   1    4        746     747       3
   365   1   1    4        748     749       3
   366   1   1    4        750     751       3
   367   1   1    4        752     753       3
   368   1   1    4        754     755       3
   369   1   1    4        756     757       3
   370   1   1    4        758     759       3
   371   1   1    4        760     761       3
   372   1   1    4        762     763       3
   373   1   1    4        764     765       3
   374   1   1    4        766     767       3
   375   1   1    4        768     769       3
   376   1   1    4        770     771       3
   377   1   1    4        772     773       3
   378   1   1    4        774     775       3
   379   1   1    4        776     777       3
   380   1   1    4        778     779       3
   381   1   1    4        780     781       3
   382   1   1    4        782     783       3
   383   1   1    4        784     785       3
   384   1   1    4        786     787       3
   385   1   1    4        788     789       3
   386   1   1    4        790     791       3
   387   1   1    4        792     793       3
   388   1   1    4        794     795       3
   389   1   1    4        796     797       3
   390   1   1    4        798     799       3
   391   1   1    4        800     801       3
   392   1   1    4        802     803       3
   393   1   1    4        804     805       3
   394   1   1    4        806     807       3
   395   1   1    4        808     809       3
   396   1   1    4        810     811       3
   397   1   1    4        812     813       3
   398   1   1    4        814     815       3
   399   1   1    4        816     817       3
   400   1   1    4        818     819       3
   401   1   1    4        820     821       3
   402   1   1    4        822     823       3
   403   1   1    4        824     825       3
   404   1   1    4        826     827       3
   405   1   1    4        828     829       3
   406   1   1    4        830     831       3
   407   1   1    4        832     833       3
   408   1   1    4        834     835       3
   409   1   1    4        836     837       3
   410   1   1    4        838     839       3
   411   1   1    4        840     841       3
   412   1   1    4        842     843       3
   413   1   1    4        844     845       3
   414   1   1    4        846     847       3
   415   1   1    4        848     849       3
   416   1   1    4        850     851       3
   417   1   1    4        852     853       3
   418   1   1    4        854     855       3
   419   1   1    4        856     857       3
   420   1   1    4        858     859       3
   421   1   1    4        860     861       3
   422   1   1    4        862     863       3
   423   1   1    4        864     865       3
   424   1   1    4        866     867       3
   425   1   1    4        868     869       3
   426   1   1    4        870     871       3
   427   1   1    4        872     873       3
   428   1   1    4        874     875       3
   429   1   1    4        876     877       3
   430   1   1    4        878     879       3
   431   1   1    4        880     881       3
   432   1   1    4        882     883       3
   433   1   1    4        884     885       3
   434   1   1    4        886     887       3
   435   1   1    4        888     889       3
   436   1   1    4        890     891       3
   437   1   1    4        892     893       3
   438   1   1    4        894     895       3
   439   1   1    4        896     897       3
   440   1   1    4        898     899       3
   441   1   1    4        900     901       3
   442   1   1    4        902     903       3
   443   1   1    4        904     905       3
   444   1   1    4        906     907       3
   445   1   1    4        908     909       3
   446   1   1    4        910     911       3
   447   1   1    4        912     913       3
   448   1   1    4        914     915       3
   449   1   1    4        916     917       3
   450   1   1    4        918     919       3
   451   1   1    4        920     921       3
   452   1   1    4        922     923       3
   453   1   1    4        924     925       3
   454   1   1    4        926     927       3
   455   1   1    4        928     929       3
   456   1   1    4        930     931       3
   457   1   1    4        932     933       3
   458   1   1    4        934     935       3
   459   1   1    4        936     937       3
   460   1   1    4        938     939       3
   461   1   1    4        940     941       3
   462   1   1    4        942     943       3
   463   1   1    4        944     945       3
   464   1   1    4        946     947       3
   465   1   1    4        948     949       3
   466   1   1    4        950     951       3
   467   1   1    4        952     953       3
   468   1   1    4        954     955       3
   469   1   1    4        956     957       3
   470   1   1    4        958     959       3
   471   1   1    4        960     961       3
   472   1   1    4        962     963       3
   473   1   1    4        964     965       3
   474   1   1    4        966     967       3
   475   1   1    4        968     969       3
   476   1   1    4        970     971       3
   477   1   1    4        972     973       3
   478   1   1    4        974     975       3
   479   1   1    4        976     977       3
   480   1   1    4        978     979       3
   481   1   1    4        980     981       3
   482   1   1    4        982     983       3
   483   1   1    4        984     985       3
   484   1   1    4        986     987       3
   485   1   1    4        988     989       3
   486   1   1    4        990     991       3
   487   1   1    4        992     993       3
   488   1   1    4        994     995       3
   489   1   1    4        996     997       3
   490   1   1    4        998     999       3
   491   1   1    4       1000    1001       3
   492   1   1    4       1002    1003       3
   493   1   1    4       1004    1005       3
   494   1   1    4       1006    1007       3
   495   1   1    4       1008    1009       3
   496   1   1    4       1010    1011       3
   497   1   1    4       1012    1013       3
   498   1   1    4       1014    1015       3
   499   1   1    4       1016    1017       3
   500   1   1    4       1018    1019       3
   501   1   1    4       1020    1021       3
   502   1   1   16         20       2    1022
   503   1   1   16         22       2    1023
   504   1   1   16         24       2    1024
   505   1   1   16         26       2    1025
   506   1   1   16         28       2    1026
   507   1   1   16         30       2    1027
   508   1   1   16         32       2    1028
   509   1   1   16         34       2    1029
   510   1   1   16         36       2    1030
   511   1   1   16         38       2    1031
   512   1   1   16         40       2    1032
   513   1   1   16         42       2    1033
   514   1   1   16         44       2    1034
   515   1   1   16         46       2    1035
   516   1   1   16         48       2    1036
   517   1   1   16         50       2    1037
   518   1   1   16         52       2    1038
   519   1   1   16         54       2    1039
   520   1   1   16         56       2    1040
   521   1   1   16         58       2    1041
   522   1   1   16         60       2    1042
   523   1   1   16         62       2    1043
   524   1   1   16         64       2    1044
   525   1   1   16         66       2    1045
   526   1   1   16         68       2    1046
   527   1   1   16         70       2    1047
   528   1   1   16         72       2    1048
   529   1   1   16         74       2    1049
   530   1   1   16         76       2    1050
   531   1   1   16         78       2    1051
   532   1   1   16         80       2    1052
   533   1   1   16         82       2    1053
   534   1   1   16         84       2    1054
   535   1   1   16         86       2    1055
   536   1   1   16         88       2    1056
   537   1   1   16         90       2    1057
   538   1   1   16         92       2    1058
   539   1   1   16         94       2    1059
   540   1   1   16         96       2    1060
   541   1   1   16         98       2    1061
   542   1   1   16        100       2    1062
   543   1   1   16        102       2    1063
   544   1   1   16        104       2    1064
   545   1   1   16        106       2    1065
   546   1   1   16        108       2    1066
   547   1   1   16        110       2    1067
   548   1   1   16        112       2    1068
   549   1   1   16        114       2    1069
   550   1   1   16        116       2    1070
   551   1   1   16        118       2    1071
   552   1   1   16        120       2    1072
   553   1   1   16        122       2    1073
   554   1   1   16        124       2    1074
   555   1   1   16        126       2    1075
   556   1   1   16        128       2    1076
   557   1   1   16        130       2    1077
   558   1   1   16        132       2    1078
   559   1   1   16        134       2    1079
   560   1   1   16        136       2    1080
   561   1   1   16        138       2    1081
   562   1   1   16        140       2    1082
   563   1   1   16        142       2    1083
   564   1   1   16        144       2    1084
   565   1   1   16        146       2    1085
   566   1   1   16        148       2    1086
   567   1   1   16        150       2    1087
   568   1   1   16        152       2    1088
   569   1   1   16        154       2    1089
   570   1   1   16        156       2    1090
   571   1   1   16        158       2    1091
   572   1   1   16        160       2    1092
   573   1   1   16        162       2    1093
   574   1   1   16        164       2    1094
   575   1   1   16        166       2    1095
   576   1   1   16        168       2    1096
   577   1   1   16        170       2    1097
   578   1   1   16        172       2    1098
   579   1   1   16        174       2    1099
   580   1   1   16        176       2    1100
   581   1   1   16        178       2    1101
   582   1   1   16        180       2    1102
   583   1   1   16        182       2    1103
   584   1   1   16        184       2    1104
   585   1   1   16        186       2    1105
   586   1   1   16        188       2    1106
   587   1   1   16        190       2    1107
   588   1   1   16        192       2    1108
   589   1   1   16        194       2    1109
   590   1   1   16        196       2    1110
   591   1   1   16        198       2    1111
   592   1   1   16        200       2    1112
   593   1   1   16        202       2    1113
   594   1   1   16        204       2    1114
   595   1   1   16        206       2    1115
   596   1   1   16        208       2    1116
   597   1   1   16        210       2    1117
   598   1   1   16        212       2    1118
   599   1   1   16        214       2    1119
   600   1   1   16        216       2    1120
   601   1   1   16        218       2    1121
   602   1   1   16        220       2    1122
   603   1   1   16        222       2    1123
   604   1   1   16        224       2    1124
   605   1   1   16        226       2    1125
   606   1   1   16        228       2    1126
   607   1   1   16        230       2    1127
   608   1   1   16        232       2    1128
   609   1   1   16        234       2    1129
   610   1   1   16        236       2    1130
   611   1   1   16        238       2    1131
   612   1   1   16        240       2    1132
   613   1   1   16        242       2    1133
   614   1   1   16        244       2    1134
   615   1   1   16        246       2    1135
   616   1   1   16        248       2    1136
   617   1   1   16        250       2    1137
   618   1   1   16        252       2    1138
   619   1   1   16        254       2    1139
   620   1   1   16        256       2    1140
   621   1   1   16        258       2    1141
   622   1   1   16        260       2    1142
   623   1   1   16        262       2    1143
   624   1   1   16        264       2    1144
   625   1   1   16        266       2    1145
   626   1   1   16        268       2    1146
   627   1   1   16        270       2    1147
   628   1   1   16        272       2    1148
   629   1   1   16        274       2    1149
   630   1   1   16        276       2    1150
   631   1   1   16        278       2    1151
   632   1   1   16        280       2    1152
   633   1   1   16        282       2    1153
   634   1   1   16        284       2    1154
   635   1   1   16        286       2    1155
   636   1   1   16        288       2    1156
   637   1   1   16        290       2    1157
   638   1   1   16        292       2    1158
   639   1   1   16        294       2    1159
   640   1   1   16        296       2    1160
   641   1   1   16        298       2    1161
   642   1   1   16        300       2    1162
   643   1   1   16        302       2    1163
   644   1   1   16        304       2    1164
   645   1   1   16        306       2    1165
   646   1   1   16        308       2    1166
   647   1   1   16        310       2    1167
   648   1   1   16        312       2    1168
   649   1   1   16        314       2    1169
   650   1   1   16        316       2    1170
   651   1   1   16        318       2    1171
   652   1   1   16        320       2    1172
   653   1   1   16        322       2    1173
   654   1   1   16        324       2    1174
   655   1   1   16        326       2    1175
   656   1   1   16        328       2    1176
   657   1   1   16        330       2    1177
   658   1   1   16        332       2    1178
   659   1   1   16        334       2    1179
   660   1   1   16        336       2    1180
   661   1   1   16        338       2    1181
   662   1   1   16        340       2    1182
   663   1   1   16        342       2    1183
   664   1   1   16        344       2    1184
   665   1   1   16        346       2    1185
   666   1   1   16        348       2    1186
   667   1   1   16        350       2    1187
   668   1   1   16        352       2    1188
   669   1   1   16        354       2    1189
   670   1   1   16        356       2    1190
   671   1   1   16        358       2    1191
   672   1   1   16        360       2    1192
   673   1   1   16        362       2    1193
   674   1   1   16        364       2    1194
   675   1   1   16        366       2    1195
   676   1   1   16        368       2    1196
   677   1   1   16        370       2    1197
   678   1   1   16        372       2    1198
   679   1   1   16        374       2    1199
   680   1   1   16        376       2    1200
   681   1   1   16        378       2    1201
   682   1   1   16        380       2    1202
   683   1   1   16        382       2    1203
   684   1   1   16        384       2    1204
   685   1   1   16        386       2    1205
   686   1   1   16        388       2    1206
   687   1   1   16        390       2    1207
   688   1   1   16        392       2    1208
   689   1   1   16        394       2    1209
   690   1   1   16        396       2    1210
   691   1   1   16        398       2    1211
   692   1   1   16        400       2    1212
   693   1   1   16        402       2    1213
   694   1   1   16        404       2    1214
   695   1   1   16        406       2    1215
   696   1   1   16        408       2    1216
   697   1   1   16        410       2    1217
   698   1   1   16        412       2    1218
   699   1   1   16        414       2    1219
   700   1   1   16        416       2    1220
   701   1   1   16        418       2    1221
   702   1   1   16        420       2    1222
   703   1   1   16        422       2    1223
   704   1   1   16        424       2    1224
   705   1   1   16        426       2    1225
   706   1   1   16        428       2    1226
   707   1   1   16        430       2    1227
   708   1   1   16        432       2    1228
   709   1   1   16        434       2    1229
   710   1   1   16        436       2    1230
   711   1   1   16        438       2    1231
   712   1   1   16        440       2    1232
   713   1   1   16        442       2    1233
   714   1   1   16        444       2    1234
   715   1   1   16        446       2    1235
   716   1   1   16        448       2    1236
   717   1   1   16        450       2    1237
   718   1   1   16        452       2    1238
   719   1   1   16        454       2    1239
   720   1   1   16        456       2    1240
   721   1   1   16        458       2    1241
   722   1   1   16        460       2    1242
   723   1   1   16        462       2    1243
   724   1   1   16        464       2    1244
   725   1   1   16        466       2    1245
   726   1   1   16        468       2    1246
   727   1   1   16        470       2    1247
   728   1   1   16        472       2    1248
   729   1   1   16        474       2    1249
   730   1   1   16        476       2    1250
   731   1   1   16        478       2    1251
   732   1   1   16        480       2    1252
   733   1   1   16        482       2    1253
   734   1   1   16        484       2    1254
   735   1   1   16        486       2    1255
   736   1   1   16        488       2    1256
   737   1   1   16        490       2    1257
   738   1   1   16        492       2    1258
   739   1   1   16        494       2    1259
   740   1   1   16        496       2    1260
   741   1   1   16        498       2    1261
   742   1   1   16        500       2    1262
   743   1   1   16        502       2    1263
   744   1   1   16        504       2    1264
   745   1   1   16        506       2    1265
   746   1   1   16        508       2    1266
   747   1   1   16        510       2    1267
   748   1   1   16        512       2    1268
   749   1   1   16        514       2    1269
   750   1   1   16        516       2    1270
   751   1   1   16        518       2    1271
   752   1   1   16        520       2    1272
   753   1   1   16        522       2    1273
   754   1   1   16        524       2    1274
   755   1   1   16        526       2    1275
   756   1   1   16        528       2    1276
   757   1   1   16        530       2    1277
   758   1   1   16        532       2    1278
   759   1   1   16        534       2    1279
   760   1   1   16        536       2    1280
   761   1   1   16        538       2    1281
   762   1   1   16        540       2    1282
   763   1   1   16        542       2    1283
   764   1   1   16        544       2    1284
   765   1   1   16        546       2    1285
   766   1   1   16        548       2    1286
   767   1   1   16        550       2    1287
   768   1   1   16        552       2    1288
   769   1   1   16        554       2    1289
   770   1   1   16        556       2    1290
   771   1   1   16        558       2    1291
   772   1   1   16        560       2    1292
   773   1   1   16        562       2    1293
   774   1   1   16        564       2    1294
   775   1   1   16        566       2    1295
   776   1   1   16        568       2    1296
   777   1   1   16        570       2    1297
   778   1   1   16        572       2    1298
   779   1   1   16        574       2    1299
   780   1   1   16        576       2    1300
   781   1   1   16        578       2    1301
   782   1   1   16        580       2    1302
   783   1   1   16        582       2    1303
   784   1   1   16        584       2    1304
   785   1   1   16        586       2    1305
   786   1   1   16        588       2    1306
   787   1   1   16        590       2    1307
   788   1   1   16        592       2    1308
   789   1   1   16        594       2    1309
   790   1   1   16        596       2    1310
   791   1   1   16        598       2    1311
   792   1   1   16        600       2    1312
   793   1   1   16        602       2    1313
   794   1   1   16        604       2    1314
   795   1   1   16        606       2    1315
   796   1   1   16        608       2    1316
   797   1   1   16        610       2    1317
   798   1   1   16        612       2    1318
   799   1   1   16        614       2    1319
   800   1   1   16        616       2    1320
   801   1   1   16        618       2    1321
   802   1   1   16        620       2    1322
   803   1   1   16        622       2    1323
   804   1   1   16        624       2    1324
   805   1   1   16        626       2    1325
   806   1   1   16        628       2    1326
   807   1   1   16        630       2    1327
   808   1   1   16        632       2    1328
   809   1   1   16        634       2    1329
   810   1   1   16        636       2    1330
   811   1   1   16        638       2    1331
   812   1   1   16        640       2    1332
   813   1   1   16        642       2    1333
   814   1   1   16        644       2    1334
   815   1   1   16        646       2    1335
   816   1   1   16        648       2    1336
   817   1   1   16        650       2    1337
   818   1   1   16        652       2    1338
   819   1   1   16        654       2    1339
   820   1   1   16        656       2    1340
   821   1   1   16        658       2    1341
   822   1   1   16        660       2    1342
   823   1   1   16        662       2    1343
   824   1   1   16        664       2    1344
   825   1   1   16        666       2    1345
   826   1   1   16        668       2    1346
   827   1   1   16        670       2    1347
   828   1   1   16        672       2    1348
   829   1   1   16        674       2    1349
   830   1   1   16        676       2    1350
   831   1   1   16        678       2    1351
   832   1   1   16        680       2    1352
   833   1   1   16        682       2    1353
   834   1   1   16        684       2    1354
   835   1   1   16        686       2    1355
   836   1   1   16        688       2    1356
   837   1   1   16        690       2    1357
   838   1   1   16        692       2    1358
   839   1   1   16        694       2    1359
   840   1   1   16        696       2    1360
   841   1   1   16        698       2    1361
   842   1   1   16        700       2    1362
   843   1   1   16        702       2    1363
   844   1   1   16        704       2    1364
   845   1   1   16        706       2    1365
   846   1   1   16        708       2    1366
   847   1   1   16        710       2    1367
   848   1   1   16        712       2    1368
   849   1   1   16        714       2    1369
   850   1   1   16        716       2    1370
   851   1   1   16        718       2    1371
   852   1   1   16        720       2    1372
   853   1   1   16        722       2    1373
   854   1   1   16        724       2    1374
   855   1   1   16        726       2    1375
   856   1   1   16        728       2    1376
   857   1   1   16        730       2    1377
   858   1   1   16        732       2    1378
   859   1   1   16        734       2    1379
   860   1   1   16        736       2    1380
   861   1   1   16        738       2    1381
   862   1   1   16        740       2    1382
   863   1   1   16        742       2    1383
   864   1   1   16        744       2    1384
   865   1   1   16        746       2    1385
   866   1   1   16        748       2    1386
   867   1   1   16        750       2    1387
   868   1   1   16        752       2    1388
   869   1   1   16        754       2    1389
   870   1   1   16        756       2    1390
   871   1   1   16        758       2    1391
   872   1   1   16        760       2    1392
   873   1   1   16        762       2    1393
   874   1   1   16        764       2    1394
   875   1   1   16        766       2    1395
   876   1   1   16        768       2    1396
   877   1   1   16        770       2    1397
   878   1   1   16        772       2    1398
   879   1   1   16        774       2    1399
   880   1   1   16        776       2    1400
   881   1   1   16        778       2    1401
   882   1   1   16        780       2    1402
   883   1   1   16        782       2    1403
   884   1   1   16        784       2    1404
   885   1   1   16        786       2    1405
   886   1   1   16        788       2    1406
   887   1   1   16        790       2    1407
   888   1   1   16        792       2    1408
   889   1   1   16        794       2    1409
   890   1   1   16        796       2    1410
   891   1   1   16        798       2    1411
   892   1   1   16        800       2    1412
   893   1   1   16        802       2    1413
   894   1   1   16        804       2    1414
   895   1   1   16        806       2    1415
   896   1   1   16        808       2    1416
   897   1   1   16        810       2    1417
   898   1   1   16        812       2    1418
   899   1   1   16        814       2    1419
   900   1   1   16        816       2    1420
   901   1   1   16        818       2    1421
   902   1   1   16        820       2    1422
   903   1   1   16        822       2    1423
   904   1   1   16        824       2    1424
   905   1   1   16        826       2    1425
   906   1   1   16        828       2    1426
   907   1   1   16        830       2    1427
   908   1   1   16        832       2    1428
   909   1   1   16        834       2    1429
   910   1   1   16        836       2    1430
   911   1   1   16        838       2    1431
   912   1   1   16        840       2    1432
   913   1   1   16        842       2    1433
   914   1   1   16        844       2    1434
   915   1   1   16        846       2    1435
   916   1   1   16        848       2    1436
   917   1   1   16        850       2    1437
   918   1   1   16        852       2    1438
   919   1   1   16        854       2    1439
   920   1   1   16        856       2    1440
   921   1   1   16        858       2    1441
   922   1   1   16        860       2    1442
   923   1   1   16        862       2    1443
   924   1   1   16        864       2    1444
   925   1   1   16        866       2    1445
   926   1   1   16        868       2    1446
   927   1   1   16        870       2    1447
   928   1   1   16        872       2    1448
   929   1   1   16        874       2    1449
   930   1   1   16        876       2    1450
   931   1   1   16        878       2    1451
   932   1   1   16        880       2    1452
   933   1   1   16        882       2    1453
   934   1   1   16        884       2    1454
   935   1   1   16        886       2    1455
   936   1   1   16        888       2    1456
   937   1   1   16        890       2    1457
   938   1   1   16        892       2    1458
   939   1   1   16        894       2    1459
   940   1   1   16        896       2    1460
   941   1   1   16        898       2    1461
   942   1   1   16        900       2    1462
   943   1   1   16        902       2    1463
   944   1   1   16        904       2    1464
   945   1   1   16        906       2    1465
   946   1   1   16        908       2    1466
   947   1   1   16        910       2    1467
   948   1   1   16        912       2    1468
   949   1   1   16        914       2    1469
   950   1   1   16        916       2    1470
   951   1   1   16        918       2    1471
   952   1   1   16        920       2    1472
   953   1   1   16        922       2    1473
   954   1   1   16        924       2    1474
   955   1   1   16        926       2    1475
   956   1   1   16        928       2    1476
   957   1   1   16        930       2    1477
   958   1   1   16        932       2    1478
   959   1   1   16        934       2    1479
   960   1   1   16        936       2    1480
   961   1   1   16        938       2    1481
   962   1   1   16        940       2    1482
   963   1   1   16        942       2    1483
   964   1   1   16        944       2    1484
   965   1   1   16        946       2    1485
   966   1   1   16        948       2    1486
   967   1   1   16        950       2    1487
   968   1   1   16        952       2    1488
   969   1   1   16        954       2    1489
   970   1   1   16        956       2    1490
   971   1   1   16        958       2    1491
   972   1   1   16        960       2    1492
   973   1   1   16        962       2    1493
   974   1   1   16        964       2    1494
   975   1   1   16        966       2    1495
   976   1   1   16        968       2    1496
   977   1   1   16        970       2    1497
   978   1   1   16        972       2    1498
   979   1   1   16        974       2    1499
   980   1   1   16        976       2    1500
   981   1   1   16        978       2    1501
   982   1   1   16        980       2    1502
   983   1   1   16        982       2    1503
   984   1   1   16        984       2    1504
   985   1   1   16        986       2    1505
   986   1   1   16        988       2    1506
   987   1   1   16        990       2    1507
   988   1   1   16        992       2    1508
   989   1   1   16        994       2    1509
   990   1   1   16        996       2    1510
   991   1   1   16        998       2    1511
   992   1   1   16       1000       2    1512
   993   1   1   16       1002       2    1513
   994   1   1   16       1004       2    1514
   995   1   1   16       1006       2    1515
   996   1   1   16       1008       2    1516
   997   1   1   16       1010       2    1517
   998   1   1   16       1012       2    1518
   999   1   1   16       1014       2    1519
  1000   1   1   16       1016       2    1520
  1001   1   1   16       1018       2    1521
  1002   1   1   16       1020       2    1522
  1003   1   1    4          1    1523    1022
  1004   1   1    4          1    1524    1023
  1005   1   1    4          1    1525    1024
  1006   1   1    4          1    1526    1025
  1007   1   1    4          1    1527    1026
  1008   1   1    4          1    1528    1027
  1009   1   1    4          1    1529    1028
  1010   1   1    4          1    1530    1029
  1011   1   1    4          1    1531    1030
  1012   1   1    4          1    1532    1031
  1013   1   1    4          1    1533    1032
  1014   1   1    4          1    1534    1033
  1015   1   1    4          1    1535    1034
  1016   1   1    4          1    1536    1035
  1017   1   1    4          1    1537    1036
  1018   1   1    4          1    1538    1037
  1019   1   1    4          1    1539    1038
  1020   1   1    4          1    1540    1039
  1021   1   1    4          1    1541    1040
  1022   1   1    4          1    1542    1041
  1023   1   1    4          1    1543    1042
  1024   1   1    4          1    1544    1043
  1025   1   1    4          1    1545    1044
  1026   1   1    4          1    1546    1045
  1027   1   1    4          1    1547    1046
  1028   1   1    4          1    1548    1047
  1029   1   1    4          1    1549    1048
  1030   1   1    4          1    1550    1049
  1031   1   1    4          1    1551    1050
  1032   1   1    4          1    1552    1051
  1033   1   1    4          1    1553    1052
  1034   1   1    4          1    1554    1053
  1035   1   1    4          1    1555    1054
  1036   1   1    4          1    1556    1055
  1037   1   1    4          1    1557    1056
  1038   1   1    4          1    1558    1057
  1039   1   1    4          1    1559    1058
  1040   1   1    4          1    1560    1059
  1041   1   1    4          1    1561    1060
  1042   1   1    4          1    1562    1061
  1043   1   1    4          1    1563    1062
  1044   1   1    4          1    1564    1063
  1045   1   1    4          1    1565    1064
  1046   1   1    4          1    1566    1065
  1047   1   1    4          1    1567    1066
  1048   1   1    4          1    1568    1067
  1049   1   1    4          1    1569    1068
  1050   1   1    4          1    1570    1069
  1051   1   1    4          1    1571    1070
  1052   1   1    4          1    1572    1071
  1053   1   1    4          1    1573    1072
  1054   1   1    4          1    1574    1073
  1055   1   1    4          1    1575    1074
  1056   1   1    4          1    1576    1075
  1057   1   1    4          1    1577    1076
  1058   1   1    4          1    1578    1077
  1059   1   1    4          1    1579    1078
  1060   1   1    4          1    1580    1079
  1061   1   1    4          1    1581    1080
  1062   1   1    4          1    1582    1081
  1063   1   1    4          1    1583    1082
  1064   1   1    4          1    1584    1083
  1065   1   1    4          1    1585    1084
  1066   1   1    4          1    1586    1085
  1067   1   1    4          1    1587    1086
  1068   1   1    4          1    1588    1087
  1069   1   1    4          1    1589    1088
  1070   1   1    4          1    1590    1089
  1071   1   1    4          1    1591    1090
  1072   1   1    4          1    1592    1091
  1073   1   1    4          1    1593    1092
  1074   1   1    4          1    1594    1093
  1075   1   1    4          1    1595    1094
  1076   1   1    4          1    1596    1095
  1077   1   1    4          1    1597    1096
  1078   1   1    4          1    1598    1097
  1079   1   1    4          1    1599    1098
  1080   1   1    4          1    1600    1099
  1081   1   1    4          1    1601    1100
  1082   1   1    4          1    1602    1101
  1083   1   1    4          1    1603    1102
  1084   1   1    4          1    1604    1103
  1085   1   1    4          1    1605    1104
  1086   1   1    4          1    1606    1105
  1087   1   1    4          1    1607    1106
  1088   1   1    4          1    1608    1107
  1089   1   1    4          1    1609    1108
  1090   1   1    4          1    1610    1109
  1091   1   1    4          1    1611    1110
  1092   1   1    4          1    1612    1111
  1093   1   1    4          1    1613    1112
  1094   1   1    4          1    1614    1113
  1095   1   1    4          1    1615    1114
  1096   1   1    4          1    1616    1115
  1097   1   1    4          1    1617    1116
  1098   1   1    4          1    1618    1117
  1099   1   1    4          1    1619    1118
  1100   1   1    4          1    1620    1119
  1101   1   1    4          1    1621    1120
  1102   1   1    4          1    1622    1121
  1103   1   1    4          1    1623    1122
  1104   1   1    4          1    1624    1123
  1105   1   1    4          1    1625    1124
  1106   1   1    4          1    1626    1125
  1107   1   1    4          1    1627    1126
  1108   1   1    4          1    1628    1127
  1109   1   1    4          1    1629    1128
  1110   1   1    4          1    1630    1129
  1111   1   1    4          1    1631    1130
  1112   1   1    4          1    1632    1131
  1113   1   1    4          1    1633    1132
  1114   1   1    4          1    1634    1133
  1115   1   1    4          1    1635    1134
  1116   1   1    4          1    1636    1135
  1117   1   1    4          1    1637    1136
  1118   1   1    4          1    1638    1137
  1119   1   1    4          1    1639    1138
  1120   1   1    4          1    1640    1139
  1121   1   1    4          1    1641    1140
  1122   1   1    4          1    1642    1141
  1123   1   1    4          1    1643    1142
  1124   1   1    4          1    1644    1143
  1125   1   1    4          1    1645    1144
  1126   1   1    4          1    1646    1145
  1127   1   1    4          1    1647    1146
  1128   1   1    4          1    1648    1147
  1129   1   1    4          1    1649    1148
  1130   1   1    4          1    1650    1149
  1131   1   1    4          1    1651    1150
  1132   1   1    4          1    1652    1151
  1133   1   1    4          1    1653    1152
  1134   1   1    4          1    1654    1153
  1135   1   1    4          1    1655    1154
  1136   1   1    4          1    1656    1155
  1137   1   1    4          1    1657    1156
  1138   1   1    4          1    1658    1157
  1139   1   1    4          1    1659    1158
  1140   1   1    4          1    1660    1159
  1141   1   1    4          1    1661    1160
  1142   1   1    4          1    1662    1161
  1143   1   1    4          1    1663    1162
  1144   1   1    4          1    1664    1163
  1145   1   1    4          1    1665    1164
  1146   1   1    4          1    1666    1165
  1147   1   1    4          1    1667    1166
  1148   1   1    4          1    1668    1167
  1149   1   1    4          1    1669    1168
  1150   1   1    4          1    1670    1169
  1151   1   1    4          1    1671    1170
  1152   1   1    4          1    1672    1171
  1153   1   1    4          1    1673    1172
  1154   1   1    4          1    1674    1173
  1155   1   1    4          1    1675    1174
  1156   1   1    4          1    1676    1175
  1157   1   1    4          1    1677    1176
  1158   1   1    4          1    1678    1177
  1159   1   1    4          1    1679    1178
  1160   1   1    4          1    1680    1179
  1161   1   1    4          1    1681    1180
  1162   1   1    4          1    1682    1181
  1163   1   1    4          1    1683    1182
  1164   1   1    4          1    1684    1183
  1165   1   1    4          1    1685    1184
  1166   1   1    4          1    1686    1185
  1167   1   1    4          1    1687    1186
  1168   1   1    4          1    1688    1187
  1169   1   1    4          1    1689    1188
  1170   1   1    4          1    1690    1189
  1171   1   1    4          1    1691    1190
  1172   1   1    4          1    1692    1191
  1173   1   1    4          1    1693    1192
  1174   1   1    4          1    1694    1193
  1175   1   1    4          1    1695    1194
  1176   1   1    4          1    1696    1195
  1177   1   1    4          1    1697    1196
  1178   1   1    4          1    1698    1197
  1179   1   1    4          1    1699    1198
  1180   1   1    4          1    1700    1199
  1181   1   1    4          1    1701    1200
  1182   1   1    4          1    1702    1201
  1183   1   1    4          1    1703    1202
  1184   1   1    4          1    1704    1203
  1185   1   1    4          1    1705    1204
  1186   1   1    4          1    1706    1205
  1187   1   1    4          1    1707    1206
  1188   1   1    4          1    1708    1207
  1189   1   1    4          1    1709    1208
  1190   1   1    4          1    1710    1209
  1191   1   1    4          1    1711    1210
  1192   1   1    4          1    1712    1211
  1193   1   1    4          1    1713    1212
  1194   1   1    4          1    1714    1213
  1195   1   1    4          1    1715    1214
  1196   1   1    4          1    1716    1215
  1197   1   1    4          1    1717    1216
  1198   1   1    4          1    1718    1217
  1199   1   1    4          1    1719    1218
  1200   1   1    4          1    1720    1219
  1201   1   1    4          1    1721    1220
  1202   1   1    4          1    1722    1221
  1203   1   1    4          1    1723    1222
  1204   1   1    4          1    1724    1223
  1205   1   1    4          1    1725    1224
  1206   1   1    4          1    1726    1225
  1207   1   1    4          1    1727    1226
  1208   1   1    4          1    1728    1227
  1209   1   1    4          1    1729    1228
  1210   1   1    4          1    1730    1229
  1211   1   1    4          1    1731    1230
  1212   1   1    4          1    1732    1231
  1213   1   1    4          1    1733    1232
  1214   1   1    4          1    1734    1233
  1215   1   1    4          1    1735    1234
  1216   1   1    4          1    1736    1235
  1217   1   1    4          1    1737    1236
  1218   1   1    4          1    1738    1237
  1219   1   1    4          1    1739    1238
  1220   1   1    4          1    1740    1239
  1221   1   1    4          1    1741    1240
  1222   1   1    4          1    1742    1241
  1223   1   1    4          1    1743    1242
  1224   1   1    4          1    1744    1243
  1225   1   1    4          1    1745    1244
  1226   1   1    4          1    1746    1245
  1227   1   1    4          1    1747    1246
  1228   1   1    4          1    1748    1247
  1229   1   1    4          1    1749    1248
  1230   1   1    4          1    1750    1249
  1231   1   1    4          1    1751    1250
  1232   1   1    4          1    1752    1251
  1233   1   1    4          1    1753    1252
  1234   1   1    4          1    1754    1253
  1235   1   1    4          1    1755    1254
  1236   1   1    4          1    1756    1255
  1237   1   1    4          1    1757    1256
  1238   1   1    4          1    1758    1257
  1239   1   1    4          1    1759    1258
  1240   1   1    4          1    1760    1259
  1241   1   1    4          1    1761    1260
  1242   1   1    4          1    1762    1261
  1243   1   1    4          1    1763    1262
  1244   1   1    4          1    1764    1263
  1245   1   1    4          1    1765    1264
  1246   1   1    4          1    1766    1265
  1247   1   1    4          1    1767    1266
  1248   1   1    4          1    1768    1267
  1249   1   1    4          1    1769    1268
  1250   1   1    4          1    1770    1269
  1251   1   1    4          1    1771    1270
  1252   1   1    4          1    1772    1271
  1253   1   1    4          1    1773    1272
  1254   1   1    4          1    1774    1273
  1255   1   1    4          1    1775    1274
  1256   1   1    4          1    1776    1275
  1257   1   1    4          1    1777    1276
  1258   1   1    4          1    1778    1277
  1259   1   1    4          1    1779    1278
  1260   1   1    4          1    1780    1279
  1261   1   1    4          1    1781    1280
  1262   1   1    4          1    1782    1281
  1263   1   1    4          1    1783    1282
  1264   1   1    4          1    1784    1283
  1265   1   1    4          1    1785    1284
  1266   1   1    4          1    1786    1285
  1267   1   1    4          1    1787    1286
  1268   1   1    4          1    1788    1287
  1269   1   1    4          1    1789    1288
  1270   1   1    4          1    1790    1289
  1271   1   1    4          1    1791    1290
  1272   1   1    4          1    1792    1291
  1273   1   1    4          1    1793    1292
  1274   1   1    4          1    1794    1293
  1275   1   1    4          1    1795    1294
  1276   1   1    4          1    1796    1295
  1277   1   1    4          1    1797    1296
  1278   1   1    4          1    1798    1297
  1279   1   1    4          1    1799    1298
  1280   1   1    4          1    1800    1299
  1281   1   1    4          1    1801    1300
  1282   1   1    4          1    1802    1301
  1283   1   1    4          1    1803    1302
  1284   1   1    4          1    1804    1303
  1285   1   1    4          1    1805    1304
  1286   1   1    4          1    1806    1305
  1287   1   1    4          1    1807    1306
  1288   1   1    4          1    1808    1307
  1289   1   1    4          1    1809    1308
  1290   1   1    4          1    1810    1309
  1291   1   1    4          1    1811    1310
  1292   1   1    4          1    1812    1311
  1293   1   1    4          1    1813    1312
  1294   1   1    4          1    1814    1313
  1295   1   1    4          1    1815    1314
  1296   1   1    4          1    1816    1315
  1297   1   1    4          1    1817    1316
  1298   1   1    4          1    1818    1317
  1299   1   1    4          1    1819    1318
  1300   1   1    4          1    1820    1319
  1301   1   1    4          1    1821    1320
  1302   1   1    4          1    1822    1321
  1303   1   1    4          1    1823    1322
  1304   1   1    4          1    1824    1323
  1305   1   1    4          1    1825    1324
  1306   1   1    4          1    1826    1325
  1307   1   1    4          1    1827    1326
  1308   1   1    4          1    1828    1327
  1309   1   1    4          1    1829    1328
  1310   1   1    4          1    1830    1329
  1311   1   1    4          1    1831    1330
  1312   1   1    4          1    1832    1331
  1313   1   1    4          1    1833    1332
  1314   1   1    4          1    1834    1333
  1315   1   1    4          1    1835    1334
  1316   1   1    4          1    1836    1335
  1317   1   1    4          1    1837    1336
  1318   1   1    4          1    1838    1337
  1319   1   1    4          1    1839    1338
  1320   1   1    4          1    1840    1339
  1321   1   1    4          1    1841    1340
  1322   1   1    4          1    1842    1341
  1323   1   1    4          1    1843    1342
  1324   1   1    4          1    1844    1343
  1325   1   1    4          1    1845    1344
  1326   1   1    4          1    1846    1345
  1327   1   1    4          1    1847    1346
  1328   1   1    4          1    1848    1347
  1329   1   1    4          1    1849    1348
  1330   1   1    4          1    1850    1349
  1331   1   1    4          1    1851    1350
  1332   1   1    4          1    1852    1351
  1333   1   1    4          1    1853    1352
  1334   1   1    4          1    1854    1353
  1335   1   1    4          1    1855    1354
  1336   1   1    4          1    1856    1355
  1337   1   1    4          1    1857    1356
  1338   1   1    4          1    1858    1357
  1339   1   1    4          1    1859    1358
  1340   1   1    4          1    1860    1359
  1341   1   1    4          1    1861    1360
  1342   1   1    4          1    1862    1361
  1343   1   1    4          1    1863    1362
  1344   1   1    4          1    1864    1363
  1345   1   1    4          1    1865    1364
  1346   1   1    4          1    1866    1365
  1347   1   1    4          1    1867    1366
  1348   1   1    4          1    1868    1367
  1349   1   1    4          1    1869    1368
  1350   1   1    4          1    1870    1369
  1351   1   1    4          1    1871    1370
  1352   1   1    4          1    1872    1371
  1353   1   1    4          1    1873    1372
  1354   1   1    4          1    1874    1373
  1355   1   1    4          1    1875    1374
  1356   1   1    4          1    1876    1375
  1357   1   1    4          1    1877    1376
  1358   1   1    4          1    1878    1377
  1359   1   1    4          1    1879    1378
  1360   1   1    4          1    1880    1379
  1361   1   1    4          1    1881    1380
  1362   1   1    4          1    1882    1381
  1363   1   1    4          1    1883    1382
  1364   1   1    4          1    1884    1383
  1365   1   1    4          1    1885    1384
  1366   1   1    4          1    1886    1385
  1367   1   1    4          1    1887    1386
  1368   1   1    4          1    1888    1387
  1369   1   1    4          1    1889    1388
  1370   1   1    4          1    1890    1389
  1371   1   1    4          1    1891    1390
  1372   1   1    4          1    1892    1391
  1373   1   1    4          1    1893    1392
  1374   1   1    4          1    1894    1393
  1375   1   1    4          1    1895    1394
  1376   1   1    4          1    1896    1395
  1377   1   1    4          1    1897    1396
  1378   1   1    4          1    1898    1397
  1379   1   1    4          1    1899    1398
  1380   1   1    4          1    1900    1399
  1381   1   1    4          1    1901    1400
  1382   1   1    4          1    1902    1401
  1383   1   1    4          1    1903    1402
  1384   1   1    4          1    1904    1403
  1385   1   1    4          1    1905    1404
  1386   1   1    4          1    1906    1405
  1387   1   1    4          1    1907    1406
  1388   1   1    4          1    1908    1407
  1389   1   1    4          1    1909    1408
  1390   1   1    4          1    1910    1409
  1391   1   1    4          1    1911    1410
  1392   1   1    4          1    1912    1411
  1393   1   1    4          1    1913    1412
  1394   1   1    4          1    1914    1413
  1395   1   1    4          1    1915    1414
  1396   1   1    4          1    1916    1415
  1397   1   1    4          1    1917    1416
  1398   1   1    4          1    1918    1417
  1399   1   1    4          1    1919    1418
  1400   1   1    4          1    1920    1419
  1401   1   1    4          1    1921    1420
  1402   1   1    4          1    1922    1421
  1403   1   1    4          1    1923    1422
  1404   1   1    4          1    1924    1423
  1405   1   1    4          1    1925    1424
  1406   1   1    4          1    1926    1425
  1407   1   1    4          1    1927    1426
  1408   1   1    4          1    1928    1427
  1409   1   1    4          1    1929    1428
  1410   1   1    4          1    1930    1429
  1411   1   1    4          1    1931    1430
  1412   1   1    4          1    1932    1431
  1413   1   1    4          1    1933    1432
  1414   1   1    4          1    1934    1433
  1415   1   1    4          1    1935    1434
  1416   1   1    4          1    1936    1435
  1417   1   1    4          1    1937    1436
  1418   1   1    4          1    1938    1437
  1419   1   1    4          1    1939    1438
  1420   1   1    4          1    1940    1439
  1421   1   1    4          1    1941    1440
  1422   1   1    4          1    1942    1441
  1423   1   1    4          1    1943    1442
  1424   1   1    4          1    1944    1443
  1425   1   1    4          1    1945    1444
  1426   1   1    4          1    1946    1445
  1427   1   1    4          1    1947    1446
  1428   1   1    4          1    1948    1447
  1429   1   1    4          1    1949    1448
  1430   1   1    4          1    1950    1449
  1431   1   1    4          1    1951    1450
  1432   1   1    4          1    1952    1451
  1433   1   1    4          1    1953    1452
  1434   1   1    4          1    1954    1453
  1435   1   1    4          1    1955    1454
  1436   1   1    4          1    1956    1455
  1437   1   1    4          1    1957    1456
  1438   1   1    4          1    1958    1457
  1439   1   1    4          1    1959    1458
  1440   1   1    4          1    1960    1459
  1441   1   1    4          1    1961    1460
  1442   1   1    4          1    1962    1461
  1443   1   1    4          1    1963    1462
  1444   1   1    4          1    1964    1463
  1445   1   1    4          1    1965    1464
  1446   1   1    4          1    1966    1465
  1447   1   1    4          1    1967    1466
  1448   1   1    4          1    1968    1467
  1449   1   1    4          1    1969    1468
  1450   1   1    4          1    1970    1469
  1451   1   1    4          1    1971    1470
  1452   1   1    4          1    1972    1471
  1453   1   1    4          1    1973    1472
  1454   1   1    4          1    1974    1473
  1455   1   1    4          1    1975    1474
  1456   1   1    4          1    1976    1475
  1457   1   1    4          1    1977    1476
  1458   1   1    4          1    1978    1477
  1459   1   1    4          1    1979    1478
  1460   1   1    4          1    1980    1479
  1461   1   1    4          1    1981    1480
  1462   1   1    4          1    1982    1481
  1463   1   1    4          1    1983    1482
  1464   1   1    4          1    1984    1483
  1465   1   1    4          1    1985    1484
  1466   1   1    4          1    1986    1485
  1467   1   1    4          1    1987    1486
  1468   1   1    4          1    1988    1487
  1469   1   1    4          1    1989    1488
  1470   1   1    4          1    1990    1489
  1471   1   1    4          1    1991    1490
  1472   1   1    4          1    1992    1491
  1473   1   1    4          1    1993    1492
  1474   1   1    4          1    1994    1493
  1475   1   1    4          1    1995    1494
  1476   1   1    4          1    1996    1495
  1477   1   1    4          1    1997    1496
  1478   1   1    4          1    1998    1497
  1479   1   1    4          1    1999    1498
  1480   1   1    4          1    2000    1499
  1481   1   1    4          1    2001    1500
  1482   1   1    4          1    2002    1501
  1483   1   1    4          1    2003    1502
  1484   1   1    4          1    2004    1503
  1485   1   1    4          1    2005    1504
  1486   1   1    4          1    2006    1505
  1487   1   1    4          1    2007    1506
  1488   1   1    4          1    2008    1507
  1489   1   1    4          1    2009    1508
  1490   1   1    4          1    2010    1509
  1491   1   1    4          1    2011    1510
  1492   1   1    4          1    2012    1511
  1493   1   1    4          1    2013    1512
  1494   1   1    4          1    2014    1513
  1495   1   1    4          1    2015    1514
  1496   1   1    4          1    2016    1515
  1497   1   1    4          1    2017    1516
  1498   1   1    4          1    2018    1517
  1499   1   1    4          1    2019    1518
  1500   1   1    4          1    2020    1519
  1501   1   1    4          1    2021    1520
  1502   1   1    4          1    2022    1521
  1503   1   1    4          1    2023    1522

Uncorrelated Terms
     k   m   s  sym coeff   No.s
  1504   1   1   1    4    2024
  1505   2   1   1    4    2025
  1506   3   1   1    4    2026

The operator is REAL and HERMITIAN

------------------------------------------------------------------------------


********* heff Hamiltonian ***********                                          

Uncorrelated Terms
     k   m   s  sym coeff   No.s
  1507   1   1   1    4    2024

The operator is REAL and HERMITIAN

------------------------------------------------------------------------------

