================================================
            BUG-WARNING  
    Consistency of mr-array fails :
      1  overwritten !! 
    value    :   0.00389958471075395
    check    :   3.45990253977358364
    pointer  :   2911917
================================================


Program received signal SIGSEGV: Segmentation fault - invalid memory reference.

Backtrace for this error:
#0  0x7f18bd23da9f in ???
	at ./signal/../sysdeps/unix/sysv/linux/x86_64/libc_sigaction.c:0
#1  0x7f18bd2978d5 in arena_for_chunk
	at ./malloc/arena.c:162
#2  0x7f18bd2978d5 in arena_for_chunk
	at ./malloc/arena.c:160
#3  0x7f18bd2978d5 in __GI___libc_free
	at ./malloc/malloc.c:3385
#4  0x557622f78927 in ???
#5  0x557622f086ce in ???
#6  0x557622f04982 in ???
#7  0x7f18bd229209 in __libc_start_call_main
	at ../sysdeps/nptl/libc_start_call_main.h:58
#8  0x7f18bd2292bb in __libc_start_main_impl
	at ../csu/libc-start.c:389
#9  0x557622f049cc in ???
mctdh86: Segmentation fault
================================================
            BUG-WARNING  
    Consistency of mr-array fails :
      1  overwritten !! 
    value    :   0.00104633899789063
    check    :   3.45990253977358364
    pointer  :   2911917
================================================

munmap_chunk(): invalid pointer

Program received signal SIGABRT: Process abort signal.

Backtrace for this error:
#0  0x7faa5763da9f in ???
	at ./signal/../sysdeps/unix/sysv/linux/x86_64/libc_sigaction.c:0
#1  0x7faa5768957c in __pthread_kill_implementation
	at ./nptl/pthread_kill.c:44
#2  0x7faa5763da01 in __GI_raise
	at ../sysdeps/posix/raise.c:26
#3  0x7faa57628468 in __GI_abort
	at ./stdlib/abort.c:79
#4  0x7faa5767d887 in __libc_message
	at ../sysdeps/posix/libc_fatal.c:155
#5  0x7faa57693229 in malloc_printerr
	at ./malloc/malloc.c:5659
#6  0x7faa576933eb in munmap_chunk
	at ./malloc/malloc.c:3055
#7  0x7faa57697927 in __GI___libc_free
	at ./malloc/malloc.c:3376
#8  0x562874d3a927 in ???
#9  0x562874cca6ce in ???
#10  0x562874cc6982 in ???
#11  0x7faa57629209 in __libc_start_call_main
	at ../sysdeps/nptl/libc_start_call_main.h:58
#12  0x7faa576292bb in __libc_start_main_impl
	at ../csu/libc-start.c:389
#13  0x562874cc69cc in ???
mctdh86: Aborted

 Performance counter stats for 'mctdh86 -w -p V_L 0.9,au -p lambda 0.2 input_file_Lambda02_NumCores20.inp' (2 runs):

    10770445727763      cycles                                                        ( +-  0.26% )
    24756160179179      instructions              #    2.29  insn per cycle           ( +-  0.01% )
      186914318806      cache-references                                              ( +-  1.78% )
       26106264111      cache-misses              #   13.723 % of all cache refs      ( +-  0.70% )

           1740.17 +- 8.06 seconds time elapsed  ( +-  0.46% )

