 job arguments  /opt/gridengine/default/spool/compute-0-21/job_scripts/124339
+ dmtcp_coordinator --quiet --port 0 --port-file /tmp/124339.1.long/dmtcp_port --ckptdir /home/ckpt/ckpt.124339 --exit-on-last --daemon
+ '[' 0 -ne 0 ']'
+ cp /opt/gridengine/default/spool/compute-0-21/job_scripts/124339 /home/ckpt/ckpt.124339/jobscript
+ shift
+ '[' -n '' ']'
++ cat /tmp/124339.1.long/dmtcp_port
+ exec dmtcp_launch -p 34412 /bin/bash /home/ckpt/ckpt.124339/jobscript
++++++++++++++++++++++++++++++++++++++++++++++++++++++++++
++++++++++++++++++++++++++++++++++++++++++++++++++++++++++
echo lambda: 0.05 / COUNTER: 1 / num conf: 04
OMP_NUM_THREADS: 8
HOSTNAME:  compute-0-21.local / QUEUE:  long
++++++++++++++++++++++++++++++++++++++++++++++++++++++++++
++++++++++++++++++++++++++++++++++++++++++++++++++++++++++
Created name-directory: /nashome/mmendez/github_repositories/my_repositories/mctdh_cp2021/double_quantum_dot_model/qdot_02/energies_vs_lambda/study_of_performance/double_qd_model_02_1

## WARNING: 
Davidson iteration order must be smaller than A-vector length!
IntOrder =  500, adim =   100
IntOrder is reduced to adim-1
 job arguments  /opt/gridengine/default/spool/compute-0-21/job_scripts/124340
+ dmtcp_coordinator --quiet --port 0 --port-file /tmp/124340.1.long/dmtcp_port --ckptdir /home/ckpt/ckpt.124340 --exit-on-last --daemon
+ '[' 0 -ne 0 ']'
+ cp /opt/gridengine/default/spool/compute-0-21/job_scripts/124340 /home/ckpt/ckpt.124340/jobscript
+ shift
+ '[' -n '' ']'
++ cat /tmp/124340.1.long/dmtcp_port
+ exec dmtcp_launch -p 45854 /bin/bash /home/ckpt/ckpt.124340/jobscript
++++++++++++++++++++++++++++++++++++++++++++++++++++++++++
++++++++++++++++++++++++++++++++++++++++++++++++++++++++++
echo lambda: 0.10 / COUNTER: 2 / num conf: 04
OMP_NUM_THREADS: 8
HOSTNAME:  compute-0-21.local / QUEUE:  long
++++++++++++++++++++++++++++++++++++++++++++++++++++++++++
++++++++++++++++++++++++++++++++++++++++++++++++++++++++++
[43000] NOTE at processinfo.cpp:203 in growStack; REASON='bottom-most page of stack (page with highest address) was
  invisible in /proc/self/maps. It is made visible again now.'
Created name-directory: /nashome/mmendez/github_repositories/my_repositories/mctdh_cp2021/double_quantum_dot_model/qdot_02/energies_vs_lambda/study_of_performance/double_qd_model_02_2

## WARNING: 
Davidson iteration order must be smaller than A-vector length!
IntOrder =  500, adim =   100
IntOrder is reduced to adim-1
 job arguments  /opt/gridengine/default/spool/compute-0-21/job_scripts/124341
+ dmtcp_coordinator --quiet --port 0 --port-file /tmp/124341.1.long/dmtcp_port --ckptdir /home/ckpt/ckpt.124341 --exit-on-last --daemon
+ '[' 0 -ne 0 ']'
+ cp /opt/gridengine/default/spool/compute-0-21/job_scripts/124341 /home/ckpt/ckpt.124341/jobscript
+ shift
+ '[' -n '' ']'
++ cat /tmp/124341.1.long/dmtcp_port
+ exec dmtcp_launch -p 44753 /bin/bash /home/ckpt/ckpt.124341/jobscript
++++++++++++++++++++++++++++++++++++++++++++++++++++++++++
++++++++++++++++++++++++++++++++++++++++++++++++++++++++++
echo lambda: 0.15 / COUNTER: 3 / num conf: 04
OMP_NUM_THREADS: 8
HOSTNAME:  compute-0-21.local / QUEUE:  long
++++++++++++++++++++++++++++++++++++++++++++++++++++++++++
++++++++++++++++++++++++++++++++++++++++++++++++++++++++++
Created name-directory: /nashome/mmendez/github_repositories/my_repositories/mctdh_cp2021/double_quantum_dot_model/qdot_02/energies_vs_lambda/study_of_performance/double_qd_model_02_3

## WARNING: 
Davidson iteration order must be smaller than A-vector length!
IntOrder =  500, adim =   100
IntOrder is reduced to adim-1
 job arguments  /opt/gridengine/default/spool/compute-0-21/job_scripts/124342
+ dmtcp_coordinator --quiet --port 0 --port-file /tmp/124342.1.long/dmtcp_port --ckptdir /home/ckpt/ckpt.124342 --exit-on-last --daemon
+ '[' 0 -ne 0 ']'
+ cp /opt/gridengine/default/spool/compute-0-21/job_scripts/124342 /home/ckpt/ckpt.124342/jobscript
+ shift
+ '[' -n '' ']'
++ cat /tmp/124342.1.long/dmtcp_port
+ exec dmtcp_launch -p 38445 /bin/bash /home/ckpt/ckpt.124342/jobscript
++++++++++++++++++++++++++++++++++++++++++++++++++++++++++
++++++++++++++++++++++++++++++++++++++++++++++++++++++++++
echo lambda: 0.20 / COUNTER: 4 / num conf: 04
OMP_NUM_THREADS: 8
HOSTNAME:  compute-0-21.local / QUEUE:  long
++++++++++++++++++++++++++++++++++++++++++++++++++++++++++
++++++++++++++++++++++++++++++++++++++++++++++++++++++++++
[42000] NOTE at processinfo.cpp:203 in growStack; REASON='bottom-most page of stack (page with highest address) was
  invisible in /proc/self/maps. It is made visible again now.'
Created name-directory: /nashome/mmendez/github_repositories/my_repositories/mctdh_cp2021/double_quantum_dot_model/qdot_02/energies_vs_lambda/study_of_performance/double_qd_model_02_4

## WARNING: 
Davidson iteration order must be smaller than A-vector length!
IntOrder =  500, adim =   100
IntOrder is reduced to adim-1
 job arguments  /opt/gridengine/default/spool/compute-0-21/job_scripts/124343
+ dmtcp_coordinator --quiet --port 0 --port-file /tmp/124343.1.long/dmtcp_port --ckptdir /home/ckpt/ckpt.124343 --exit-on-last --daemon
+ '[' 0 -ne 0 ']'
+ cp /opt/gridengine/default/spool/compute-0-21/job_scripts/124343 /home/ckpt/ckpt.124343/jobscript
+ shift
+ '[' -n '' ']'
++ cat /tmp/124343.1.long/dmtcp_port
+ exec dmtcp_launch -p 33449 /bin/bash /home/ckpt/ckpt.124343/jobscript
++++++++++++++++++++++++++++++++++++++++++++++++++++++++++
++++++++++++++++++++++++++++++++++++++++++++++++++++++++++
echo lambda: 0.25 / COUNTER: 5 / num conf: 04
OMP_NUM_THREADS: 8
HOSTNAME:  compute-0-21.local / QUEUE:  long
++++++++++++++++++++++++++++++++++++++++++++++++++++++++++
++++++++++++++++++++++++++++++++++++++++++++++++++++++++++
Created name-directory: /nashome/mmendez/github_repositories/my_repositories/mctdh_cp2021/double_quantum_dot_model/qdot_02/energies_vs_lambda/study_of_performance/double_qd_model_02_5

## WARNING: 
Davidson iteration order must be smaller than A-vector length!
IntOrder =  500, adim =   100
IntOrder is reduced to adim-1
 job arguments  /opt/gridengine/default/spool/compute-0-21/job_scripts/124344
+ dmtcp_coordinator --quiet --port 0 --port-file /tmp/124344.1.long/dmtcp_port --ckptdir /home/ckpt/ckpt.124344 --exit-on-last --daemon
+ '[' 0 -ne 0 ']'
+ cp /opt/gridengine/default/spool/compute-0-21/job_scripts/124344 /home/ckpt/ckpt.124344/jobscript
+ shift
+ '[' -n '' ']'
++ cat /tmp/124344.1.long/dmtcp_port
+ exec dmtcp_launch -p 45146 /bin/bash /home/ckpt/ckpt.124344/jobscript
++++++++++++++++++++++++++++++++++++++++++++++++++++++++++
++++++++++++++++++++++++++++++++++++++++++++++++++++++++++
echo lambda: 0.30 / COUNTER: 6 / num conf: 04
OMP_NUM_THREADS: 8
HOSTNAME:  compute-0-21.local / QUEUE:  long
++++++++++++++++++++++++++++++++++++++++++++++++++++++++++
++++++++++++++++++++++++++++++++++++++++++++++++++++++++++
Created name-directory: /nashome/mmendez/github_repositories/my_repositories/mctdh_cp2021/double_quantum_dot_model/qdot_02/energies_vs_lambda/study_of_performance/double_qd_model_02_6

## WARNING: 
Davidson iteration order must be smaller than A-vector length!
IntOrder =  500, adim =   100
IntOrder is reduced to adim-1
 job arguments  /opt/gridengine/default/spool/compute-0-21/job_scripts/124345
+ dmtcp_coordinator --quiet --port 0 --port-file /tmp/124345.1.long/dmtcp_port --ckptdir /home/ckpt/ckpt.124345 --exit-on-last --daemon
+ '[' 0 -ne 0 ']'
+ cp /opt/gridengine/default/spool/compute-0-21/job_scripts/124345 /home/ckpt/ckpt.124345/jobscript
+ shift
+ '[' -n '' ']'
++ cat /tmp/124345.1.long/dmtcp_port
+ exec dmtcp_launch -p 37554 /bin/bash /home/ckpt/ckpt.124345/jobscript
++++++++++++++++++++++++++++++++++++++++++++++++++++++++++
++++++++++++++++++++++++++++++++++++++++++++++++++++++++++
echo lambda: 0.35 / COUNTER: 7 / num conf: 04
OMP_NUM_THREADS: 8
HOSTNAME:  compute-0-21.local / QUEUE:  long
++++++++++++++++++++++++++++++++++++++++++++++++++++++++++
++++++++++++++++++++++++++++++++++++++++++++++++++++++++++
Created name-directory: /nashome/mmendez/github_repositories/my_repositories/mctdh_cp2021/double_quantum_dot_model/qdot_02/energies_vs_lambda/study_of_performance/double_qd_model_02_7

## WARNING: 
Davidson iteration order must be smaller than A-vector length!
IntOrder =  500, adim =   100
IntOrder is reduced to adim-1
[60000] NOTE at processinfo.cpp:203 in growStack; REASON='bottom-most page of stack (page with highest address) was
  invisible in /proc/self/maps. It is made visible again now.'
 job arguments  /opt/gridengine/default/spool/compute-0-21/job_scripts/124346
+ dmtcp_coordinator --quiet --port 0 --port-file /tmp/124346.1.long/dmtcp_port --ckptdir /home/ckpt/ckpt.124346 --exit-on-last --daemon
+ '[' 0 -ne 0 ']'
+ cp /opt/gridengine/default/spool/compute-0-21/job_scripts/124346 /home/ckpt/ckpt.124346/jobscript
+ shift
+ '[' -n '' ']'
++ cat /tmp/124346.1.long/dmtcp_port
+ exec dmtcp_launch -p 42690 /bin/bash /home/ckpt/ckpt.124346/jobscript
++++++++++++++++++++++++++++++++++++++++++++++++++++++++++
++++++++++++++++++++++++++++++++++++++++++++++++++++++++++
echo lambda: 0.40 / COUNTER: 8 / num conf: 04
OMP_NUM_THREADS: 8
HOSTNAME:  compute-0-21.local / QUEUE:  long
++++++++++++++++++++++++++++++++++++++++++++++++++++++++++
++++++++++++++++++++++++++++++++++++++++++++++++++++++++++
Created name-directory: /nashome/mmendez/github_repositories/my_repositories/mctdh_cp2021/double_quantum_dot_model/qdot_02/energies_vs_lambda/study_of_performance/double_qd_model_02_8

## WARNING: 
Davidson iteration order must be smaller than A-vector length!
IntOrder =  500, adim =   100
IntOrder is reduced to adim-1
[50000] NOTE at processinfo.cpp:203 in growStack; REASON='bottom-most page of stack (page with highest address) was
  invisible in /proc/self/maps. It is made visible again now.'
 job arguments  /opt/gridengine/default/spool/compute-0-21/job_scripts/124347
+ dmtcp_coordinator --quiet --port 0 --port-file /tmp/124347.1.long/dmtcp_port --ckptdir /home/ckpt/ckpt.124347 --exit-on-last --daemon
+ '[' 0 -ne 0 ']'
+ cp /opt/gridengine/default/spool/compute-0-21/job_scripts/124347 /home/ckpt/ckpt.124347/jobscript
+ shift
+ '[' -n '' ']'
++ cat /tmp/124347.1.long/dmtcp_port
+ exec dmtcp_launch -p 44231 /bin/bash /home/ckpt/ckpt.124347/jobscript
++++++++++++++++++++++++++++++++++++++++++++++++++++++++++
++++++++++++++++++++++++++++++++++++++++++++++++++++++++++
echo lambda: 0.45 / COUNTER: 9 / num conf: 04
OMP_NUM_THREADS: 8
HOSTNAME:  compute-0-21.local / QUEUE:  long
++++++++++++++++++++++++++++++++++++++++++++++++++++++++++
++++++++++++++++++++++++++++++++++++++++++++++++++++++++++
[41000] NOTE at processinfo.cpp:203 in growStack; REASON='bottom-most page of stack (page with highest address) was
  invisible in /proc/self/maps. It is made visible again now.'
Created name-directory: /nashome/mmendez/github_repositories/my_repositories/mctdh_cp2021/double_quantum_dot_model/qdot_02/energies_vs_lambda/study_of_performance/double_qd_model_02_9

## WARNING: 
Davidson iteration order must be smaller than A-vector length!
IntOrder =  500, adim =   100
IntOrder is reduced to adim-1
 job arguments  /opt/gridengine/default/spool/compute-0-21/job_scripts/124348
+ dmtcp_coordinator --quiet --port 0 --port-file /tmp/124348.1.long/dmtcp_port --ckptdir /home/ckpt/ckpt.124348 --exit-on-last --daemon
+ '[' 0 -ne 0 ']'
+ cp /opt/gridengine/default/spool/compute-0-21/job_scripts/124348 /home/ckpt/ckpt.124348/jobscript
+ shift
+ '[' -n '' ']'
++ cat /tmp/124348.1.long/dmtcp_port
+ exec dmtcp_launch -p 35408 /bin/bash /home/ckpt/ckpt.124348/jobscript
++++++++++++++++++++++++++++++++++++++++++++++++++++++++++
++++++++++++++++++++++++++++++++++++++++++++++++++++++++++
echo lambda: 0.50 / COUNTER: 10 / num conf: 04
OMP_NUM_THREADS: 8
HOSTNAME:  compute-0-21.local / QUEUE:  long
++++++++++++++++++++++++++++++++++++++++++++++++++++++++++
++++++++++++++++++++++++++++++++++++++++++++++++++++++++++
Created name-directory: /nashome/mmendez/github_repositories/my_repositories/mctdh_cp2021/double_quantum_dot_model/qdot_02/energies_vs_lambda/study_of_performance/double_qd_model_02_10

## WARNING: 
Davidson iteration order must be smaller than A-vector length!
IntOrder =  500, adim =   100
IntOrder is reduced to adim-1
 job arguments  /opt/gridengine/default/spool/compute-0-21/job_scripts/124349
+ dmtcp_coordinator --quiet --port 0 --port-file /tmp/124349.1.long/dmtcp_port --ckptdir /home/ckpt/ckpt.124349 --exit-on-last --daemon
+ '[' 0 -ne 0 ']'
+ cp /opt/gridengine/default/spool/compute-0-21/job_scripts/124349 /home/ckpt/ckpt.124349/jobscript
+ shift
+ '[' -n '' ']'
++ cat /tmp/124349.1.long/dmtcp_port
+ exec dmtcp_launch -p 40293 /bin/bash /home/ckpt/ckpt.124349/jobscript
++++++++++++++++++++++++++++++++++++++++++++++++++++++++++
++++++++++++++++++++++++++++++++++++++++++++++++++++++++++
echo lambda: 0.55 / COUNTER: 11 / num conf: 04
OMP_NUM_THREADS: 8
HOSTNAME:  compute-0-21.local / QUEUE:  long
++++++++++++++++++++++++++++++++++++++++++++++++++++++++++
++++++++++++++++++++++++++++++++++++++++++++++++++++++++++
Created name-directory: /nashome/mmendez/github_repositories/my_repositories/mctdh_cp2021/double_quantum_dot_model/qdot_02/energies_vs_lambda/study_of_performance/double_qd_model_02_11

## WARNING: 
Davidson iteration order must be smaller than A-vector length!
IntOrder =  500, adim =   100
IntOrder is reduced to adim-1
 job arguments  /opt/gridengine/default/spool/compute-0-21/job_scripts/124350
+ dmtcp_coordinator --quiet --port 0 --port-file /tmp/124350.1.long/dmtcp_port --ckptdir /home/ckpt/ckpt.124350 --exit-on-last --daemon
+ '[' 0 -ne 0 ']'
+ cp /opt/gridengine/default/spool/compute-0-21/job_scripts/124350 /home/ckpt/ckpt.124350/jobscript
+ shift
+ '[' -n '' ']'
++ cat /tmp/124350.1.long/dmtcp_port
+ exec dmtcp_launch -p 35596 /bin/bash /home/ckpt/ckpt.124350/jobscript
++++++++++++++++++++++++++++++++++++++++++++++++++++++++++
++++++++++++++++++++++++++++++++++++++++++++++++++++++++++
echo lambda: 0.60 / COUNTER: 12 / num conf: 04
OMP_NUM_THREADS: 8
HOSTNAME:  compute-0-21.local / QUEUE:  long
++++++++++++++++++++++++++++++++++++++++++++++++++++++++++
++++++++++++++++++++++++++++++++++++++++++++++++++++++++++
Created name-directory: /nashome/mmendez/github_repositories/my_repositories/mctdh_cp2021/double_quantum_dot_model/qdot_02/energies_vs_lambda/study_of_performance/double_qd_model_02_12

## WARNING: 
Davidson iteration order must be smaller than A-vector length!
IntOrder =  500, adim =   100
IntOrder is reduced to adim-1
 job arguments  /opt/gridengine/default/spool/compute-0-21/job_scripts/124351
+ dmtcp_coordinator --quiet --port 0 --port-file /tmp/124351.1.long/dmtcp_port --ckptdir /home/ckpt/ckpt.124351 --exit-on-last --daemon
+ '[' 0 -ne 0 ']'
+ cp /opt/gridengine/default/spool/compute-0-21/job_scripts/124351 /home/ckpt/ckpt.124351/jobscript
+ shift
+ '[' -n '' ']'
++ cat /tmp/124351.1.long/dmtcp_port
+ exec dmtcp_launch -p 45491 /bin/bash /home/ckpt/ckpt.124351/jobscript
[40000] NOTE at processinfo.cpp:203 in growStack; REASON='bottom-most page of stack (page with highest address) was
  invisible in /proc/self/maps. It is made visible again now.'
++++++++++++++++++++++++++++++++++++++++++++++++++++++++++
++++++++++++++++++++++++++++++++++++++++++++++++++++++++++
echo lambda: 0.65 / COUNTER: 13 / num conf: 04
OMP_NUM_THREADS: 8
HOSTNAME:  compute-0-21.local / QUEUE:  long
++++++++++++++++++++++++++++++++++++++++++++++++++++++++++
++++++++++++++++++++++++++++++++++++++++++++++++++++++++++
Created name-directory: /nashome/mmendez/github_repositories/my_repositories/mctdh_cp2021/double_quantum_dot_model/qdot_02/energies_vs_lambda/study_of_performance/double_qd_model_02_13

## WARNING: 
Davidson iteration order must be smaller than A-vector length!
IntOrder =  500, adim =   100
IntOrder is reduced to adim-1
 job arguments  /opt/gridengine/default/spool/compute-0-21/job_scripts/124352
+ dmtcp_coordinator --quiet --port 0 --port-file /tmp/124352.1.long/dmtcp_port --ckptdir /home/ckpt/ckpt.124352 --exit-on-last --daemon
+ '[' 0 -ne 0 ']'
+ cp /opt/gridengine/default/spool/compute-0-21/job_scripts/124352 /home/ckpt/ckpt.124352/jobscript
+ shift
+ '[' -n '' ']'
++ cat /tmp/124352.1.long/dmtcp_port
+ exec dmtcp_launch -p 42032 /bin/bash /home/ckpt/ckpt.124352/jobscript
++++++++++++++++++++++++++++++++++++++++++++++++++++++++++
++++++++++++++++++++++++++++++++++++++++++++++++++++++++++
echo lambda: 0.70 / COUNTER: 14 / num conf: 04
OMP_NUM_THREADS: 8
HOSTNAME:  compute-0-21.local / QUEUE:  long
++++++++++++++++++++++++++++++++++++++++++++++++++++++++++
++++++++++++++++++++++++++++++++++++++++++++++++++++++++++
Created name-directory: /nashome/mmendez/github_repositories/my_repositories/mctdh_cp2021/double_quantum_dot_model/qdot_02/energies_vs_lambda/study_of_performance/double_qd_model_02_14

## WARNING: 
Davidson iteration order must be smaller than A-vector length!
IntOrder =  500, adim =   100
IntOrder is reduced to adim-1
 job arguments  /opt/gridengine/default/spool/compute-0-21/job_scripts/124353
+ dmtcp_coordinator --quiet --port 0 --port-file /tmp/124353.1.long/dmtcp_port --ckptdir /home/ckpt/ckpt.124353 --exit-on-last --daemon
+ '[' 0 -ne 0 ']'
+ cp /opt/gridengine/default/spool/compute-0-21/job_scripts/124353 /home/ckpt/ckpt.124353/jobscript
+ shift
+ '[' -n '' ']'
++ cat /tmp/124353.1.long/dmtcp_port
+ exec dmtcp_launch -p 44343 /bin/bash /home/ckpt/ckpt.124353/jobscript
++++++++++++++++++++++++++++++++++++++++++++++++++++++++++
++++++++++++++++++++++++++++++++++++++++++++++++++++++++++
echo lambda: 0.75 / COUNTER: 15 / num conf: 04
OMP_NUM_THREADS: 8
HOSTNAME:  compute-0-21.local / QUEUE:  long
++++++++++++++++++++++++++++++++++++++++++++++++++++++++++
++++++++++++++++++++++++++++++++++++++++++++++++++++++++++
[46000] NOTE at processinfo.cpp:203 in growStack; REASON='bottom-most page of stack (page with highest address) was
  invisible in /proc/self/maps. It is made visible again now.'
Created name-directory: /nashome/mmendez/github_repositories/my_repositories/mctdh_cp2021/double_quantum_dot_model/qdot_02/energies_vs_lambda/study_of_performance/double_qd_model_02_15

## WARNING: 
Davidson iteration order must be smaller than A-vector length!
IntOrder =  500, adim =   100
IntOrder is reduced to adim-1
 job arguments  /opt/gridengine/default/spool/compute-0-21/job_scripts/124354
+ dmtcp_coordinator --quiet --port 0 --port-file /tmp/124354.1.long/dmtcp_port --ckptdir /home/ckpt/ckpt.124354 --exit-on-last --daemon
+ '[' 0 -ne 0 ']'
+ cp /opt/gridengine/default/spool/compute-0-21/job_scripts/124354 /home/ckpt/ckpt.124354/jobscript
+ shift
+ '[' -n '' ']'
++ cat /tmp/124354.1.long/dmtcp_port
+ exec dmtcp_launch -p 44731 /bin/bash /home/ckpt/ckpt.124354/jobscript
++++++++++++++++++++++++++++++++++++++++++++++++++++++++++
++++++++++++++++++++++++++++++++++++++++++++++++++++++++++
echo lambda: 0.80 / COUNTER: 16 / num conf: 04
OMP_NUM_THREADS: 8
HOSTNAME:  compute-0-21.local / QUEUE:  long
++++++++++++++++++++++++++++++++++++++++++++++++++++++++++
++++++++++++++++++++++++++++++++++++++++++++++++++++++++++
Created name-directory: /nashome/mmendez/github_repositories/my_repositories/mctdh_cp2021/double_quantum_dot_model/qdot_02/energies_vs_lambda/study_of_performance/double_qd_model_02_16

## WARNING: 
Davidson iteration order must be smaller than A-vector length!
IntOrder =  500, adim =   100
IntOrder is reduced to adim-1
 job arguments  /opt/gridengine/default/spool/compute-0-21/job_scripts/124355
+ dmtcp_coordinator --quiet --port 0 --port-file /tmp/124355.1.long/dmtcp_port --ckptdir /home/ckpt/ckpt.124355 --exit-on-last --daemon
+ '[' 0 -ne 0 ']'
+ cp /opt/gridengine/default/spool/compute-0-21/job_scripts/124355 /home/ckpt/ckpt.124355/jobscript
+ shift
+ '[' -n '' ']'
++ cat /tmp/124355.1.long/dmtcp_port
+ exec dmtcp_launch -p 41732 /bin/bash /home/ckpt/ckpt.124355/jobscript
++++++++++++++++++++++++++++++++++++++++++++++++++++++++++
++++++++++++++++++++++++++++++++++++++++++++++++++++++++++
echo lambda: 0.85 / COUNTER: 17 / num conf: 04
OMP_NUM_THREADS: 8
HOSTNAME:  compute-0-21.local / QUEUE:  long
++++++++++++++++++++++++++++++++++++++++++++++++++++++++++
++++++++++++++++++++++++++++++++++++++++++++++++++++++++++
Created name-directory: /nashome/mmendez/github_repositories/my_repositories/mctdh_cp2021/double_quantum_dot_model/qdot_02/energies_vs_lambda/study_of_performance/double_qd_model_02_17

## WARNING: 
Davidson iteration order must be smaller than A-vector length!
IntOrder =  500, adim =   100
IntOrder is reduced to adim-1
 job arguments  /opt/gridengine/default/spool/compute-0-21/job_scripts/124356
+ dmtcp_coordinator --quiet --port 0 --port-file /tmp/124356.1.long/dmtcp_port --ckptdir /home/ckpt/ckpt.124356 --exit-on-last --daemon
+ '[' 0 -ne 0 ']'
+ cp /opt/gridengine/default/spool/compute-0-21/job_scripts/124356 /home/ckpt/ckpt.124356/jobscript
+ shift
+ '[' -n '' ']'
++ cat /tmp/124356.1.long/dmtcp_port
+ exec dmtcp_launch -p 33355 /bin/bash /home/ckpt/ckpt.124356/jobscript
++++++++++++++++++++++++++++++++++++++++++++++++++++++++++
++++++++++++++++++++++++++++++++++++++++++++++++++++++++++
echo lambda: 0.90 / COUNTER: 18 / num conf: 04
OMP_NUM_THREADS: 8
HOSTNAME:  compute-0-21.local / QUEUE:  long
++++++++++++++++++++++++++++++++++++++++++++++++++++++++++
++++++++++++++++++++++++++++++++++++++++++++++++++++++++++
Created name-directory: /nashome/mmendez/github_repositories/my_repositories/mctdh_cp2021/double_quantum_dot_model/qdot_02/energies_vs_lambda/study_of_performance/double_qd_model_02_18

## WARNING: 
Davidson iteration order must be smaller than A-vector length!
IntOrder =  500, adim =   100
IntOrder is reduced to adim-1
[68000] NOTE at processinfo.cpp:203 in growStack; REASON='bottom-most page of stack (page with highest address) was
  invisible in /proc/self/maps. It is made visible again now.'
 job arguments  /opt/gridengine/default/spool/compute-0-21/job_scripts/124357
+ dmtcp_coordinator --quiet --port 0 --port-file /tmp/124357.1.long/dmtcp_port --ckptdir /home/ckpt/ckpt.124357 --exit-on-last --daemon
+ '[' 0 -ne 0 ']'
+ cp /opt/gridengine/default/spool/compute-0-21/job_scripts/124357 /home/ckpt/ckpt.124357/jobscript
+ shift
+ '[' -n '' ']'
++ cat /tmp/124357.1.long/dmtcp_port
+ exec dmtcp_launch -p 36066 /bin/bash /home/ckpt/ckpt.124357/jobscript
++++++++++++++++++++++++++++++++++++++++++++++++++++++++++
++++++++++++++++++++++++++++++++++++++++++++++++++++++++++
echo lambda: 0.95 / COUNTER: 19 / num conf: 04
OMP_NUM_THREADS: 8
HOSTNAME:  compute-0-21.local / QUEUE:  long
++++++++++++++++++++++++++++++++++++++++++++++++++++++++++
++++++++++++++++++++++++++++++++++++++++++++++++++++++++++
Created name-directory: /nashome/mmendez/github_repositories/my_repositories/mctdh_cp2021/double_quantum_dot_model/qdot_02/energies_vs_lambda/study_of_performance/double_qd_model_02_19

## WARNING: 
Davidson iteration order must be smaller than A-vector length!
IntOrder =  500, adim =   100
IntOrder is reduced to adim-1
 job arguments  /opt/gridengine/default/spool/compute-0-21/job_scripts/124358
+ dmtcp_coordinator --quiet --port 0 --port-file /tmp/124358.1.long/dmtcp_port --ckptdir /home/ckpt/ckpt.124358 --exit-on-last --daemon
+ '[' 0 -ne 0 ']'
+ cp /opt/gridengine/default/spool/compute-0-21/job_scripts/124358 /home/ckpt/ckpt.124358/jobscript
+ shift
+ '[' -n '' ']'
++ cat /tmp/124358.1.long/dmtcp_port
+ exec dmtcp_launch -p 39592 /bin/bash /home/ckpt/ckpt.124358/jobscript
++++++++++++++++++++++++++++++++++++++++++++++++++++++++++
++++++++++++++++++++++++++++++++++++++++++++++++++++++++++
echo lambda: 1.00 / COUNTER: 20 / num conf: 04
OMP_NUM_THREADS: 8
HOSTNAME:  compute-0-21.local / QUEUE:  long
++++++++++++++++++++++++++++++++++++++++++++++++++++++++++
++++++++++++++++++++++++++++++++++++++++++++++++++++++++++
Created name-directory: /nashome/mmendez/github_repositories/my_repositories/mctdh_cp2021/double_quantum_dot_model/qdot_02/energies_vs_lambda/study_of_performance/double_qd_model_02_20

## WARNING: 
Davidson iteration order must be smaller than A-vector length!
IntOrder =  500, adim =   100
IntOrder is reduced to adim-1
