
#####  Removed operators (h-terms)  #####
     h   f  af  nf   m  md Typ Sym   Shift      Term 
    16   K           0   0   0   1            lambda
----- Stopped printing removed operators. (Too many lines) -----
 --- Number of removed terms =   1003

******* Array-Dimensions *******

 k   :  minkoe, maxkoe    1520    4000
 h   :  htmdim, maxhtm    2029    4000
 hl  :  hopdim, maxhop    2026    4000
 nh  :  minfac, maxfac      12     200
 n   :    ndef, maxdef      85     240
 n   :    npar, maxpar      12     300
 n   :    nrdf, maxrdf       1      16
 np  : npesopt, maxpes       1     100
 nham:  hamdim, maxham       2      10
 muld: mulddim,maxmuld       4      10
 LMR :    iLMR, maxLMR       0      20
 minnhtmshift,maxnhtmshift     0    10
 (for minedim, maxedim see log file)

***** Operator details *****

ndof   =   3 ,  nmode   =   3
nopdof =   4 ,  nopmode =   4
feb =  0,  meb =  0,   fpb =  0,  mpb =  0,  mkoe =  4
leb = F,  lmult = F,  lmulpack = F,  lcap = F

DOF no.    label
    1       X1
    2       X2
    3       X3
- - - - - - - - - - - - - - -
    4       Koeff

Mode     DOFs
   1    1=      X1
   2    2=      X2
   3    3=      X3
- - - - - - - - - - - - - - -
   4    4=   Koeff

Number of Hamiltonians defined:     2
    1     system                usediag
    2     heff                  usediag

   Info on muld
  1  mulddof :
   1   2   3
  1  mulddof2:
   1   2   3
  2  mulddof :
   1   2
  2  mulddof2:
   1   2
  3  mulddof :
   1   3
  3  mulddof2:
   1   3
  4  mulddof :
   2   3
  4  mulddof2:
   2   3

Information for Hamiltonian : System

Total no. of terms      :      3
No. of correlated terms :      0

No. of uncorrelated terms for mode   1:     1
No. of uncorrelated terms for mode   2:     1
No. of uncorrelated terms for mode   3:     1

Information for Hamiltonian : heff

Total no. of terms      :      1
No. of correlated terms :      0

No. of uncorrelated terms for mode   1:     1
No. of uncorrelated terms for mode   2:     0
No. of uncorrelated terms for mode   3:     0

  Parameters
PI                      3.141592653590
V_L                     0.900000000000
lambda              0.000000000000E+00
mass_X1                 1.000000000000
mass_X2                 1.000000000000
mass_X3                 1.000000000000
b_L                     0.220000000000
b_R                     1.000000000000
V_R                     0.600000000000
w                       1.000000000000
l                       1.000000000000
R                       9.000000000000

Number of operators removed =  1003,  cutoff = 1.00E-09

Default natpotcut = .10000E-08 au  is used.
 natpot no. | cutted terms |  reduce-pf
     1      |       1002   | 0.00000 0.00000 0.00000

  Operator Labels    [hl,hoplab,(deflabel),hopilab,hopfile]
    hl  Label                         function no.  file no.
     1  1                                       1       302
     2  -1                                      2       302
     3  I                                       1       101
     4  KEdvr                                   5         3
     5  V_L                                     2       301
     6  gauss[1]             Veff_L            12       302
     7  V_R                                     9       301
     8  gauss[2]             Veff_R            12       302
     9  lambda                                  3       301
    10  natpot  1            Vee                0      -999
    11  npot1,1                                 1         1
   ...  ......  Set "print-npot" to see all   ...       ...
  1012  npot1002,1                           1002         1

Hamiltonian Operator Terms [h,htmdof,htmadof,htmndof,htmmode,htmmuld,htmtype,
                            htmsym,htmshift,string]
   No.   f  af  nf   m  md Typ Sym   Shift      Term
     1   1   1   0   0   0   1   1       0    1
     2   2   2   0   0   0   1   1       0    1
     3   3   3   0   0   0   1   1       0    1
     4   K           0   0   1   1            1
  2024   1   1   0   0   0   8   1       0    KEdvr + gauss[1]*-1*V_L + gauss[2]*-1*V_R
  2025   2   2   0   0   0   8   1       0    KEdvr + gauss[1]*-1*V_L + gauss[2]*-1*V_R
  2026   3   3   0   0   0   8   1       0    KEdvr + gauss[1]*-1*V_L + gauss[2]*-1*V_R

Arguments for operators
  No.    Arguments
    1   0.22000000       -4.5000000        0.0000000        0.0000000    
    2    1.0000000        4.5000000        0.0000000        0.0000000    

Files containing operators
  No.        Name
    1     /home/mendez/github_repositories/my_repositories/mctdh_cp2021/double_quantum_dot_model/qdot_02/energies_vs_lambda/study_of_performance_03/running_whit_openblas/potfit_Vee/natpot

********* System Hamiltonian ***********

Uncorrelated Terms
     k   m   s  sym coeff   No.s
     1   1   1   1    4    2024
     2   2   1   1    4    2025
     3   3   1   1    4    2026

The operator is REAL and HERMITIAN

------------------------------------------------------------------------------


********* heff Hamiltonian ***********

Uncorrelated Terms
     k   m   s  sym coeff   No.s
     4   1   1   1    4    2024

The operator is REAL and HERMITIAN

------------------------------------------------------------------------------

