
**** RSTINFO: Reading RESTART file ****
Type : wavefunction, file-version =  8.50140
Created on:
------ Host: "mendez-famaf" ----------Fri Dec 10 16:08:47 2021


--------------------------------------------------------------------------------
****** Source code version ******

Program Version :     8
Release         :     5
Revision        :    14

Heidelberg SVN repository no.: 1312
Checkin date: Wed, 23 Jun 2021, 13:43:30
Compiled: Wed, 04 Aug 2021, 11:21:15 ; Host: mendez-famaf
Program name: showsys85
--------------------------------------------------------------------------------

  *** Memory allocated dynamically ***
 complex*16 :       20229
 real*8     :      752002
 integer    :           4
 logical    :           2
 complex*8  :           2
 real*4     :           2
 Total   :        6339936. Bytes ,       6.05 MB
--------------------------------------------------------------------------------

