 job arguments  /opt/gridengine/default/spool/compute-0-21/job_scripts/124307
+ dmtcp_coordinator --quiet --port 0 --port-file /tmp/124307.1.long/dmtcp_port --ckptdir /home/ckpt/ckpt.124307 --exit-on-last --daemon
+ '[' 0 -ne 0 ']'
+ cp /opt/gridengine/default/spool/compute-0-21/job_scripts/124307 /home/ckpt/ckpt.124307/jobscript
+ shift
+ '[' -n '' ']'
++ cat /tmp/124307.1.long/dmtcp_port
+ exec dmtcp_launch -p 37097 /bin/bash /home/ckpt/ckpt.124307/jobscript
++++++++++++++++++++++++++++++++++++++++++++++++++++++++++
++++++++++++++++++++++++++++++++++++++++++++++++++++++++++
echo lambda: 0.05 / COUNTER: 1 / num conf: 03
OMP_NUM_THREADS: 8
HOSTNAME:  compute-0-21.local / QUEUE:  long
++++++++++++++++++++++++++++++++++++++++++++++++++++++++++
++++++++++++++++++++++++++++++++++++++++++++++++++++++++++
Created name-directory: /nashome/mmendez/github_repositories/my_repositories/mctdh_cp2021/double_quantum_dot_model/qdot_02/energies_vs_lambda/study_of_performance/double_qd_model_02_1

## WARNING: 
Davidson iteration order must be smaller than A-vector length!
IntOrder =  500, adim =   100
IntOrder is reduced to adim-1
 job arguments  /opt/gridengine/default/spool/compute-0-21/job_scripts/124308
+ dmtcp_coordinator --quiet --port 0 --port-file /tmp/124308.1.long/dmtcp_port --ckptdir /home/ckpt/ckpt.124308 --exit-on-last --daemon
+ '[' 0 -ne 0 ']'
+ cp /opt/gridengine/default/spool/compute-0-21/job_scripts/124308 /home/ckpt/ckpt.124308/jobscript
+ shift
+ '[' -n '' ']'
++ cat /tmp/124308.1.long/dmtcp_port
+ exec dmtcp_launch -p 36473 /bin/bash /home/ckpt/ckpt.124308/jobscript
++++++++++++++++++++++++++++++++++++++++++++++++++++++++++
++++++++++++++++++++++++++++++++++++++++++++++++++++++++++
echo lambda: 0.10 / COUNTER: 2 / num conf: 03
OMP_NUM_THREADS: 8
HOSTNAME:  compute-0-21.local / QUEUE:  long
++++++++++++++++++++++++++++++++++++++++++++++++++++++++++
++++++++++++++++++++++++++++++++++++++++++++++++++++++++++
Created name-directory: /nashome/mmendez/github_repositories/my_repositories/mctdh_cp2021/double_quantum_dot_model/qdot_02/energies_vs_lambda/study_of_performance/double_qd_model_02_2

## WARNING: 
Davidson iteration order must be smaller than A-vector length!
IntOrder =  500, adim =   100
IntOrder is reduced to adim-1
 job arguments  /opt/gridengine/default/spool/compute-0-21/job_scripts/124309
+ dmtcp_coordinator --quiet --port 0 --port-file /tmp/124309.1.long/dmtcp_port --ckptdir /home/ckpt/ckpt.124309 --exit-on-last --daemon
+ '[' 0 -ne 0 ']'
+ cp /opt/gridengine/default/spool/compute-0-21/job_scripts/124309 /home/ckpt/ckpt.124309/jobscript
+ shift
+ '[' -n '' ']'
++ cat /tmp/124309.1.long/dmtcp_port
+ exec dmtcp_launch -p 42047 /bin/bash /home/ckpt/ckpt.124309/jobscript
++++++++++++++++++++++++++++++++++++++++++++++++++++++++++
++++++++++++++++++++++++++++++++++++++++++++++++++++++++++
echo lambda: 0.15 / COUNTER: 3 / num conf: 03
OMP_NUM_THREADS: 8
HOSTNAME:  compute-0-21.local / QUEUE:  long
++++++++++++++++++++++++++++++++++++++++++++++++++++++++++
++++++++++++++++++++++++++++++++++++++++++++++++++++++++++
Created name-directory: /nashome/mmendez/github_repositories/my_repositories/mctdh_cp2021/double_quantum_dot_model/qdot_02/energies_vs_lambda/study_of_performance/double_qd_model_02_3

## WARNING: 
Davidson iteration order must be smaller than A-vector length!
IntOrder =  500, adim =   100
IntOrder is reduced to adim-1
 job arguments  /opt/gridengine/default/spool/compute-0-21/job_scripts/124310
+ dmtcp_coordinator --quiet --port 0 --port-file /tmp/124310.1.long/dmtcp_port --ckptdir /home/ckpt/ckpt.124310 --exit-on-last --daemon
+ '[' 0 -ne 0 ']'
+ cp /opt/gridengine/default/spool/compute-0-21/job_scripts/124310 /home/ckpt/ckpt.124310/jobscript
+ shift
+ '[' -n '' ']'
++ cat /tmp/124310.1.long/dmtcp_port
+ exec dmtcp_launch -p 43441 /bin/bash /home/ckpt/ckpt.124310/jobscript
++++++++++++++++++++++++++++++++++++++++++++++++++++++++++
++++++++++++++++++++++++++++++++++++++++++++++++++++++++++
echo lambda: 0.20 / COUNTER: 4 / num conf: 03
OMP_NUM_THREADS: 8
HOSTNAME:  compute-0-21.local / QUEUE:  long
++++++++++++++++++++++++++++++++++++++++++++++++++++++++++
++++++++++++++++++++++++++++++++++++++++++++++++++++++++++
Created name-directory: /nashome/mmendez/github_repositories/my_repositories/mctdh_cp2021/double_quantum_dot_model/qdot_02/energies_vs_lambda/study_of_performance/double_qd_model_02_4

## WARNING: 
Davidson iteration order must be smaller than A-vector length!
IntOrder =  500, adim =   100
IntOrder is reduced to adim-1
 job arguments  /opt/gridengine/default/spool/compute-0-21/job_scripts/124311
+ dmtcp_coordinator --quiet --port 0 --port-file /tmp/124311.1.long/dmtcp_port --ckptdir /home/ckpt/ckpt.124311 --exit-on-last --daemon
+ '[' 0 -ne 0 ']'
+ cp /opt/gridengine/default/spool/compute-0-21/job_scripts/124311 /home/ckpt/ckpt.124311/jobscript
+ shift
+ '[' -n '' ']'
++ cat /tmp/124311.1.long/dmtcp_port
+ exec dmtcp_launch -p 33124 /bin/bash /home/ckpt/ckpt.124311/jobscript
++++++++++++++++++++++++++++++++++++++++++++++++++++++++++
++++++++++++++++++++++++++++++++++++++++++++++++++++++++++
echo lambda: 0.25 / COUNTER: 5 / num conf: 03
OMP_NUM_THREADS: 8
HOSTNAME:  compute-0-21.local / QUEUE:  long
++++++++++++++++++++++++++++++++++++++++++++++++++++++++++
++++++++++++++++++++++++++++++++++++++++++++++++++++++++++
Created name-directory: /nashome/mmendez/github_repositories/my_repositories/mctdh_cp2021/double_quantum_dot_model/qdot_02/energies_vs_lambda/study_of_performance/double_qd_model_02_5

## WARNING: 
Davidson iteration order must be smaller than A-vector length!
IntOrder =  500, adim =   100
IntOrder is reduced to adim-1
 job arguments  /opt/gridengine/default/spool/compute-0-21/job_scripts/124312
+ dmtcp_coordinator --quiet --port 0 --port-file /tmp/124312.1.long/dmtcp_port --ckptdir /home/ckpt/ckpt.124312 --exit-on-last --daemon
+ '[' 0 -ne 0 ']'
+ cp /opt/gridengine/default/spool/compute-0-21/job_scripts/124312 /home/ckpt/ckpt.124312/jobscript
+ shift
+ '[' -n '' ']'
++ cat /tmp/124312.1.long/dmtcp_port
+ exec dmtcp_launch -p 46367 /bin/bash /home/ckpt/ckpt.124312/jobscript
++++++++++++++++++++++++++++++++++++++++++++++++++++++++++
++++++++++++++++++++++++++++++++++++++++++++++++++++++++++
echo lambda: 0.30 / COUNTER: 6 / num conf: 03
OMP_NUM_THREADS: 8
HOSTNAME:  compute-0-21.local / QUEUE:  long
++++++++++++++++++++++++++++++++++++++++++++++++++++++++++
++++++++++++++++++++++++++++++++++++++++++++++++++++++++++
Created name-directory: /nashome/mmendez/github_repositories/my_repositories/mctdh_cp2021/double_quantum_dot_model/qdot_02/energies_vs_lambda/study_of_performance/double_qd_model_02_6

## WARNING: 
Davidson iteration order must be smaller than A-vector length!
IntOrder =  500, adim =   100
IntOrder is reduced to adim-1
 job arguments  /opt/gridengine/default/spool/compute-0-21/job_scripts/124313
+ dmtcp_coordinator --quiet --port 0 --port-file /tmp/124313.1.long/dmtcp_port --ckptdir /home/ckpt/ckpt.124313 --exit-on-last --daemon
+ '[' 0 -ne 0 ']'
+ cp /opt/gridengine/default/spool/compute-0-21/job_scripts/124313 /home/ckpt/ckpt.124313/jobscript
+ shift
+ '[' -n '' ']'
++ cat /tmp/124313.1.long/dmtcp_port
+ exec dmtcp_launch -p 36477 /bin/bash /home/ckpt/ckpt.124313/jobscript
++++++++++++++++++++++++++++++++++++++++++++++++++++++++++
++++++++++++++++++++++++++++++++++++++++++++++++++++++++++
echo lambda: 0.35 / COUNTER: 7 / num conf: 03
OMP_NUM_THREADS: 8
HOSTNAME:  compute-0-21.local / QUEUE:  long
++++++++++++++++++++++++++++++++++++++++++++++++++++++++++
++++++++++++++++++++++++++++++++++++++++++++++++++++++++++
Created name-directory: /nashome/mmendez/github_repositories/my_repositories/mctdh_cp2021/double_quantum_dot_model/qdot_02/energies_vs_lambda/study_of_performance/double_qd_model_02_7

## WARNING: 
Davidson iteration order must be smaller than A-vector length!
IntOrder =  500, adim =   100
IntOrder is reduced to adim-1
 job arguments  /opt/gridengine/default/spool/compute-0-21/job_scripts/124314
+ dmtcp_coordinator --quiet --port 0 --port-file /tmp/124314.1.long/dmtcp_port --ckptdir /home/ckpt/ckpt.124314 --exit-on-last --daemon
+ '[' 0 -ne 0 ']'
+ cp /opt/gridengine/default/spool/compute-0-21/job_scripts/124314 /home/ckpt/ckpt.124314/jobscript
+ shift
+ '[' -n '' ']'
++ cat /tmp/124314.1.long/dmtcp_port
+ exec dmtcp_launch -p 43129 /bin/bash /home/ckpt/ckpt.124314/jobscript
++++++++++++++++++++++++++++++++++++++++++++++++++++++++++
++++++++++++++++++++++++++++++++++++++++++++++++++++++++++
echo lambda: 0.40 / COUNTER: 8 / num conf: 03
OMP_NUM_THREADS: 8
HOSTNAME:  compute-0-21.local / QUEUE:  long
++++++++++++++++++++++++++++++++++++++++++++++++++++++++++
++++++++++++++++++++++++++++++++++++++++++++++++++++++++++
[46000] NOTE at processinfo.cpp:203 in growStack; REASON='bottom-most page of stack (page with highest address) was
  invisible in /proc/self/maps. It is made visible again now.'
Created name-directory: /nashome/mmendez/github_repositories/my_repositories/mctdh_cp2021/double_quantum_dot_model/qdot_02/energies_vs_lambda/study_of_performance/double_qd_model_02_8

## WARNING: 
Davidson iteration order must be smaller than A-vector length!
IntOrder =  500, adim =   100
IntOrder is reduced to adim-1
 job arguments  /opt/gridengine/default/spool/compute-0-21/job_scripts/124315
+ dmtcp_coordinator --quiet --port 0 --port-file /tmp/124315.1.long/dmtcp_port --ckptdir /home/ckpt/ckpt.124315 --exit-on-last --daemon
+ '[' 0 -ne 0 ']'
+ cp /opt/gridengine/default/spool/compute-0-21/job_scripts/124315 /home/ckpt/ckpt.124315/jobscript
+ shift
+ '[' -n '' ']'
++ cat /tmp/124315.1.long/dmtcp_port
+ exec dmtcp_launch -p 41340 /bin/bash /home/ckpt/ckpt.124315/jobscript
++++++++++++++++++++++++++++++++++++++++++++++++++++++++++
++++++++++++++++++++++++++++++++++++++++++++++++++++++++++
echo lambda: 0.45 / COUNTER: 9 / num conf: 03
OMP_NUM_THREADS: 8
HOSTNAME:  compute-0-21.local / QUEUE:  long
++++++++++++++++++++++++++++++++++++++++++++++++++++++++++
++++++++++++++++++++++++++++++++++++++++++++++++++++++++++
Created name-directory: /nashome/mmendez/github_repositories/my_repositories/mctdh_cp2021/double_quantum_dot_model/qdot_02/energies_vs_lambda/study_of_performance/double_qd_model_02_9

## WARNING: 
Davidson iteration order must be smaller than A-vector length!
IntOrder =  500, adim =   100
IntOrder is reduced to adim-1
 job arguments  /opt/gridengine/default/spool/compute-0-21/job_scripts/124316
+ dmtcp_coordinator --quiet --port 0 --port-file /tmp/124316.1.long/dmtcp_port --ckptdir /home/ckpt/ckpt.124316 --exit-on-last --daemon
+ '[' 0 -ne 0 ']'
+ cp /opt/gridengine/default/spool/compute-0-21/job_scripts/124316 /home/ckpt/ckpt.124316/jobscript
+ shift
+ '[' -n '' ']'
++ cat /tmp/124316.1.long/dmtcp_port
+ exec dmtcp_launch -p 36117 /bin/bash /home/ckpt/ckpt.124316/jobscript
++++++++++++++++++++++++++++++++++++++++++++++++++++++++++
++++++++++++++++++++++++++++++++++++++++++++++++++++++++++
echo lambda: 0.50 / COUNTER: 10 / num conf: 03
OMP_NUM_THREADS: 8
HOSTNAME:  compute-0-21.local / QUEUE:  long
++++++++++++++++++++++++++++++++++++++++++++++++++++++++++
++++++++++++++++++++++++++++++++++++++++++++++++++++++++++
Created name-directory: /nashome/mmendez/github_repositories/my_repositories/mctdh_cp2021/double_quantum_dot_model/qdot_02/energies_vs_lambda/study_of_performance/double_qd_model_02_10

## WARNING: 
Davidson iteration order must be smaller than A-vector length!
IntOrder =  500, adim =   100
IntOrder is reduced to adim-1
 job arguments  /opt/gridengine/default/spool/compute-0-21/job_scripts/124317
+ dmtcp_coordinator --quiet --port 0 --port-file /tmp/124317.1.long/dmtcp_port --ckptdir /home/ckpt/ckpt.124317 --exit-on-last --daemon
+ '[' 0 -ne 0 ']'
+ cp /opt/gridengine/default/spool/compute-0-21/job_scripts/124317 /home/ckpt/ckpt.124317/jobscript
+ shift
+ '[' -n '' ']'
++ cat /tmp/124317.1.long/dmtcp_port
+ exec dmtcp_launch -p 37634 /bin/bash /home/ckpt/ckpt.124317/jobscript
++++++++++++++++++++++++++++++++++++++++++++++++++++++++++
++++++++++++++++++++++++++++++++++++++++++++++++++++++++++
echo lambda: 0.55 / COUNTER: 11 / num conf: 03
OMP_NUM_THREADS: 8
HOSTNAME:  compute-0-21.local / QUEUE:  long
++++++++++++++++++++++++++++++++++++++++++++++++++++++++++
++++++++++++++++++++++++++++++++++++++++++++++++++++++++++
Created name-directory: /nashome/mmendez/github_repositories/my_repositories/mctdh_cp2021/double_quantum_dot_model/qdot_02/energies_vs_lambda/study_of_performance/double_qd_model_02_11

## WARNING: 
Davidson iteration order must be smaller than A-vector length!
IntOrder =  500, adim =   100
IntOrder is reduced to adim-1
[65000] NOTE at processinfo.cpp:203 in growStack; REASON='bottom-most page of stack (page with highest address) was
  invisible in /proc/self/maps. It is made visible again now.'
[70000] NOTE at processinfo.cpp:203 in growStack; REASON='bottom-most page of stack (page with highest address) was
  invisible in /proc/self/maps. It is made visible again now.'
 job arguments  /opt/gridengine/default/spool/compute-0-21/job_scripts/124318
+ dmtcp_coordinator --quiet --port 0 --port-file /tmp/124318.1.long/dmtcp_port --ckptdir /home/ckpt/ckpt.124318 --exit-on-last --daemon
+ '[' 0 -ne 0 ']'
+ cp /opt/gridengine/default/spool/compute-0-21/job_scripts/124318 /home/ckpt/ckpt.124318/jobscript
+ shift
+ '[' -n '' ']'
++ cat /tmp/124318.1.long/dmtcp_port
+ exec dmtcp_launch -p 34558 /bin/bash /home/ckpt/ckpt.124318/jobscript
++++++++++++++++++++++++++++++++++++++++++++++++++++++++++
++++++++++++++++++++++++++++++++++++++++++++++++++++++++++
echo lambda: 0.60 / COUNTER: 12 / num conf: 03
OMP_NUM_THREADS: 8
HOSTNAME:  compute-0-21.local / QUEUE:  long
++++++++++++++++++++++++++++++++++++++++++++++++++++++++++
++++++++++++++++++++++++++++++++++++++++++++++++++++++++++
Created name-directory: /nashome/mmendez/github_repositories/my_repositories/mctdh_cp2021/double_quantum_dot_model/qdot_02/energies_vs_lambda/study_of_performance/double_qd_model_02_12

## WARNING: 
Davidson iteration order must be smaller than A-vector length!
IntOrder =  500, adim =   100
IntOrder is reduced to adim-1
 job arguments  /opt/gridengine/default/spool/compute-0-21/job_scripts/124319
+ dmtcp_coordinator --quiet --port 0 --port-file /tmp/124319.1.long/dmtcp_port --ckptdir /home/ckpt/ckpt.124319 --exit-on-last --daemon
+ '[' 0 -ne 0 ']'
+ cp /opt/gridengine/default/spool/compute-0-21/job_scripts/124319 /home/ckpt/ckpt.124319/jobscript
+ shift
+ '[' -n '' ']'
++ cat /tmp/124319.1.long/dmtcp_port
+ exec dmtcp_launch -p 35411 /bin/bash /home/ckpt/ckpt.124319/jobscript
++++++++++++++++++++++++++++++++++++++++++++++++++++++++++
++++++++++++++++++++++++++++++++++++++++++++++++++++++++++
echo lambda: 0.65 / COUNTER: 13 / num conf: 03
OMP_NUM_THREADS: 8
HOSTNAME:  compute-0-21.local / QUEUE:  long
++++++++++++++++++++++++++++++++++++++++++++++++++++++++++
++++++++++++++++++++++++++++++++++++++++++++++++++++++++++
Created name-directory: /nashome/mmendez/github_repositories/my_repositories/mctdh_cp2021/double_quantum_dot_model/qdot_02/energies_vs_lambda/study_of_performance/double_qd_model_02_13

## WARNING: 
Davidson iteration order must be smaller than A-vector length!
IntOrder =  500, adim =   100
IntOrder is reduced to adim-1
[62000] NOTE at processinfo.cpp:203 in growStack; REASON='bottom-most page of stack (page with highest address) was
  invisible in /proc/self/maps. It is made visible again now.'
 job arguments  /opt/gridengine/default/spool/compute-0-21/job_scripts/124320
+ dmtcp_coordinator --quiet --port 0 --port-file /tmp/124320.1.long/dmtcp_port --ckptdir /home/ckpt/ckpt.124320 --exit-on-last --daemon
+ '[' 0 -ne 0 ']'
+ cp /opt/gridengine/default/spool/compute-0-21/job_scripts/124320 /home/ckpt/ckpt.124320/jobscript
+ shift
+ '[' -n '' ']'
++ cat /tmp/124320.1.long/dmtcp_port
+ exec dmtcp_launch -p 46356 /bin/bash /home/ckpt/ckpt.124320/jobscript
++++++++++++++++++++++++++++++++++++++++++++++++++++++++++
++++++++++++++++++++++++++++++++++++++++++++++++++++++++++
echo lambda: 0.70 / COUNTER: 14 / num conf: 03
OMP_NUM_THREADS: 8
HOSTNAME:  compute-0-21.local / QUEUE:  long
++++++++++++++++++++++++++++++++++++++++++++++++++++++++++
++++++++++++++++++++++++++++++++++++++++++++++++++++++++++
Created name-directory: /nashome/mmendez/github_repositories/my_repositories/mctdh_cp2021/double_quantum_dot_model/qdot_02/energies_vs_lambda/study_of_performance/double_qd_model_02_14

## WARNING: 
Davidson iteration order must be smaller than A-vector length!
IntOrder =  500, adim =   100
IntOrder is reduced to adim-1
 job arguments  /opt/gridengine/default/spool/compute-0-21/job_scripts/124321
+ dmtcp_coordinator --quiet --port 0 --port-file /tmp/124321.1.long/dmtcp_port --ckptdir /home/ckpt/ckpt.124321 --exit-on-last --daemon
+ '[' 0 -ne 0 ']'
+ cp /opt/gridengine/default/spool/compute-0-21/job_scripts/124321 /home/ckpt/ckpt.124321/jobscript
+ shift
+ '[' -n '' ']'
++ cat /tmp/124321.1.long/dmtcp_port
+ exec dmtcp_launch -p 39776 /bin/bash /home/ckpt/ckpt.124321/jobscript
++++++++++++++++++++++++++++++++++++++++++++++++++++++++++
++++++++++++++++++++++++++++++++++++++++++++++++++++++++++
echo lambda: 0.75 / COUNTER: 15 / num conf: 03
OMP_NUM_THREADS: 8
HOSTNAME:  compute-0-21.local / QUEUE:  long
++++++++++++++++++++++++++++++++++++++++++++++++++++++++++
++++++++++++++++++++++++++++++++++++++++++++++++++++++++++
Created name-directory: /nashome/mmendez/github_repositories/my_repositories/mctdh_cp2021/double_quantum_dot_model/qdot_02/energies_vs_lambda/study_of_performance/double_qd_model_02_15

## WARNING: 
Davidson iteration order must be smaller than A-vector length!
IntOrder =  500, adim =   100
IntOrder is reduced to adim-1
 job arguments  /opt/gridengine/default/spool/compute-0-21/job_scripts/124322
+ dmtcp_coordinator --quiet --port 0 --port-file /tmp/124322.1.long/dmtcp_port --ckptdir /home/ckpt/ckpt.124322 --exit-on-last --daemon
+ '[' 0 -ne 0 ']'
+ cp /opt/gridengine/default/spool/compute-0-21/job_scripts/124322 /home/ckpt/ckpt.124322/jobscript
+ shift
+ '[' -n '' ']'
++ cat /tmp/124322.1.long/dmtcp_port
+ exec dmtcp_launch -p 40241 /bin/bash /home/ckpt/ckpt.124322/jobscript
++++++++++++++++++++++++++++++++++++++++++++++++++++++++++
++++++++++++++++++++++++++++++++++++++++++++++++++++++++++
echo lambda: 0.80 / COUNTER: 16 / num conf: 03
OMP_NUM_THREADS: 8
HOSTNAME:  compute-0-21.local / QUEUE:  long
++++++++++++++++++++++++++++++++++++++++++++++++++++++++++
++++++++++++++++++++++++++++++++++++++++++++++++++++++++++
Created name-directory: /nashome/mmendez/github_repositories/my_repositories/mctdh_cp2021/double_quantum_dot_model/qdot_02/energies_vs_lambda/study_of_performance/double_qd_model_02_16

## WARNING: 
Davidson iteration order must be smaller than A-vector length!
IntOrder =  500, adim =   100
IntOrder is reduced to adim-1
 job arguments  /opt/gridengine/default/spool/compute-0-21/job_scripts/124323
+ dmtcp_coordinator --quiet --port 0 --port-file /tmp/124323.1.long/dmtcp_port --ckptdir /home/ckpt/ckpt.124323 --exit-on-last --daemon
+ '[' 0 -ne 0 ']'
+ cp /opt/gridengine/default/spool/compute-0-21/job_scripts/124323 /home/ckpt/ckpt.124323/jobscript
+ shift
+ '[' -n '' ']'
++ cat /tmp/124323.1.long/dmtcp_port
+ exec dmtcp_launch -p 43076 /bin/bash /home/ckpt/ckpt.124323/jobscript
++++++++++++++++++++++++++++++++++++++++++++++++++++++++++
++++++++++++++++++++++++++++++++++++++++++++++++++++++++++
echo lambda: 0.85 / COUNTER: 17 / num conf: 03
OMP_NUM_THREADS: 8
HOSTNAME:  compute-0-21.local / QUEUE:  long
++++++++++++++++++++++++++++++++++++++++++++++++++++++++++
++++++++++++++++++++++++++++++++++++++++++++++++++++++++++
Created name-directory: /nashome/mmendez/github_repositories/my_repositories/mctdh_cp2021/double_quantum_dot_model/qdot_02/energies_vs_lambda/study_of_performance/double_qd_model_02_17

## WARNING: 
Davidson iteration order must be smaller than A-vector length!
IntOrder =  500, adim =   100
IntOrder is reduced to adim-1
[49000] NOTE at processinfo.cpp:203 in growStack; REASON='bottom-most page of stack (page with highest address) was
  invisible in /proc/self/maps. It is made visible again now.'
 job arguments  /opt/gridengine/default/spool/compute-0-21/job_scripts/124324
+ dmtcp_coordinator --quiet --port 0 --port-file /tmp/124324.1.long/dmtcp_port --ckptdir /home/ckpt/ckpt.124324 --exit-on-last --daemon
+ '[' 0 -ne 0 ']'
+ cp /opt/gridengine/default/spool/compute-0-21/job_scripts/124324 /home/ckpt/ckpt.124324/jobscript
+ shift
+ '[' -n '' ']'
++ cat /tmp/124324.1.long/dmtcp_port
+ exec dmtcp_launch -p 44111 /bin/bash /home/ckpt/ckpt.124324/jobscript
++++++++++++++++++++++++++++++++++++++++++++++++++++++++++
++++++++++++++++++++++++++++++++++++++++++++++++++++++++++
echo lambda: 0.90 / COUNTER: 18 / num conf: 03
OMP_NUM_THREADS: 8
HOSTNAME:  compute-0-21.local / QUEUE:  long
++++++++++++++++++++++++++++++++++++++++++++++++++++++++++
++++++++++++++++++++++++++++++++++++++++++++++++++++++++++
Created name-directory: /nashome/mmendez/github_repositories/my_repositories/mctdh_cp2021/double_quantum_dot_model/qdot_02/energies_vs_lambda/study_of_performance/double_qd_model_02_18

## WARNING: 
Davidson iteration order must be smaller than A-vector length!
IntOrder =  500, adim =   100
IntOrder is reduced to adim-1
 job arguments  /opt/gridengine/default/spool/compute-0-21/job_scripts/124325
+ dmtcp_coordinator --quiet --port 0 --port-file /tmp/124325.1.long/dmtcp_port --ckptdir /home/ckpt/ckpt.124325 --exit-on-last --daemon
+ '[' 0 -ne 0 ']'
+ cp /opt/gridengine/default/spool/compute-0-21/job_scripts/124325 /home/ckpt/ckpt.124325/jobscript
+ shift
+ '[' -n '' ']'
++ cat /tmp/124325.1.long/dmtcp_port
+ exec dmtcp_launch -p 38288 /bin/bash /home/ckpt/ckpt.124325/jobscript
++++++++++++++++++++++++++++++++++++++++++++++++++++++++++
++++++++++++++++++++++++++++++++++++++++++++++++++++++++++
echo lambda: 0.95 / COUNTER: 19 / num conf: 03
OMP_NUM_THREADS: 8
HOSTNAME:  compute-0-21.local / QUEUE:  long
++++++++++++++++++++++++++++++++++++++++++++++++++++++++++
++++++++++++++++++++++++++++++++++++++++++++++++++++++++++
Created name-directory: /nashome/mmendez/github_repositories/my_repositories/mctdh_cp2021/double_quantum_dot_model/qdot_02/energies_vs_lambda/study_of_performance/double_qd_model_02_19

## WARNING: 
Davidson iteration order must be smaller than A-vector length!
IntOrder =  500, adim =   100
IntOrder is reduced to adim-1
[57000] NOTE at processinfo.cpp:203 in growStack; REASON='bottom-most page of stack (page with highest address) was
  invisible in /proc/self/maps. It is made visible again now.'
 job arguments  /opt/gridengine/default/spool/compute-0-21/job_scripts/124326
+ dmtcp_coordinator --quiet --port 0 --port-file /tmp/124326.1.long/dmtcp_port --ckptdir /home/ckpt/ckpt.124326 --exit-on-last --daemon
+ '[' 0 -ne 0 ']'
+ cp /opt/gridengine/default/spool/compute-0-21/job_scripts/124326 /home/ckpt/ckpt.124326/jobscript
+ shift
+ '[' -n '' ']'
++ cat /tmp/124326.1.long/dmtcp_port
+ exec dmtcp_launch -p 37518 /bin/bash /home/ckpt/ckpt.124326/jobscript
++++++++++++++++++++++++++++++++++++++++++++++++++++++++++
++++++++++++++++++++++++++++++++++++++++++++++++++++++++++
echo lambda: 1.00 / COUNTER: 20 / num conf: 03
OMP_NUM_THREADS: 8
HOSTNAME:  compute-0-21.local / QUEUE:  long
++++++++++++++++++++++++++++++++++++++++++++++++++++++++++
++++++++++++++++++++++++++++++++++++++++++++++++++++++++++
Created name-directory: /nashome/mmendez/github_repositories/my_repositories/mctdh_cp2021/double_quantum_dot_model/qdot_02/energies_vs_lambda/study_of_performance/double_qd_model_02_20

## WARNING: 
Davidson iteration order must be smaller than A-vector length!
IntOrder =  500, adim =   100
IntOrder is reduced to adim-1
