 job arguments  /opt/gridengine/default/spool/compute-0-21/job_scripts/124757
+ dmtcp_coordinator --quiet --port 0 --port-file /tmp/124757.1.long/dmtcp_port --ckptdir /home/ckpt/ckpt.124757 --exit-on-last --daemon
+ '[' 0 -ne 0 ']'
+ cp /opt/gridengine/default/spool/compute-0-21/job_scripts/124757 /home/ckpt/ckpt.124757/jobscript
+ shift
+ '[' -n '' ']'
++ cat /tmp/124757.1.long/dmtcp_port
+ exec dmtcp_launch -p 33942 /bin/bash /home/ckpt/ckpt.124757/jobscript
++++++++++++    START-START-START-START-START   +++++++++++++++++++
++++++++++++++++++++++++++++++++++++++++++++++++++++++++++
++++++++++++++++++++++++++++++++++++++++++++++++++++++++++
lambda:           0.5
num_conf:         3
OMP_NUM_THREADS:  4
OMP_SCHEDULE:     static,128
HOSTNAME:         compute-0-21.local
QUEUE:            long
++++++++++++++++++++++++++++++++++++++++++++++++++++++++++
++++++++++++++++++++++++++++++++++++++++++++++++++++++++++
Created name-directory: /nashome/mmendez/github_repositories/my_repositories/mctdh_cp2021/double_quantum_dot_model/qdot_02/energies_vs_lambda/study_of_performance_02/double_qd_model_02_3

## WARNING: 
Davidson iteration order must be smaller than A-vector length!
IntOrder =  500, adim =   100
IntOrder is reduced to adim-1
++++++++++++          END-END-END-END-END       +++++++++++++++++++
