 job arguments  /opt/gridengine/default/spool/compute-0-22/job_scripts/125265
+ dmtcp_coordinator --quiet --port 0 --port-file /tmp/125265.1.long/dmtcp_port --ckptdir /home/ckpt/ckpt.125265 --exit-on-last --daemon
+ '[' 0 -ne 0 ']'
+ cp /opt/gridengine/default/spool/compute-0-22/job_scripts/125265 /home/ckpt/ckpt.125265/jobscript
+ shift
+ '[' -n '' ']'
++ cat /tmp/125265.1.long/dmtcp_port
+ exec dmtcp_launch -p 44343 /bin/bash /home/ckpt/ckpt.125265/jobscript
++++++++++++++++++++++++++++++++++++++++++++++++++++++++++
+++++         START-START-START-START-START          +++++
++++++++++++++++++++++++++++++++++++++++++++++++++++++++++
++++++++++++++++++++++++++++++++++++++++++++++++++++++++++
++++++++++++++++++++++++++++++++++++++++++++++++++++++++++
lambda:           0.5
num_conf:         1
OMP_NUM_THREADS:  1
HOSTNAME:         compute-0-22.local
QUEUE:            long
++++++++++++++++++++++++++++++++++++++++++++++++++++++++++
++++++++++++++++++++++++++++++++++++++++++++++++++++++++++
Created name-directory: /nashome/mmendez/github_repositories/my_repositories/mctdh_cp2021/double_quantum_dot_model/qdot_02/energies_vs_lambda/study_of_performance_02/double_qd_model_02_1_v1

## WARNING: 
Davidson iteration order must be smaller than A-vector length!
IntOrder =  500, adim =   100
IntOrder is reduced to adim-1
mv: cannot move 'double_qd_model_02_1_v1/' to 'configuration_01/double_qd_model_02_1_v1/': No such file or directory
++++++++++++++++++++++++++++++++++++++++++++++++++++++++++
++++               END-END-END-END-END                ++++
++++++++++++++++++++++++++++++++++++++++++++++++++++++++++
 job arguments  /opt/gridengine/default/spool/compute-0-22/job_scripts/125269
+ dmtcp_coordinator --quiet --port 0 --port-file /tmp/125269.1.long/dmtcp_port --ckptdir /home/ckpt/ckpt.125269 --exit-on-last --daemon
+ '[' 0 -ne 0 ']'
+ cp /opt/gridengine/default/spool/compute-0-22/job_scripts/125269 /home/ckpt/ckpt.125269/jobscript
+ shift
+ '[' -n '' ']'
++ cat /tmp/125269.1.long/dmtcp_port
+ exec dmtcp_launch -p 38267 /bin/bash /home/ckpt/ckpt.125269/jobscript
++++++++++++++++++++++++++++++++++++++++++++++++++++++++++
+++++         START-START-START-START-START          +++++
++++++++++++++++++++++++++++++++++++++++++++++++++++++++++
++++++++++++++++++++++++++++++++++++++++++++++++++++++++++
++++++++++++++++++++++++++++++++++++++++++++++++++++++++++
lambda:           0.5
num_conf:         1
OMP_NUM_THREADS:  1
HOSTNAME:         compute-0-22.local
QUEUE:            long
++++++++++++++++++++++++++++++++++++++++++++++++++++++++++
++++++++++++++++++++++++++++++++++++++++++++++++++++++++++
[46000] NOTE at processinfo.cpp:203 in growStack; REASON='bottom-most page of stack (page with highest address) was
  invisible in /proc/self/maps. It is made visible again now.'
Created name-directory: /nashome/mmendez/github_repositories/my_repositories/mctdh_cp2021/double_quantum_dot_model/qdot_02/energies_vs_lambda/study_of_performance_02/double_qd_model_02_1_v1

## WARNING: 
Davidson iteration order must be smaller than A-vector length!
IntOrder =  500, adim =   100
IntOrder is reduced to adim-1
++++++++++++++++++++++++++++++++++++++++++++++++++++++++++
++++               END-END-END-END-END                ++++
++++++++++++++++++++++++++++++++++++++++++++++++++++++++++
