 job arguments  /opt/gridengine/default/spool/compute-0-24/job_scripts/121645
+ dmtcp_coordinator --quiet --port 0 --port-file /tmp/121645.1.long/dmtcp_port --ckptdir /home/ckpt/ckpt.121645 --exit-on-last --daemon
+ '[' 0 -ne 0 ']'
+ cp /opt/gridengine/default/spool/compute-0-24/job_scripts/121645 /home/ckpt/ckpt.121645/jobscript
+ shift
+ '[' -n '' ']'
++ cat /tmp/121645.1.long/dmtcp_port
+ exec dmtcp_launch -p 42812 /bin/bash /home/ckpt/ckpt.121645/jobscript
/home/ckpt/ckpt.121645/jobscript: línea 43: export: `=': no es un identificador válido
/home/ckpt/ckpt.121645/jobscript: línea 43: export: `8': no es un identificador válido
+++++++++++++++++++++++++++++++++++++++++++++++++
started run
dom abr  3 23:02:15 -03 2022
OMP_NUM_THREADS : {$NSLOTS}
+++++++++++++++++++++++++++++++++++++++++++++++++
./sge_qdot_02_collect_ergy_job_run_1.sh: line 73: export: `=': not a valid identifier
./sge_qdot_02_collect_ergy_job_run_1.sh: line 73: export: `8': not a valid identifier
######################################################
started run
Sun Apr  3 23:02:16 -03 2022
OMP_NUM_THREADS : {$NSLOTS}
