 job arguments  /opt/gridengine/default/spool/compute-0-21/job_scripts/124482
+ dmtcp_coordinator --quiet --port 0 --port-file /tmp/124482.1.long/dmtcp_port --ckptdir /home/ckpt/ckpt.124482 --exit-on-last --daemon
+ '[' 0 -ne 0 ']'
+ cp /opt/gridengine/default/spool/compute-0-21/job_scripts/124482 /home/ckpt/ckpt.124482/jobscript
+ shift
+ '[' -n '' ']'
++ cat /tmp/124482.1.long/dmtcp_port
+ exec dmtcp_launch -p 43951 /bin/bash /home/ckpt/ckpt.124482/jobscript
++++++++++++    START-START-START-START-START   +++++++++++++++++++
++++++++++++++++++++++++++++++++++++++++++++++++++++++++++
++++++++++++++++++++++++++++++++++++++++++++++++++++++++++
echo lambda: 0.05 / COUNTER: 3 / num_conf: 3
OMP_NUM_THREADS: 3
HOSTNAME:  compute-0-21.local / QUEUE:  long
++++++++++++++++++++++++++++++++++++++++++++++++++++++++++
++++++++++++++++++++++++++++++++++++++++++++++++++++++++++
Created name-directory: /nashome/mmendez/github_repositories/my_repositories/mctdh_cp2021/double_quantum_dot_model/qdot_02/energies_vs_lambda/study_of_performance_02/double_qd_model_02_3

## WARNING: 
Davidson iteration order must be smaller than A-vector length!
IntOrder =  500, adim =   100
IntOrder is reduced to adim-1
++++++++++++          END-END-END-END-END       +++++++++++++++++++
 job arguments  /opt/gridengine/default/spool/compute-0-21/job_scripts/124480
+ dmtcp_coordinator --quiet --port 0 --port-file /tmp/124480.1.long/dmtcp_port --ckptdir /home/ckpt/ckpt.124480 --exit-on-last --daemon
 job arguments  /opt/gridengine/default/spool/compute-0-21/job_scripts/124481
+ dmtcp_coordinator --quiet --port 0 --port-file /tmp/124481.1.long/dmtcp_port --ckptdir /home/ckpt/ckpt.124481 --exit-on-last --daemon
+ '[' 0 -ne 0 ']'
+ cp /opt/gridengine/default/spool/compute-0-21/job_scripts/124480 /home/ckpt/ckpt.124480/jobscript
+ '[' 0 -ne 0 ']'
+ cp /opt/gridengine/default/spool/compute-0-21/job_scripts/124481 /home/ckpt/ckpt.124481/jobscript
+ shift
+ '[' -n '' ']'
+ shift
+ '[' -n '' ']'
++ cat /tmp/124480.1.long/dmtcp_port
++ cat /tmp/124481.1.long/dmtcp_port
+ exec dmtcp_launch -p 44409 /bin/bash /home/ckpt/ckpt.124480/jobscript
+ exec dmtcp_launch -p 38334 /bin/bash /home/ckpt/ckpt.124481/jobscript
++++++++++++    START-START-START-START-START   +++++++++++++++++++
++++++++++++++++++++++++++++++++++++++++++++++++++++++++++
++++++++++++++++++++++++++++++++++++++++++++++++++++++++++
echo lambda: 0.05 / COUNTER: 1 / num_conf: 1
OMP_NUM_THREADS: 1
HOSTNAME:  compute-0-21.local / QUEUE:  long
++++++++++++++++++++++++++++++++++++++++++++++++++++++++++
++++++++++++++++++++++++++++++++++++++++++++++++++++++++++
++++++++++++    START-START-START-START-START   +++++++++++++++++++
++++++++++++++++++++++++++++++++++++++++++++++++++++++++++
++++++++++++++++++++++++++++++++++++++++++++++++++++++++++
echo lambda: 0.05 / COUNTER: 2 / num_conf: 2
OMP_NUM_THREADS: 2
HOSTNAME:  compute-0-21.local / QUEUE:  long
++++++++++++++++++++++++++++++++++++++++++++++++++++++++++
++++++++++++++++++++++++++++++++++++++++++++++++++++++++++
Created name-directory: /nashome/mmendez/github_repositories/my_repositories/mctdh_cp2021/double_quantum_dot_model/qdot_02/energies_vs_lambda/study_of_performance_02/double_qd_model_02_1

## WARNING: 
Davidson iteration order must be smaller than A-vector length!
IntOrder =  500, adim =   100
IntOrder is reduced to adim-1
++++++++++++          END-END-END-END-END       +++++++++++++++++++
Created name-directory: /nashome/mmendez/github_repositories/my_repositories/mctdh_cp2021/double_quantum_dot_model/qdot_02/energies_vs_lambda/study_of_performance_02/double_qd_model_02_2

## WARNING: 
Davidson iteration order must be smaller than A-vector length!
IntOrder =  500, adim =   100
IntOrder is reduced to adim-1
++++++++++++          END-END-END-END-END       +++++++++++++++++++
