
******* Array-Dimensions *******

 k   :  minkoe, maxkoe     511   16000
 h   :  htmdim, maxhtm    1019   16000
 hl  :  hopdim, maxhop    1012   16000
 nh  :  minfac, maxfac      12     800
 n   :    ndef, maxdef       3     640
 n   :    npar, maxpar      11    3200
 n   :    nrdf, maxrdf       1      96
 np  : npesopt, maxpes       1     800
 nham:  hamdim, maxham       2      64
 muld: mulddim,maxmuld       1      64
 LMR :    iLMR, maxLMR       0     120

***** Operator details *****

ndof   =   2 ,  nmode   =   2
nopdof =   3 ,  nopmode =   3
feb =  0,  meb =  0,   fpb =  0,  mpb =  0,  mkoe =  3
leb = F,  lmult = F,  lmulpack = F,  lcap = F

DOF no.    label
    1       X1
    2       X2
- - - - - - - - - - - - - - -
    3       Koeff

Mode     DOFs
   1    1=      X1
   2    2=      X2
- - - - - - - - - - - - - - -
   3    3=   Koeff

Number of Hamiltonians defined:     2
    1     system                usediag
    2     heff                  usediag

   Info on muld
  1  mulddof :
   1   2
  1  mulddof2:
   1   2

Information for Hamiltonian : System                                            

Total no. of terms      :    503
No. of correlated terms :    501

No. of uncorrelated terms for mode   1:     1
No. of uncorrelated terms for mode   2:     1

Information for Hamiltonian : heff                                              

Total no. of terms      :      1
No. of correlated terms :      0

No. of uncorrelated terms for mode   1:     1
No. of uncorrelated terms for mode   2:     0

  Parameters
PI                      3.141592653590
V_L                     0.900000000000
lambda                  0.450000000000
mass_X1                 1.000000000000
mass_X2                 1.000000000000
b_L                     0.220000000000
b_R                     1.000000000000
V_R                     0.600000000000
w                       1.000000000000
l                       1.000000000000
R                       9.000000000000

Number of operators removed =     0,  cutoff = 1.00E-09

Default natpotcut = .10000E-08 au  is used.
 natpot no. | cutted terms |  reduce-pf
     1      |          0   | 0.00000 0.00000

  Operator Labels    [hl,hoplab,(deflabel),hopilab,hopfile]
    hl  Label                         function no.  file no.
     1  1                                       1       302
     2  -1                                      2       302
     3  I                                       1       101
     4  KEdvr                                   5         3
     5  V_L                                     2       301
     6  gauss[1]             Veff_L            12       302
     7  V_R                                     8       301
     8  gauss[2]             Veff_R            12       302
     9  lambda                                  3       301
    10  natpot  1            Vee                0      -999
    11  npot1,1                                 1         1
   ...  ......  Set "print-npot" to see all   ...       ...
  1012  npot1002,1                           1002         1

Hamiltonian Operator Terms [h,htmdof,htmadof,htmndof,htmmode,htmmuld,htmtype,
                            htmsym,htmshift,string]
   No.   f  af  nf   m  md Typ Sym   Shift      Term
     1   1   1   0   0   0   1   1       0    1
     2   2   2   0   0   0   1   1       0    1
     3   K           0   0   1   1            1
    14   1   1   0   0   0   2   1       0    npot1,1*lambda
   ...  ......  Set "print-npot" to see all  ......
  1015   2   2   0   0   0   2   1       0    npot1002,1
  1016   1   1   0   0   0   8   1       0    KEdvr + gauss[1]*-1*V_L + gauss[2]*-1*V_R
  1017   2   2   0   0   0   8   1       0    KEdvr + gauss[1]*-1*V_L + gauss[2]*-1*V_R

Arguments for operators
  No.    Arguments
    1   0.22000000       -4.5000000        0.0000000        0.0000000    
    2    1.0000000        4.5000000        0.0000000        0.0000000    

Files containing operators
  No.        Name
    1     /home/mendez/MCTDH/mctdh_cp2021/double_quantum_dot_model/qdot_02/potfi

********* System Hamiltonian ***********                                        

Correlated Terms  (ki,kf: initial and final el. state. h=hamilton(f,k))
            dof order =     X1 |    X2 |
     k  ki  kf coeff   No.s
     1   1   1    3         14      15
     2   1   1    3         16      17
     3   1   1    3         18      19
     4   1   1    3         20      21
     5   1   1    3         22      23
     6   1   1    3         24      25
     7   1   1    3         26      27
     8   1   1    3         28      29
     9   1   1    3         30      31
    10   1   1    3         32      33
    11   1   1    3         34      35
    12   1   1    3         36      37
    13   1   1    3         38      39
    14   1   1    3         40      41
    15   1   1    3         42      43
    16   1   1    3         44      45
    17   1   1    3         46      47
    18   1   1    3         48      49
    19   1   1    3         50      51
    20   1   1    3         52      53
    21   1   1    3         54      55
    22   1   1    3         56      57
    23   1   1    3         58      59
    24   1   1    3         60      61
    25   1   1    3         62      63
    26   1   1    3         64      65
    27   1   1    3         66      67
    28   1   1    3         68      69
    29   1   1    3         70      71
    30   1   1    3         72      73
    31   1   1    3         74      75
    32   1   1    3         76      77
    33   1   1    3         78      79
    34   1   1    3         80      81
    35   1   1    3         82      83
    36   1   1    3         84      85
    37   1   1    3         86      87
    38   1   1    3         88      89
    39   1   1    3         90      91
    40   1   1    3         92      93
    41   1   1    3         94      95
    42   1   1    3         96      97
    43   1   1    3         98      99
    44   1   1    3        100     101
    45   1   1    3        102     103
    46   1   1    3        104     105
    47   1   1    3        106     107
    48   1   1    3        108     109
    49   1   1    3        110     111
    50   1   1    3        112     113
    51   1   1    3        114     115
    52   1   1    3        116     117
    53   1   1    3        118     119
    54   1   1    3        120     121
    55   1   1    3        122     123
    56   1   1    3        124     125
    57   1   1    3        126     127
    58   1   1    3        128     129
    59   1   1    3        130     131
    60   1   1    3        132     133
    61   1   1    3        134     135
    62   1   1    3        136     137
    63   1   1    3        138     139
    64   1   1    3        140     141
    65   1   1    3        142     143
    66   1   1    3        144     145
    67   1   1    3        146     147
    68   1   1    3        148     149
    69   1   1    3        150     151
    70   1   1    3        152     153
    71   1   1    3        154     155
    72   1   1    3        156     157
    73   1   1    3        158     159
    74   1   1    3        160     161
    75   1   1    3        162     163
    76   1   1    3        164     165
    77   1   1    3        166     167
    78   1   1    3        168     169
    79   1   1    3        170     171
    80   1   1    3        172     173
    81   1   1    3        174     175
    82   1   1    3        176     177
    83   1   1    3        178     179
    84   1   1    3        180     181
    85   1   1    3        182     183
    86   1   1    3        184     185
    87   1   1    3        186     187
    88   1   1    3        188     189
    89   1   1    3        190     191
    90   1   1    3        192     193
    91   1   1    3        194     195
    92   1   1    3        196     197
    93   1   1    3        198     199
    94   1   1    3        200     201
    95   1   1    3        202     203
    96   1   1    3        204     205
    97   1   1    3        206     207
    98   1   1    3        208     209
    99   1   1    3        210     211
   100   1   1    3        212     213
   101   1   1    3        214     215
   102   1   1    3        216     217
   103   1   1    3        218     219
   104   1   1    3        220     221
   105   1   1    3        222     223
   106   1   1    3        224     225
   107   1   1    3        226     227
   108   1   1    3        228     229
   109   1   1    3        230     231
   110   1   1    3        232     233
   111   1   1    3        234     235
   112   1   1    3        236     237
   113   1   1    3        238     239
   114   1   1    3        240     241
   115   1   1    3        242     243
   116   1   1    3        244     245
   117   1   1    3        246     247
   118   1   1    3        248     249
   119   1   1    3        250     251
   120   1   1    3        252     253
   121   1   1    3        254     255
   122   1   1    3        256     257
   123   1   1    3        258     259
   124   1   1    3        260     261
   125   1   1    3        262     263
   126   1   1    3        264     265
   127   1   1    3        266     267
   128   1   1    3        268     269
   129   1   1    3        270     271
   130   1   1    3        272     273
   131   1   1    3        274     275
   132   1   1    3        276     277
   133   1   1    3        278     279
   134   1   1    3        280     281
   135   1   1    3        282     283
   136   1   1    3        284     285
   137   1   1    3        286     287
   138   1   1    3        288     289
   139   1   1    3        290     291
   140   1   1    3        292     293
   141   1   1    3        294     295
   142   1   1    3        296     297
   143   1   1    3        298     299
   144   1   1    3        300     301
   145   1   1    3        302     303
   146   1   1    3        304     305
   147   1   1    3        306     307
   148   1   1    3        308     309
   149   1   1    3        310     311
   150   1   1    3        312     313
   151   1   1    3        314     315
   152   1   1    3        316     317
   153   1   1    3        318     319
   154   1   1    3        320     321
   155   1   1    3        322     323
   156   1   1    3        324     325
   157   1   1    3        326     327
   158   1   1    3        328     329
   159   1   1    3        330     331
   160   1   1    3        332     333
   161   1   1    3        334     335
   162   1   1    3        336     337
   163   1   1    3        338     339
   164   1   1    3        340     341
   165   1   1    3        342     343
   166   1   1    3        344     345
   167   1   1    3        346     347
   168   1   1    3        348     349
   169   1   1    3        350     351
   170   1   1    3        352     353
   171   1   1    3        354     355
   172   1   1    3        356     357
   173   1   1    3        358     359
   174   1   1    3        360     361
   175   1   1    3        362     363
   176   1   1    3        364     365
   177   1   1    3        366     367
   178   1   1    3        368     369
   179   1   1    3        370     371
   180   1   1    3        372     373
   181   1   1    3        374     375
   182   1   1    3        376     377
   183   1   1    3        378     379
   184   1   1    3        380     381
   185   1   1    3        382     383
   186   1   1    3        384     385
   187   1   1    3        386     387
   188   1   1    3        388     389
   189   1   1    3        390     391
   190   1   1    3        392     393
   191   1   1    3        394     395
   192   1   1    3        396     397
   193   1   1    3        398     399
   194   1   1    3        400     401
   195   1   1    3        402     403
   196   1   1    3        404     405
   197   1   1    3        406     407
   198   1   1    3        408     409
   199   1   1    3        410     411
   200   1   1    3        412     413
   201   1   1    3        414     415
   202   1   1    3        416     417
   203   1   1    3        418     419
   204   1   1    3        420     421
   205   1   1    3        422     423
   206   1   1    3        424     425
   207   1   1    3        426     427
   208   1   1    3        428     429
   209   1   1    3        430     431
   210   1   1    3        432     433
   211   1   1    3        434     435
   212   1   1    3        436     437
   213   1   1    3        438     439
   214   1   1    3        440     441
   215   1   1    3        442     443
   216   1   1    3        444     445
   217   1   1    3        446     447
   218   1   1    3        448     449
   219   1   1    3        450     451
   220   1   1    3        452     453
   221   1   1    3        454     455
   222   1   1    3        456     457
   223   1   1    3        458     459
   224   1   1    3        460     461
   225   1   1    3        462     463
   226   1   1    3        464     465
   227   1   1    3        466     467
   228   1   1    3        468     469
   229   1   1    3        470     471
   230   1   1    3        472     473
   231   1   1    3        474     475
   232   1   1    3        476     477
   233   1   1    3        478     479
   234   1   1    3        480     481
   235   1   1    3        482     483
   236   1   1    3        484     485
   237   1   1    3        486     487
   238   1   1    3        488     489
   239   1   1    3        490     491
   240   1   1    3        492     493
   241   1   1    3        494     495
   242   1   1    3        496     497
   243   1   1    3        498     499
   244   1   1    3        500     501
   245   1   1    3        502     503
   246   1   1    3        504     505
   247   1   1    3        506     507
   248   1   1    3        508     509
   249   1   1    3        510     511
   250   1   1    3        512     513
   251   1   1    3        514     515
   252   1   1    3        516     517
   253   1   1    3        518     519
   254   1   1    3        520     521
   255   1   1    3        522     523
   256   1   1    3        524     525
   257   1   1    3        526     527
   258   1   1    3        528     529
   259   1   1    3        530     531
   260   1   1    3        532     533
   261   1   1    3        534     535
   262   1   1    3        536     537
   263   1   1    3        538     539
   264   1   1    3        540     541
   265   1   1    3        542     543
   266   1   1    3        544     545
   267   1   1    3        546     547
   268   1   1    3        548     549
   269   1   1    3        550     551
   270   1   1    3        552     553
   271   1   1    3        554     555
   272   1   1    3        556     557
   273   1   1    3        558     559
   274   1   1    3        560     561
   275   1   1    3        562     563
   276   1   1    3        564     565
   277   1   1    3        566     567
   278   1   1    3        568     569
   279   1   1    3        570     571
   280   1   1    3        572     573
   281   1   1    3        574     575
   282   1   1    3        576     577
   283   1   1    3        578     579
   284   1   1    3        580     581
   285   1   1    3        582     583
   286   1   1    3        584     585
   287   1   1    3        586     587
   288   1   1    3        588     589
   289   1   1    3        590     591
   290   1   1    3        592     593
   291   1   1    3        594     595
   292   1   1    3        596     597
   293   1   1    3        598     599
   294   1   1    3        600     601
   295   1   1    3        602     603
   296   1   1    3        604     605
   297   1   1    3        606     607
   298   1   1    3        608     609
   299   1   1    3        610     611
   300   1   1    3        612     613
   301   1   1    3        614     615
   302   1   1    3        616     617
   303   1   1    3        618     619
   304   1   1    3        620     621
   305   1   1    3        622     623
   306   1   1    3        624     625
   307   1   1    3        626     627
   308   1   1    3        628     629
   309   1   1    3        630     631
   310   1   1    3        632     633
   311   1   1    3        634     635
   312   1   1    3        636     637
   313   1   1    3        638     639
   314   1   1    3        640     641
   315   1   1    3        642     643
   316   1   1    3        644     645
   317   1   1    3        646     647
   318   1   1    3        648     649
   319   1   1    3        650     651
   320   1   1    3        652     653
   321   1   1    3        654     655
   322   1   1    3        656     657
   323   1   1    3        658     659
   324   1   1    3        660     661
   325   1   1    3        662     663
   326   1   1    3        664     665
   327   1   1    3        666     667
   328   1   1    3        668     669
   329   1   1    3        670     671
   330   1   1    3        672     673
   331   1   1    3        674     675
   332   1   1    3        676     677
   333   1   1    3        678     679
   334   1   1    3        680     681
   335   1   1    3        682     683
   336   1   1    3        684     685
   337   1   1    3        686     687
   338   1   1    3        688     689
   339   1   1    3        690     691
   340   1   1    3        692     693
   341   1   1    3        694     695
   342   1   1    3        696     697
   343   1   1    3        698     699
   344   1   1    3        700     701
   345   1   1    3        702     703
   346   1   1    3        704     705
   347   1   1    3        706     707
   348   1   1    3        708     709
   349   1   1    3        710     711
   350   1   1    3        712     713
   351   1   1    3        714     715
   352   1   1    3        716     717
   353   1   1    3        718     719
   354   1   1    3        720     721
   355   1   1    3        722     723
   356   1   1    3        724     725
   357   1   1    3        726     727
   358   1   1    3        728     729
   359   1   1    3        730     731
   360   1   1    3        732     733
   361   1   1    3        734     735
   362   1   1    3        736     737
   363   1   1    3        738     739
   364   1   1    3        740     741
   365   1   1    3        742     743
   366   1   1    3        744     745
   367   1   1    3        746     747
   368   1   1    3        748     749
   369   1   1    3        750     751
   370   1   1    3        752     753
   371   1   1    3        754     755
   372   1   1    3        756     757
   373   1   1    3        758     759
   374   1   1    3        760     761
   375   1   1    3        762     763
   376   1   1    3        764     765
   377   1   1    3        766     767
   378   1   1    3        768     769
   379   1   1    3        770     771
   380   1   1    3        772     773
   381   1   1    3        774     775
   382   1   1    3        776     777
   383   1   1    3        778     779
   384   1   1    3        780     781
   385   1   1    3        782     783
   386   1   1    3        784     785
   387   1   1    3        786     787
   388   1   1    3        788     789
   389   1   1    3        790     791
   390   1   1    3        792     793
   391   1   1    3        794     795
   392   1   1    3        796     797
   393   1   1    3        798     799
   394   1   1    3        800     801
   395   1   1    3        802     803
   396   1   1    3        804     805
   397   1   1    3        806     807
   398   1   1    3        808     809
   399   1   1    3        810     811
   400   1   1    3        812     813
   401   1   1    3        814     815
   402   1   1    3        816     817
   403   1   1    3        818     819
   404   1   1    3        820     821
   405   1   1    3        822     823
   406   1   1    3        824     825
   407   1   1    3        826     827
   408   1   1    3        828     829
   409   1   1    3        830     831
   410   1   1    3        832     833
   411   1   1    3        834     835
   412   1   1    3        836     837
   413   1   1    3        838     839
   414   1   1    3        840     841
   415   1   1    3        842     843
   416   1   1    3        844     845
   417   1   1    3        846     847
   418   1   1    3        848     849
   419   1   1    3        850     851
   420   1   1    3        852     853
   421   1   1    3        854     855
   422   1   1    3        856     857
   423   1   1    3        858     859
   424   1   1    3        860     861
   425   1   1    3        862     863
   426   1   1    3        864     865
   427   1   1    3        866     867
   428   1   1    3        868     869
   429   1   1    3        870     871
   430   1   1    3        872     873
   431   1   1    3        874     875
   432   1   1    3        876     877
   433   1   1    3        878     879
   434   1   1    3        880     881
   435   1   1    3        882     883
   436   1   1    3        884     885
   437   1   1    3        886     887
   438   1   1    3        888     889
   439   1   1    3        890     891
   440   1   1    3        892     893
   441   1   1    3        894     895
   442   1   1    3        896     897
   443   1   1    3        898     899
   444   1   1    3        900     901
   445   1   1    3        902     903
   446   1   1    3        904     905
   447   1   1    3        906     907
   448   1   1    3        908     909
   449   1   1    3        910     911
   450   1   1    3        912     913
   451   1   1    3        914     915
   452   1   1    3        916     917
   453   1   1    3        918     919
   454   1   1    3        920     921
   455   1   1    3        922     923
   456   1   1    3        924     925
   457   1   1    3        926     927
   458   1   1    3        928     929
   459   1   1    3        930     931
   460   1   1    3        932     933
   461   1   1    3        934     935
   462   1   1    3        936     937
   463   1   1    3        938     939
   464   1   1    3        940     941
   465   1   1    3        942     943
   466   1   1    3        944     945
   467   1   1    3        946     947
   468   1   1    3        948     949
   469   1   1    3        950     951
   470   1   1    3        952     953
   471   1   1    3        954     955
   472   1   1    3        956     957
   473   1   1    3        958     959
   474   1   1    3        960     961
   475   1   1    3        962     963
   476   1   1    3        964     965
   477   1   1    3        966     967
   478   1   1    3        968     969
   479   1   1    3        970     971
   480   1   1    3        972     973
   481   1   1    3        974     975
   482   1   1    3        976     977
   483   1   1    3        978     979
   484   1   1    3        980     981
   485   1   1    3        982     983
   486   1   1    3        984     985
   487   1   1    3        986     987
   488   1   1    3        988     989
   489   1   1    3        990     991
   490   1   1    3        992     993
   491   1   1    3        994     995
   492   1   1    3        996     997
   493   1   1    3        998     999
   494   1   1    3       1000    1001
   495   1   1    3       1002    1003
   496   1   1    3       1004    1005
   497   1   1    3       1006    1007
   498   1   1    3       1008    1009
   499   1   1    3       1010    1011
   500   1   1    3       1012    1013
   501   1   1    3       1014    1015

Uncorrelated Terms
     k   m   s  sym coeff   No.s
   502   1   1   1    3    1016
   503   2   1   1    3    1017

The operator is REAL and HERMITIAN

------------------------------------------------------------------------------


********* heff Hamiltonian ***********                                          

Uncorrelated Terms
     k   m   s  sym coeff   No.s
   504   1   1   1    3    1016

The operator is REAL and HERMITIAN

------------------------------------------------------------------------------

