 job arguments  /opt/gridengine/default/spool/compute-0-7/job_scripts/124671
+ dmtcp_coordinator --quiet --port 0 --port-file /tmp/124671.1.long/dmtcp_port --ckptdir /home/ckpt/ckpt.124671 --exit-on-last --daemon
+ '[' 0 -ne 0 ']'
+ cp /opt/gridengine/default/spool/compute-0-7/job_scripts/124671 /home/ckpt/ckpt.124671/jobscript
+ shift
+ '[' -n '' ']'
++ cat /tmp/124671.1.long/dmtcp_port
+ exec dmtcp_launch -p 33515 /bin/bash /home/ckpt/ckpt.124671/jobscript
**********************************START********************************************
**********************************START********************************************
echo lambda: 0.05 / COUNTER: 1 / num conf: 04
OMP_NUM_THREADS: 4
HOSTNAME:  compute-0-7.local / QUEUE:  long
Created name-directory: /nashome/mmendez/github_repositories/my_repositories/mctdh_cp2021/double_quantum_dot_model/qdot_02/energies_vs_lambda/study_of_performance_01/double_qd_model_02_1

## WARNING: 
Davidson iteration order must be smaller than A-vector length!
IntOrder =  500, adim =   100
IntOrder is reduced to adim-1
**********************************FINISH********************************************
**********************************FINISH********************************************
 job arguments  /opt/gridengine/default/spool/compute-0-7/job_scripts/124672
+ dmtcp_coordinator --quiet --port 0 --port-file /tmp/124672.1.long/dmtcp_port --ckptdir /home/ckpt/ckpt.124672 --exit-on-last --daemon
+ '[' 0 -ne 0 ']'
+ cp /opt/gridengine/default/spool/compute-0-7/job_scripts/124672 /home/ckpt/ckpt.124672/jobscript
+ shift
+ '[' -n '' ']'
++ cat /tmp/124672.1.long/dmtcp_port
+ exec dmtcp_launch -p 40604 /bin/bash /home/ckpt/ckpt.124672/jobscript
**********************************START********************************************
**********************************START********************************************
echo lambda: 0.10 / COUNTER: 2 / num conf: 04
OMP_NUM_THREADS: 4
HOSTNAME:  compute-0-7.local / QUEUE:  long
Created name-directory: /nashome/mmendez/github_repositories/my_repositories/mctdh_cp2021/double_quantum_dot_model/qdot_02/energies_vs_lambda/study_of_performance_01/double_qd_model_02_2

## WARNING: 
Davidson iteration order must be smaller than A-vector length!
IntOrder =  500, adim =   100
IntOrder is reduced to adim-1
**********************************FINISH********************************************
**********************************FINISH********************************************
 job arguments  /opt/gridengine/default/spool/compute-0-7/job_scripts/124673
+ dmtcp_coordinator --quiet --port 0 --port-file /tmp/124673.1.long/dmtcp_port --ckptdir /home/ckpt/ckpt.124673 --exit-on-last --daemon
+ '[' 0 -ne 0 ']'
+ cp /opt/gridengine/default/spool/compute-0-7/job_scripts/124673 /home/ckpt/ckpt.124673/jobscript
+ shift
+ '[' -n '' ']'
++ cat /tmp/124673.1.long/dmtcp_port
+ exec dmtcp_launch -p 40763 /bin/bash /home/ckpt/ckpt.124673/jobscript
**********************************START********************************************
**********************************START********************************************
echo lambda: 0.15 / COUNTER: 3 / num conf: 04
OMP_NUM_THREADS: 4
HOSTNAME:  compute-0-7.local / QUEUE:  long
Created name-directory: /nashome/mmendez/github_repositories/my_repositories/mctdh_cp2021/double_quantum_dot_model/qdot_02/energies_vs_lambda/study_of_performance_01/double_qd_model_02_3

## WARNING: 
Davidson iteration order must be smaller than A-vector length!
IntOrder =  500, adim =   100
IntOrder is reduced to adim-1
**********************************FINISH********************************************
**********************************FINISH********************************************
 job arguments  /opt/gridengine/default/spool/compute-0-7/job_scripts/124674
+ dmtcp_coordinator --quiet --port 0 --port-file /tmp/124674.1.long/dmtcp_port --ckptdir /home/ckpt/ckpt.124674 --exit-on-last --daemon
+ '[' 0 -ne 0 ']'
+ cp /opt/gridengine/default/spool/compute-0-7/job_scripts/124674 /home/ckpt/ckpt.124674/jobscript
+ shift
+ '[' -n '' ']'
++ cat /tmp/124674.1.long/dmtcp_port
+ exec dmtcp_launch -p 35371 /bin/bash /home/ckpt/ckpt.124674/jobscript
**********************************START********************************************
**********************************START********************************************
echo lambda: 0.20 / COUNTER: 4 / num conf: 04
OMP_NUM_THREADS: 4
HOSTNAME:  compute-0-7.local / QUEUE:  long
Created name-directory: /nashome/mmendez/github_repositories/my_repositories/mctdh_cp2021/double_quantum_dot_model/qdot_02/energies_vs_lambda/study_of_performance_01/double_qd_model_02_4

## WARNING: 
Davidson iteration order must be smaller than A-vector length!
IntOrder =  500, adim =   100
IntOrder is reduced to adim-1
**********************************FINISH********************************************
**********************************FINISH********************************************
 job arguments  /opt/gridengine/default/spool/compute-0-7/job_scripts/124675
+ dmtcp_coordinator --quiet --port 0 --port-file /tmp/124675.1.long/dmtcp_port --ckptdir /home/ckpt/ckpt.124675 --exit-on-last --daemon
+ '[' 0 -ne 0 ']'
+ cp /opt/gridengine/default/spool/compute-0-7/job_scripts/124675 /home/ckpt/ckpt.124675/jobscript
+ shift
+ '[' -n '' ']'
++ cat /tmp/124675.1.long/dmtcp_port
+ exec dmtcp_launch -p 36138 /bin/bash /home/ckpt/ckpt.124675/jobscript
**********************************START********************************************
**********************************START********************************************
echo lambda: 0.25 / COUNTER: 5 / num conf: 04
OMP_NUM_THREADS: 4
HOSTNAME:  compute-0-7.local / QUEUE:  long
Created name-directory: /nashome/mmendez/github_repositories/my_repositories/mctdh_cp2021/double_quantum_dot_model/qdot_02/energies_vs_lambda/study_of_performance_01/double_qd_model_02_5

## WARNING: 
Davidson iteration order must be smaller than A-vector length!
IntOrder =  500, adim =   100
IntOrder is reduced to adim-1
**********************************FINISH********************************************
**********************************FINISH********************************************
 job arguments  /opt/gridengine/default/spool/compute-0-7/job_scripts/124676
+ dmtcp_coordinator --quiet --port 0 --port-file /tmp/124676.1.long/dmtcp_port --ckptdir /home/ckpt/ckpt.124676 --exit-on-last --daemon
+ '[' 0 -ne 0 ']'
+ cp /opt/gridengine/default/spool/compute-0-7/job_scripts/124676 /home/ckpt/ckpt.124676/jobscript
+ shift
+ '[' -n '' ']'
++ cat /tmp/124676.1.long/dmtcp_port
+ exec dmtcp_launch -p 33330 /bin/bash /home/ckpt/ckpt.124676/jobscript
**********************************START********************************************
**********************************START********************************************
echo lambda: 0.30 / COUNTER: 6 / num conf: 04
OMP_NUM_THREADS: 4
HOSTNAME:  compute-0-7.local / QUEUE:  long
Created name-directory: /nashome/mmendez/github_repositories/my_repositories/mctdh_cp2021/double_quantum_dot_model/qdot_02/energies_vs_lambda/study_of_performance_01/double_qd_model_02_6

## WARNING: 
Davidson iteration order must be smaller than A-vector length!
IntOrder =  500, adim =   100
IntOrder is reduced to adim-1
**********************************FINISH********************************************
**********************************FINISH********************************************
 job arguments  /opt/gridengine/default/spool/compute-0-7/job_scripts/124677
+ dmtcp_coordinator --quiet --port 0 --port-file /tmp/124677.1.long/dmtcp_port --ckptdir /home/ckpt/ckpt.124677 --exit-on-last --daemon
+ '[' 0 -ne 0 ']'
+ cp /opt/gridengine/default/spool/compute-0-7/job_scripts/124677 /home/ckpt/ckpt.124677/jobscript
+ shift
+ '[' -n '' ']'
++ cat /tmp/124677.1.long/dmtcp_port
+ exec dmtcp_launch -p 37121 /bin/bash /home/ckpt/ckpt.124677/jobscript
**********************************START********************************************
**********************************START********************************************
echo lambda: 0.35 / COUNTER: 7 / num conf: 04
OMP_NUM_THREADS: 4
HOSTNAME:  compute-0-7.local / QUEUE:  long
Created name-directory: /nashome/mmendez/github_repositories/my_repositories/mctdh_cp2021/double_quantum_dot_model/qdot_02/energies_vs_lambda/study_of_performance_01/double_qd_model_02_7

## WARNING: 
Davidson iteration order must be smaller than A-vector length!
IntOrder =  500, adim =   100
IntOrder is reduced to adim-1
**********************************FINISH********************************************
**********************************FINISH********************************************
 job arguments  /opt/gridengine/default/spool/compute-0-7/job_scripts/124678
+ dmtcp_coordinator --quiet --port 0 --port-file /tmp/124678.1.long/dmtcp_port --ckptdir /home/ckpt/ckpt.124678 --exit-on-last --daemon
+ '[' 0 -ne 0 ']'
+ cp /opt/gridengine/default/spool/compute-0-7/job_scripts/124678 /home/ckpt/ckpt.124678/jobscript
+ shift
+ '[' -n '' ']'
++ cat /tmp/124678.1.long/dmtcp_port
+ exec dmtcp_launch -p 33927 /bin/bash /home/ckpt/ckpt.124678/jobscript
**********************************START********************************************
**********************************START********************************************
echo lambda: 0.40 / COUNTER: 8 / num conf: 04
OMP_NUM_THREADS: 4
HOSTNAME:  compute-0-7.local / QUEUE:  long
Created name-directory: /nashome/mmendez/github_repositories/my_repositories/mctdh_cp2021/double_quantum_dot_model/qdot_02/energies_vs_lambda/study_of_performance_01/double_qd_model_02_8

## WARNING: 
Davidson iteration order must be smaller than A-vector length!
IntOrder =  500, adim =   100
IntOrder is reduced to adim-1
**********************************FINISH********************************************
**********************************FINISH********************************************
 job arguments  /opt/gridengine/default/spool/compute-0-7/job_scripts/124679
+ dmtcp_coordinator --quiet --port 0 --port-file /tmp/124679.1.long/dmtcp_port --ckptdir /home/ckpt/ckpt.124679 --exit-on-last --daemon
+ '[' 0 -ne 0 ']'
+ cp /opt/gridengine/default/spool/compute-0-7/job_scripts/124679 /home/ckpt/ckpt.124679/jobscript
+ shift
+ '[' -n '' ']'
++ cat /tmp/124679.1.long/dmtcp_port
+ exec dmtcp_launch -p 43594 /bin/bash /home/ckpt/ckpt.124679/jobscript
**********************************START********************************************
**********************************START********************************************
echo lambda: 0.45 / COUNTER: 9 / num conf: 04
OMP_NUM_THREADS: 4
HOSTNAME:  compute-0-7.local / QUEUE:  long
Created name-directory: /nashome/mmendez/github_repositories/my_repositories/mctdh_cp2021/double_quantum_dot_model/qdot_02/energies_vs_lambda/study_of_performance_01/double_qd_model_02_9

## WARNING: 
Davidson iteration order must be smaller than A-vector length!
IntOrder =  500, adim =   100
IntOrder is reduced to adim-1
**********************************FINISH********************************************
**********************************FINISH********************************************
 job arguments  /opt/gridengine/default/spool/compute-0-7/job_scripts/124680
+ dmtcp_coordinator --quiet --port 0 --port-file /tmp/124680.1.long/dmtcp_port --ckptdir /home/ckpt/ckpt.124680 --exit-on-last --daemon
+ '[' 0 -ne 0 ']'
+ cp /opt/gridengine/default/spool/compute-0-7/job_scripts/124680 /home/ckpt/ckpt.124680/jobscript
+ shift
+ '[' -n '' ']'
++ cat /tmp/124680.1.long/dmtcp_port
+ exec dmtcp_launch -p 38184 /bin/bash /home/ckpt/ckpt.124680/jobscript
**********************************START********************************************
**********************************START********************************************
echo lambda: 0.50 / COUNTER: 10 / num conf: 04
OMP_NUM_THREADS: 4
HOSTNAME:  compute-0-7.local / QUEUE:  long
Created name-directory: /nashome/mmendez/github_repositories/my_repositories/mctdh_cp2021/double_quantum_dot_model/qdot_02/energies_vs_lambda/study_of_performance_01/double_qd_model_02_10

## WARNING: 
Davidson iteration order must be smaller than A-vector length!
IntOrder =  500, adim =   100
IntOrder is reduced to adim-1
**********************************FINISH********************************************
**********************************FINISH********************************************
 job arguments  /opt/gridengine/default/spool/compute-0-7/job_scripts/124681
+ dmtcp_coordinator --quiet --port 0 --port-file /tmp/124681.1.long/dmtcp_port --ckptdir /home/ckpt/ckpt.124681 --exit-on-last --daemon
+ '[' 0 -ne 0 ']'
+ cp /opt/gridengine/default/spool/compute-0-7/job_scripts/124681 /home/ckpt/ckpt.124681/jobscript
+ shift
+ '[' -n '' ']'
++ cat /tmp/124681.1.long/dmtcp_port
+ exec dmtcp_launch -p 39057 /bin/bash /home/ckpt/ckpt.124681/jobscript
**********************************START********************************************
**********************************START********************************************
echo lambda: 0.55 / COUNTER: 11 / num conf: 04
OMP_NUM_THREADS: 4
HOSTNAME:  compute-0-7.local / QUEUE:  long
Created name-directory: /nashome/mmendez/github_repositories/my_repositories/mctdh_cp2021/double_quantum_dot_model/qdot_02/energies_vs_lambda/study_of_performance_01/double_qd_model_02_11

## WARNING: 
Davidson iteration order must be smaller than A-vector length!
IntOrder =  500, adim =   100
IntOrder is reduced to adim-1
**********************************FINISH********************************************
**********************************FINISH********************************************
 job arguments  /opt/gridengine/default/spool/compute-0-7/job_scripts/124682
+ dmtcp_coordinator --quiet --port 0 --port-file /tmp/124682.1.long/dmtcp_port --ckptdir /home/ckpt/ckpt.124682 --exit-on-last --daemon
+ '[' 0 -ne 0 ']'
+ cp /opt/gridengine/default/spool/compute-0-7/job_scripts/124682 /home/ckpt/ckpt.124682/jobscript
+ shift
+ '[' -n '' ']'
++ cat /tmp/124682.1.long/dmtcp_port
+ exec dmtcp_launch -p 34562 /bin/bash /home/ckpt/ckpt.124682/jobscript
**********************************START********************************************
**********************************START********************************************
echo lambda: 0.60 / COUNTER: 12 / num conf: 04
OMP_NUM_THREADS: 4
HOSTNAME:  compute-0-7.local / QUEUE:  long
Created name-directory: /nashome/mmendez/github_repositories/my_repositories/mctdh_cp2021/double_quantum_dot_model/qdot_02/energies_vs_lambda/study_of_performance_01/double_qd_model_02_12

## WARNING: 
Davidson iteration order must be smaller than A-vector length!
IntOrder =  500, adim =   100
IntOrder is reduced to adim-1
**********************************FINISH********************************************
**********************************FINISH********************************************
 job arguments  /opt/gridengine/default/spool/compute-0-7/job_scripts/124683
+ dmtcp_coordinator --quiet --port 0 --port-file /tmp/124683.1.long/dmtcp_port --ckptdir /home/ckpt/ckpt.124683 --exit-on-last --daemon
+ '[' 0 -ne 0 ']'
+ cp /opt/gridengine/default/spool/compute-0-7/job_scripts/124683 /home/ckpt/ckpt.124683/jobscript
+ shift
+ '[' -n '' ']'
++ cat /tmp/124683.1.long/dmtcp_port
+ exec dmtcp_launch -p 39638 /bin/bash /home/ckpt/ckpt.124683/jobscript
**********************************START********************************************
**********************************START********************************************
echo lambda: 0.65 / COUNTER: 13 / num conf: 04
OMP_NUM_THREADS: 4
HOSTNAME:  compute-0-7.local / QUEUE:  long
Created name-directory: /nashome/mmendez/github_repositories/my_repositories/mctdh_cp2021/double_quantum_dot_model/qdot_02/energies_vs_lambda/study_of_performance_01/double_qd_model_02_13

## WARNING: 
Davidson iteration order must be smaller than A-vector length!
IntOrder =  500, adim =   100
IntOrder is reduced to adim-1
**********************************FINISH********************************************
**********************************FINISH********************************************
 job arguments  /opt/gridengine/default/spool/compute-0-7/job_scripts/124684
+ dmtcp_coordinator --quiet --port 0 --port-file /tmp/124684.1.long/dmtcp_port --ckptdir /home/ckpt/ckpt.124684 --exit-on-last --daemon
+ '[' 0 -ne 0 ']'
+ cp /opt/gridengine/default/spool/compute-0-7/job_scripts/124684 /home/ckpt/ckpt.124684/jobscript
+ shift
+ '[' -n '' ']'
++ cat /tmp/124684.1.long/dmtcp_port
+ exec dmtcp_launch -p 42739 /bin/bash /home/ckpt/ckpt.124684/jobscript
**********************************START********************************************
**********************************START********************************************
echo lambda: 0.70 / COUNTER: 14 / num conf: 04
OMP_NUM_THREADS: 4
HOSTNAME:  compute-0-7.local / QUEUE:  long
Created name-directory: /nashome/mmendez/github_repositories/my_repositories/mctdh_cp2021/double_quantum_dot_model/qdot_02/energies_vs_lambda/study_of_performance_01/double_qd_model_02_14

## WARNING: 
Davidson iteration order must be smaller than A-vector length!
IntOrder =  500, adim =   100
IntOrder is reduced to adim-1
**********************************FINISH********************************************
**********************************FINISH********************************************
 job arguments  /opt/gridengine/default/spool/compute-0-7/job_scripts/124685
+ dmtcp_coordinator --quiet --port 0 --port-file /tmp/124685.1.long/dmtcp_port --ckptdir /home/ckpt/ckpt.124685 --exit-on-last --daemon
+ '[' 0 -ne 0 ']'
+ cp /opt/gridengine/default/spool/compute-0-7/job_scripts/124685 /home/ckpt/ckpt.124685/jobscript
+ shift
+ '[' -n '' ']'
++ cat /tmp/124685.1.long/dmtcp_port
+ exec dmtcp_launch -p 39148 /bin/bash /home/ckpt/ckpt.124685/jobscript
**********************************START********************************************
**********************************START********************************************
echo lambda: 0.75 / COUNTER: 15 / num conf: 04
OMP_NUM_THREADS: 4
HOSTNAME:  compute-0-7.local / QUEUE:  long
Created name-directory: /nashome/mmendez/github_repositories/my_repositories/mctdh_cp2021/double_quantum_dot_model/qdot_02/energies_vs_lambda/study_of_performance_01/double_qd_model_02_15

## WARNING: 
Davidson iteration order must be smaller than A-vector length!
IntOrder =  500, adim =   100
IntOrder is reduced to adim-1
**********************************FINISH********************************************
**********************************FINISH********************************************
 job arguments  /opt/gridengine/default/spool/compute-0-7/job_scripts/124686
+ dmtcp_coordinator --quiet --port 0 --port-file /tmp/124686.1.long/dmtcp_port --ckptdir /home/ckpt/ckpt.124686 --exit-on-last --daemon
+ '[' 0 -ne 0 ']'
+ cp /opt/gridengine/default/spool/compute-0-7/job_scripts/124686 /home/ckpt/ckpt.124686/jobscript
+ shift
+ '[' -n '' ']'
++ cat /tmp/124686.1.long/dmtcp_port
+ exec dmtcp_launch -p 38702 /bin/bash /home/ckpt/ckpt.124686/jobscript
**********************************START********************************************
**********************************START********************************************
echo lambda: 0.80 / COUNTER: 16 / num conf: 04
OMP_NUM_THREADS: 4
HOSTNAME:  compute-0-7.local / QUEUE:  long
[41000] NOTE at processinfo.cpp:203 in growStack; REASON='bottom-most page of stack (page with highest address) was
  invisible in /proc/self/maps. It is made visible again now.'
Created name-directory: /nashome/mmendez/github_repositories/my_repositories/mctdh_cp2021/double_quantum_dot_model/qdot_02/energies_vs_lambda/study_of_performance_01/double_qd_model_02_16

## WARNING: 
Davidson iteration order must be smaller than A-vector length!
IntOrder =  500, adim =   100
IntOrder is reduced to adim-1
**********************************FINISH********************************************
**********************************FINISH********************************************
 job arguments  /opt/gridengine/default/spool/compute-0-7/job_scripts/124687
+ dmtcp_coordinator --quiet --port 0 --port-file /tmp/124687.1.long/dmtcp_port --ckptdir /home/ckpt/ckpt.124687 --exit-on-last --daemon
+ '[' 0 -ne 0 ']'
+ cp /opt/gridengine/default/spool/compute-0-7/job_scripts/124687 /home/ckpt/ckpt.124687/jobscript
+ shift
+ '[' -n '' ']'
++ cat /tmp/124687.1.long/dmtcp_port
+ exec dmtcp_launch -p 43522 /bin/bash /home/ckpt/ckpt.124687/jobscript
**********************************START********************************************
**********************************START********************************************
echo lambda: 0.85 / COUNTER: 17 / num conf: 04
OMP_NUM_THREADS: 4
HOSTNAME:  compute-0-7.local / QUEUE:  long
Created name-directory: /nashome/mmendez/github_repositories/my_repositories/mctdh_cp2021/double_quantum_dot_model/qdot_02/energies_vs_lambda/study_of_performance_01/double_qd_model_02_17

## WARNING: 
Davidson iteration order must be smaller than A-vector length!
IntOrder =  500, adim =   100
IntOrder is reduced to adim-1
**********************************FINISH********************************************
**********************************FINISH********************************************
 job arguments  /opt/gridengine/default/spool/compute-0-7/job_scripts/124688
+ dmtcp_coordinator --quiet --port 0 --port-file /tmp/124688.1.long/dmtcp_port --ckptdir /home/ckpt/ckpt.124688 --exit-on-last --daemon
+ '[' 0 -ne 0 ']'
+ cp /opt/gridengine/default/spool/compute-0-7/job_scripts/124688 /home/ckpt/ckpt.124688/jobscript
+ shift
+ '[' -n '' ']'
++ cat /tmp/124688.1.long/dmtcp_port
+ exec dmtcp_launch -p 39251 /bin/bash /home/ckpt/ckpt.124688/jobscript
**********************************START********************************************
**********************************START********************************************
echo lambda: 0.90 / COUNTER: 18 / num conf: 04
OMP_NUM_THREADS: 4
HOSTNAME:  compute-0-7.local / QUEUE:  long
Created name-directory: /nashome/mmendez/github_repositories/my_repositories/mctdh_cp2021/double_quantum_dot_model/qdot_02/energies_vs_lambda/study_of_performance_01/double_qd_model_02_18

## WARNING: 
Davidson iteration order must be smaller than A-vector length!
IntOrder =  500, adim =   100
IntOrder is reduced to adim-1
**********************************FINISH********************************************
**********************************FINISH********************************************
 job arguments  /opt/gridengine/default/spool/compute-0-7/job_scripts/124689
+ dmtcp_coordinator --quiet --port 0 --port-file /tmp/124689.1.long/dmtcp_port --ckptdir /home/ckpt/ckpt.124689 --exit-on-last --daemon
+ '[' 0 -ne 0 ']'
+ cp /opt/gridengine/default/spool/compute-0-7/job_scripts/124689 /home/ckpt/ckpt.124689/jobscript
+ shift
+ '[' -n '' ']'
++ cat /tmp/124689.1.long/dmtcp_port
+ exec dmtcp_launch -p 38565 /bin/bash /home/ckpt/ckpt.124689/jobscript
**********************************START********************************************
**********************************START********************************************
echo lambda: 0.95 / COUNTER: 19 / num conf: 04
OMP_NUM_THREADS: 4
HOSTNAME:  compute-0-7.local / QUEUE:  long
Created name-directory: /nashome/mmendez/github_repositories/my_repositories/mctdh_cp2021/double_quantum_dot_model/qdot_02/energies_vs_lambda/study_of_performance_01/double_qd_model_02_19

## WARNING: 
Davidson iteration order must be smaller than A-vector length!
IntOrder =  500, adim =   100
IntOrder is reduced to adim-1
**********************************FINISH********************************************
**********************************FINISH********************************************
 job arguments  /opt/gridengine/default/spool/compute-0-7/job_scripts/124690
+ dmtcp_coordinator --quiet --port 0 --port-file /tmp/124690.1.long/dmtcp_port --ckptdir /home/ckpt/ckpt.124690 --exit-on-last --daemon
+ '[' 0 -ne 0 ']'
+ cp /opt/gridengine/default/spool/compute-0-7/job_scripts/124690 /home/ckpt/ckpt.124690/jobscript
+ shift
+ '[' -n '' ']'
++ cat /tmp/124690.1.long/dmtcp_port
+ exec dmtcp_launch -p 33708 /bin/bash /home/ckpt/ckpt.124690/jobscript
**********************************START********************************************
**********************************START********************************************
echo lambda: 1.00 / COUNTER: 20 / num conf: 04
OMP_NUM_THREADS: 4
HOSTNAME:  compute-0-7.local / QUEUE:  long
Created name-directory: /nashome/mmendez/github_repositories/my_repositories/mctdh_cp2021/double_quantum_dot_model/qdot_02/energies_vs_lambda/study_of_performance_01/double_qd_model_02_20

## WARNING: 
Davidson iteration order must be smaller than A-vector length!
IntOrder =  500, adim =   100
IntOrder is reduced to adim-1
**********************************FINISH********************************************
**********************************FINISH********************************************
