
--------------------------------------------------------------------------------
****** Source code version ******

Program Version :     8
Release         :     5
Revision        :     6

Heidelberg SVN repository no.: 839
Checkin date: Fri, 25 Nov 2016, 15:40:21
Compiled: Thu, 30 Sep 2021, 18:59:23 ; Host: federico-X510UQR
Program name: showd1d85
--------------------------------------------------------------------------------

  *** Memory allocated dynamically ***
 complex*16 :          10
 real*8     :      503502
 integer    :           4
 logical    :           2
 complex*8  :           2
 real*4     :        1002
 Total   :        4032448. Bytes ,       3.85 MB
--------------------------------------------------------------------------------

gridpop : /home/federico/Dropbox/trabajo/estudiantes/martin/mctdh_cp2021/double_quantum_dot_model/qdot_02/double_qd_model_02/gridpop
dvr     : /home/federico/Dropbox/trabajo/estudiantes/martin/mctdh_cp2021/double_quantum_dot_model/qdot_02/double_qd_model_02/dvr
output  : /home/federico/Dropbox/trabajo/estudiantes/martin/mctdh_cp2021/double_quantum_dot_model/qdot_02/double_qd_model_02/den1d_f2
--------------------------------------------------------------------------------

